3706 3707
3441 3442
3019 3020
3538 3538
3727 3727
3163 3164
3739 3739
3595 3596
3496 3496
3803 3804
3091 3091
3542 3543
3413 3414
3403 3404
3379 3379
3635 3636
3062 3063
3233 3234
3315 3315
3903 3903
2875 2875
3925 3925
4273 4273
3598 3598
3434 3435
2989 2990
3755 3756
3497 3497
3454 3454
3794 3794
3620 3621
2993 2993
4091 4092
3313 3313
3232 3233
3506 3506
3260 3260
3188 3188
3042 3042
3624 3625
3565 3566
3702 3702
3398 3398
3632 3633
3823 3824
3294 3294
3659 3660
3615 3616
3181 3181
3757 3758
3529 3530
3397 3397
3465 3466
3378 3378
3783 3784
3862 3862
3206 3206
3675 3676
3159 3159
3171 3172
3892 3892
3786 3787
3543 3543
3427 3428
3612 3613
3517 3518
3228 3228
4023 4023
3315 3315
3396 3397
3792 3793
3356 3357
3209 3210
3219 3219
3204 3204
2775 2775
3831 3831
3501 3502
3471 3472
3754 3755
3186 3187
3511 3511
3841 3842
3718 3718
2661 2661
3388 3389
3535 3536
3691 3691
3982 3982
3857 3858
3206 3207
2962 2963
3312 3312
3903 3904
3608 3608
4423 4424
3550 3550
3667 3667
3353 3353
3910 3910
3019 3019
3656 3656
3638 3638
3141 3142
3894 3894
3257 3257
3104 3104
4198 4199
3430 3431
3916 3916
3069 3069
3933 3933
3670 3671
3742 3742
3426 3426
3903 3903
3522 3523
3464 3464
3039 3039
3344 3345
3250 3251
3581 3581
3361 3362
3235 3235
3752 3752
3266 3267
3088 3088
3683 3684
3773 3774
3143 3144
3490 3491
4024 4025
3012 3013
3904 3905
3975 3975
3601 3602
3419 3420
3406 3407
3288 3288
3193 3193
3270 3270
3076 3076
2819 2820
3408 3409
3333 3334
3633 3634
3438 3439
3233 3233
3442 3443
3628 3628
