3784 3784
3739 3740
3466 3467
3299 3300
3769 3769
3623 3623
3466 3467
3456 3457
3050 3050
3890 3891
3634 3634
3415 3416
4107 4108
3606 3607
2997 2997
3075 3075
3776 3776
3579 3579
3358 3359
3665 3665
2925 2926
3055 3055
3909 3909
3902 3902
2839 2839
4025 4026
3561 3562
3583 3584
3418 3418
3356 3357
3199 3200
3291 3291
2826 2827
3377 3377
3548 3548
3234 3235
2851 2852
3563 3564
3307 3307
3234 3235
3522 3522
3426 3427
3528 3528
3376 3376
3922 3922
2587 2588
3455 3456
3660 3660
3720 3721
3479 3479
3903 3903
3798 3799
3681 3682
3041 3041
3685 3685
4583 4584
3523 3523
3500 3501
3379 3380
3618 3619
3026 3026
3078 3078
3843 3844
3383 3383
3548 3548
3230 3230
3621 3622
2933 2933
3162 3162
4056 4056
3550 3551
3407 3407
4047 4047
3311 3312
3430 3430
3501 3501
3794 3794
3011 3011
3787 3787
3572 3573
3180 3180
3990 3991
3799 3799
3121 3121
3468 3469
3866 3867
3656 3656
4178 4179
3476 3477
3465 3465
3267 3268
3798 3798
3387 3387
3249 3249
3468 3469
3152 3153
2717 2718
2943 2943
3280 3281
3633 3634
3293 3294
3037 3037
3886 3887
3686 3687
3448 3448
3218 3218
3410 3411
3331 3332
3028 3029
3439 3439
3632 3633
3714 3715
3271 3271
3436 3436
3328 3329
3733 3734
3049 3050
3759 3759
3591 3591
3303 3304
3484 3485
3898 3898
2649 2650
3790 3791
3452 3452
3632 3633
3666 3667
2496 2497
3573 3574
3279 3280
3236 3236
3074 3074
3708 3708
3213 3213
3048 3048
4049 4050
3349 3349
3373 3374
3380 3381
3849 3849
3230 3230
3850 3850
3743 3743
3684 3684
3507 3507
4094 4094
3657 3657
3205 3206
3636 3637
3414 3414
