3116 3117
3318 3319
3515 3515
3242 3242
3995 3995
3730 3731
3494 3495
3380 3380
2864 2864
3491 3492
4346 4346
3842 3842
3525 3525
3682 3683
3241 3241
4144 4145
3107 3108
3332 3332
3284 3284
3012 3013
3365 3365
3762 3762
3261 3262
3934 3934
3313 3313
4322 4323
3256 3257
2864 2865
3761 3762
3314 3314
3182 3182
3609 3609
3390 3390
3378 3378
3874 3874
4363 4363
3131 3131
4043 4043
3756 3756
3586 3587
3024 3025
3292 3292
2938 2938
3697 3698
3013 3014
3644 3644
3375 3376
3694 3694
4148 4149
4301 4301
3357 3357
3718 3719
3885 3885
3729 3730
3521 3522
3835 3835
3809 3810
3763 3764
3700 3700
3445 3445
3185 3186
3816 3816
3795 3795
3537 3538
3983 3984
3220 3221
3786 3787
3818 3819
4109 4109
3658 3658
3378 3378
3465 3466
3530 3531
3212 3212
3774 3775
3800 3801
3378 3378
3659 3660
3274 3274
2967 2967
3266 3267
3400 3401
3144 3145
3037 3038
3502 3503
3459 3460
3992 3992
3513 3514
3347 3347
3191 3191
3482 3482
4048 4049
3702 3703
3573 3573
3238 3239
3529 3530
3614 3615
3047 3048
2890 2891
3892 3892
3234 3235
3670 3670
3662 3662
3842 3843
3541 3542
3120 3120
3547 3548
3461 3461
3899 3899
3657 3657
3416 3416
3441 3442
3672 3672
3350 3351
3079 3079
3461 3462
3271 3272
2951 2951
3450 3450
3200 3200
3222 3223
3637 3638
3534 3535
3516 3516
3747 3748
3456 3457
3940 3940
3654 3654
3603 3603
2956 2957
3154 3154
3791 3792
3423 3423
3662 3662
3339 3339
3381 3381
3147 3148
2863 2864
3183 3184
3119 3120
3558 3558
3238 3238
3288 3288
3119 3119
3600 3601
3712 3712
3668 3668
3518 3519
3250 3251
3404 3404
