3874 3874
3324 3325
3852 3853
3625 3626
3253 3253
3362 3363
3352 3352
3260 3261
4087 4088
3131 3132
3440 3440
3502 3502
3348 3349
3551 3551
3609 3610
3786 3786
3072 3072
4026 4026
3888 3889
4307 4307
3499 3499
3645 3646
3507 3508
2900 2900
3595 3596
3295 3295
3444 3445
3859 3859
2980 2981
3659 3660
3505 3505
3301 3301
3706 3707
3559 3560
3793 3794
3348 3349
4051 4051
3777 3777
3402 3402
3878 3879
3305 3305
3836 3836
3512 3513
3216 3216
3564 3564
3041 3041
3320 3321
3576 3576
3461 3462
3171 3172
3856 3857
3746 3747
3176 3176
3725 3725
3431 3432
4072 4073
3323 3323
3534 3534
2836 2837
2770 2770
3421 3421
3963 3964
3915 3916
3387 3387
3506 3506
3302 3302
3506 3507
3292 3293
2853 2854
3071 3072
3503 3503
3564 3565
3458 3458
3549 3550
3357 3357
2899 2900
3694 3695
3319 3320
3794 3795
3178 3179
3737 3738
3731 3731
3623 3624
3443 3443
3813 3813
3780 3780
3763 3763
3386 3387
2891 2892
3367 3368
3238 3238
3518 3518
2890 2891
3246 3246
3685 3685
3391 3392
3722 3722
3299 3299
3456 3457
3954 3954
4130 4131
3726 3727
3312 3312
3686 3687
3556 3557
3197 3198
3893 3894
3674 3675
3719 3720
3619 3619
3341 3342
3544 3544
3816 3817
3763 3764
3760 3761
3098 3098
3687 3688
3651 3652
3128 3128
4069 4070
3568 3568
3858 3858
3608 3608
3523 3523
4300 4300
3403 3403
3440 3440
3527 3527
3281 3281
3332 3333
2943 2944
3371 3372
3378 3379
3282 3283
3441 3442
3765 3765
3555 3555
3888 3889
3865 3865
3762 3763
3777 3778
3597 3598
3482 3482
3361 3361
4040 4041
3567 3568
3490 3490
4072 4072
3774 3775
3870 3871
