3014 3015
3539 3539
3886 3887
3374 3374
3503 3504
3153 3153
3681 3682
3503 3504
3682 3682
3957 3957
3895 3895
3400 3401
3660 3660
3433 3433
3748 3749
3434 3435
3437 3438
3519 3520
3654 3655
3540 3540
2909 2910
3788 3789
3264 3265
3375 3375
4000 4000
4074 4074
3338 3339
4045 4045
3556 3556
3835 3835
3393 3394
3508 3508
3548 3548
3064 3065
3505 3505
3513 3513
3360 3361
3752 3752
2993 2993
3350 3350
3467 3467
3131 3132
3329 3329
3218 3219
3487 3488
3807 3807
3962 3963
3382 3382
3445 3446
3252 3252
3613 3614
3633 3634
3577 3577
3949 3950
3306 3306
3365 3365
3633 3634
3110 3110
3300 3300
3761 3761
3781 3781
3413 3413
3437 3438
2944 2945
3234 3234
3364 3364
3307 3308
3470 3471
3618 3618
3457 3457
3321 3321
3817 3817
3292 3293
3671 3671
3429 3430
3593 3593
3495 3496
3910 3911
3322 3322
3444 3444
3791 3792
3461 3462
3310 3311
3086 3086
3578 3578
3322 3323
3375 3376
3767 3767
3719 3720
3449 3449
3314 3315
3313 3313
3088 3088
3840 3841
3519 3520
3918 3919
3834 3834
3748 3748
3539 3539
3451 3452
3489 3490
3254 3254
3904 3904
4175 4176
3576 3577
2737 2737
3652 3653
3450 3450
3380 3381
3281 3281
3719 3720
3536 3536
3606 3606
3357 3357
3754 3755
3369 3369
3450 3451
3602 3602
3218 3219
3004 3005
3695 3695
3340 3340
3268 3269
3466 3466
4052 4052
3012 3013
4012 4012
4125 4126
3408 3408
4015 4015
3889 3889
3937 3937
3979 3980
3646 3647
3560 3560
3865 3866
3576 3577
3913 3913
3129 3130
3436 3437
3623 3623
3371 3372
3395 3396
3475 3475
3766 3767
2910 2911
3586 3587
3977 3977
3763 3763
3470 3470
