3750 3751
3208 3208
3489 3489
3749 3749
2946 2946
3090 3090
3363 3364
3675 3675
3783 3784
3287 3288
3496 3496
3086 3087
3158 3158
3473 3474
3580 3580
3498 3499
3204 3205
3197 3198
3443 3443
4219 4220
3792 3792
3043 3044
3087 3087
3666 3666
3718 3718
3665 3666
3420 3420
3248 3248
3853 3854
3257 3257
3402 3403
3240 3241
3029 3030
3644 3644
3225 3225
3699 3700
3677 3678
3520 3521
3702 3702
3653 3654
3922 3922
3711 3711
3917 3917
3841 3842
3277 3277
3367 3367
4039 4039
3353 3353
4099 4100
3039 3039
3602 3602
3634 3635
3563 3563
3482 3482
2949 2949
3350 3351
3877 3878
3480 3480
3712 3712
3340 3341
3028 3028
3984 3985
3987 3988
3453 3453
3282 3283
4042 4042
3134 3134
3078 3078
3458 3458
3891 3892
3882 3882
3514 3515
3347 3347
3355 3356
3099 3100
3435 3435
4100 4100
3356 3356
3639 3640
3125 3126
3053 3054
4344 4345
3335 3336
3772 3772
3281 3282
3640 3640
3339 3339
4027 4027
3367 3368
3331 3331
3117 3117
3119 3119
3249 3250
2999 3000
3699 3700
3306 3307
3289 3289
3984 3985
3398 3398
3314 3314
3481 3482
3015 3015
3093 3093
4021 4021
2989 2989
3750 3751
3823 3824
3705 3705
3411 3411
3806 3807
3934 3935
3400 3400
3727 3727
3406 3407
3751 3752
3638 3638
2877 2878
3684 3685
3310 3310
3283 3283
3884 3884
4019 4019
4381 4381
3562 3563
3207 3207
4292 4292
3703 3703
3378 3378
4027 4027
3218 3219
3237 3237
3237 3237
3407 3408
3787 3788
3435 3435
4220 4221
3606 3606
3752 3753
3360 3361
4296 4297
3368 3368
2885 2885
3779 3779
3578 3578
3891 3891
3406 3407
3140 3141
3510 3511
3211 3211
3424 3424
