3450 3450
3563 3563
3367 3368
3423 3423
3498 3498
3226 3226
3538 3538
2965 2966
3498 3499
3432 3432
3300 3301
3246 3247
2889 2889
2931 2931
3261 3262
3913 3914
3663 3663
2640 2641
3661 3662
3937 3937
3242 3242
4080 4080
3456 3456
3340 3341
3458 3459
4123 4123
3550 3551
3564 3565
3642 3643
3833 3833
3694 3695
3533 3533
4346 4346
3969 3969
3441 3441
2946 2946
3956 3956
3692 3692
3643 3643
3521 3522
3711 3712
3355 3355
3723 3724
3422 3423
3852 3852
3224 3224
3213 3214
3484 3484
3299 3299
3691 3692
3509 3509
3469 3469
3197 3197
3672 3673
3887 3888
3477 3477
3575 3575
3509 3509
3441 3441
3624 3624
2919 2920
3038 3038
3933 3934
2243 2243
3371 3372
3519 3520
3448 3449
4104 4105
3904 3905
3491 3491
3809 3810
4046 4047
3743 3744
3233 3234
3494 3494
3405 3405
3206 3206
3726 3727
3522 3522
3456 3457
3490 3491
3753 3754
3804 3804
3637 3638
4113 4113
3545 3545
3469 3470
2907 2908
3799 3799
3376 3377
3691 3691
3862 3862
3472 3472
3564 3565
3510 3511
2908 2908
3855 3855
3976 3977
3404 3404
3829 3829
3016 3017
3807 3807
3315 3315
3728 3728
3476 3476
4038 4038
3513 3513
3851 3851
3411 3412
3539 3540
3661 3661
3984 3984
3894 3894
3157 3157
3274 3275
3951 3952
3554 3554
3432 3433
4302 4302
3464 3465
3486 3487
3166 3166
3808 3809
3239 3240
3373 3373
2756 2756
3790 3790
3436 3436
3563 3564
3284 3285
3159 3159
3901 3902
3801 3801
3708 3709
3137 3137
3610 3610
3627 3627
3325 3326
3365 3365
3498 3499
3332 3332
3762 3762
3141 3142
2716 2716
3810 3810
3888 3889
3070 3070
3725 3725
3694 3694
3415 3416
