3463 3464
3020 3021
3163 3164
3332 3333
3315 3315
3806 3807
3515 3515
3330 3330
3366 3367
3385 3385
3921 3921
3424 3424
3471 3472
3413 3414
3028 3028
3340 3341
3516 3516
3661 3662
4015 4016
3918 3918
3857 3858
3895 3896
2992 2993
3186 3187
3077 3078
3876 3877
3878 3879
3779 3780
3574 3575
3687 3687
3852 3853
2942 2942
4027 4028
3388 3388
3587 3587
3754 3754
3647 3648
3445 3446
3613 3614
3456 3457
3404 3405
3331 3331
3504 3505
3346 3346
3503 3503
3289 3290
3389 3389
4183 4183
3414 3415
3530 3530
3594 3595
3567 3568
3494 3495
4201 4202
3554 3554
2979 2980
3729 3729
3275 3276
3698 3699
3781 3782
3505 3505
3871 3871
3416 3417
3817 3818
3105 3106
3427 3427
3095 3095
3750 3750
3588 3588
3418 3419
3838 3838
3552 3552
3487 3488
4181 4182
3854 3855
3521 3522
3809 3809
3483 3484
3628 3629
3320 3320
3825 3825
3467 3467
3994 3995
2985 2985
3681 3681
3649 3650
3320 3320
4124 4124
3231 3232
3288 3288
3444 3445
3711 3711
3286 3287
3917 3917
3103 3103
3763 3763
3773 3774
3263 3263
3515 3516
3966 3966
3358 3358
3132 3132
3205 3206
3454 3455
3489 3489
3544 3544
3843 3843
3500 3500
3626 3626
3575 3575
2913 2913
2950 2951
3035 3036
3238 3239
2936 2936
3232 3233
3780 3780
3819 3819
3141 3142
2953 2954
3338 3338
3388 3389
2956 2956
3267 3267
3696 3697
2822 2822
3717 3718
3019 3019
3632 3632
3353 3353
3446 3447
3442 3442
3212 3212
3862 3863
3764 3765
3260 3261
3727 3728
4022 4022
3873 3874
3835 3835
3224 3224
3756 3756
3230 3231
3869 3869
4079 4079
3669 3670
4135 4135
3264 3265
3254 3255
3274 3275
