3617 3617
3334 3335
4288 4288
3203 3204
3353 3353
3252 3253
3880 3880
3380 3380
2846 2846
3544 3544
2989 2990
3022 3023
3508 3509
2717 2717
3882 3883
3638 3639
3752 3752
3008 3009
4151 4151
3704 3705
3876 3877
3926 3926
3414 3414
3772 3773
3772 3772
3127 3127
3191 3192
3804 3805
3958 3959
3364 3364
3703 3703
3070 3071
4044 4045
3509 3510
3169 3169
3537 3537
3135 3136
3398 3398
3903 3903
3656 3656
3662 3662
3629 3630
3783 3783
3426 3427
3723 3723
3555 3555
3403 3404
3524 3524
3523 3523
3359 3359
4335 4335
3246 3246
3645 3645
3271 3271
3539 3539
3688 3689
3565 3565
3562 3562
3643 3643
3505 3506
3850 3851
3562 3562
3808 3809
3503 3503
3542 3543
3133 3134
3937 3938
4027 4028
3214 3215
3960 3960
3470 3471
3518 3518
2984 2984
3028 3029
3269 3269
2891 2891
3206 3207
3602 3603
3641 3642
3540 3540
2779 2780
3321 3321
3266 3266
3030 3031
3116 3117
3504 3504
3485 3485
3814 3815
3827 3827
3670 3671
3849 3849
3292 3292
3362 3362
3127 3127
3042 3042
3489 3490
3483 3483
3972 3972
3168 3169
3285 3285
3174 3175
3459 3459
3221 3221
3607 3607
3703 3704
3882 3883
3410 3410
3531 3531
3782 3782
3256 3257
3382 3383
3034 3035
3432 3432
3325 3325
3683 3684
3514 3515
3284 3285
3179 3179
3727 3728
3671 3671
3723 3723
3672 3672
3313 3314
3988 3988
3881 3881
3956 3956
3900 3901
3801 3801
3767 3768
3417 3418
2948 2948
3398 3398
2806 2807
3474 3474
3566 3566
2779 2780
3343 3344
3753 3754
4415 4415
3469 3469
3996 3996
4000 4000
3541 3542
3335 3335
3843 3843
3251 3251
3534 3535
3209 3209
3552 3553
3590 3591
