4011 4011
3524 3524
3712 3712
2965 2966
3493 3494
3505 3506
3883 3883
3325 3325
3706 3707
2997 2998
3557 3557
3826 3826
4075 4075
3505 3506
3778 3778
3337 3338
3332 3333
2933 2933
4297 4297
3328 3328
4136 4136
3730 3730
3542 3542
3483 3483
3636 3636
3625 3625
3814 3815
3522 3522
3212 3212
3390 3390
2769 2770
2740 2740
3911 3912
3374 3375
3382 3382
3104 3104
3516 3516
3837 3838
3969 3969
3549 3549
3880 3881
3195 3195
3412 3412
3806 3807
3173 3174
3240 3241
3336 3337
3069 3069
3476 3476
3579 3580
3603 3603
3462 3462
3985 3986
3614 3614
3241 3242
3345 3345
3331 3331
3620 3620
3061 3062
3652 3653
3291 3291
3453 3453
3419 3420
3355 3356
3273 3273
3921 3921
3728 3729
3747 3747
3213 3213
3271 3271
3599 3599
2739 2740
3646 3647
3792 3792
3209 3209
3755 3756
3738 3739
3260 3261
3330 3330
3209 3209
3290 3290
3672 3673
3393 3394
2735 2736
3864 3865
3770 3770
3385 3386
3257 3258
3747 3747
3988 3989
3409 3410
3412 3412
3878 3878
3668 3669
3264 3264
3614 3614
3596 3597
3168 3168
3121 3122
3802 3803
3038 3039
3616 3616
4029 4029
3971 3972
2959 2959
3670 3670
3494 3495
3562 3563
3454 3454
2938 2939
3464 3465
3506 3507
3479 3480
3563 3564
3766 3766
3688 3689
3234 3234
3321 3321
3344 3345
3400 3401
3177 3178
3643 3644
3458 3459
3544 3544
3357 3358
4394 4394
3525 3525
3611 3611
3050 3050
3268 3269
3612 3613
3466 3467
3809 3809
3570 3570
3167 3167
3550 3551
3165 3166
3574 3575
2946 2946
3555 3555
3329 3329
2989 2990
3450 3450
3462 3463
3561 3561
3299 3299
3478 3478
3352 3352
3548 3548
3458 3459
