3597 3597
3635 3636
2911 2912
3415 3416
3670 3671
3630 3630
4007 4007
3296 3296
3164 3165
3922 3922
4224 4225
3739 3740
3284 3285
3387 3388
3101 3101
3042 3043
2900 2900
3526 3527
3094 3094
4113 4113
3309 3309
3255 3255
3484 3484
3892 3892
3730 3731
3434 3434
3609 3610
3656 3656
3943 3943
3090 3091
2708 2708
3716 3716
3473 3473
3123 3124
2695 2695
3718 3719
3304 3304
3564 3564
3788 3789
3175 3175
3618 3619
3792 3793
3714 3714
3753 3754
3805 3806
3176 3177
3806 3806
3399 3399
3173 3173
3961 3961
3096 3097
3805 3805
3320 3321
3627 3627
3486 3486
3188 3189
4342 4342
3276 3277
3479 3480
4034 4035
3300 3301
3429 3429
3167 3168
3612 3612
3504 3504
3193 3193
3445 3445
2638 2639
3572 3573
3570 3571
3623 3624
3591 3591
3236 3236
3838 3839
3523 3523
3768 3769
3535 3535
3282 3282
2930 2931
3199 3199
3273 3273
3586 3587
3997 3997
3334 3335
3267 3267
3250 3250
3904 3904
3734 3734
3493 3493
3655 3656
3595 3596
2897 2898
3084 3085
3635 3635
3393 3393
3712 3712
3434 3435
3783 3784
3641 3642
3639 3639
4015 4015
3019 3019
3610 3610
2569 2570
4014 4014
3694 3695
3571 3571
3601 3601
3789 3789
3630 3630
3503 3503
3550 3551
3730 3731
3352 3353
3497 3498
4043 4043
3610 3611
3427 3427
2959 2959
3189 3189
3554 3554
3608 3608
3764 3764
3350 3350
3879 3880
3631 3632
4020 4021
3601 3602
3312 3313
4085 4085
4019 4019
3377 3377
3518 3518
3330 3330
3712 3713
3305 3305
4261 4261
3501 3502
3489 3489
3419 3419
2881 2881
3586 3586
3486 3486
3453 3453
4271 4272
3599 3600
3500 3501
3594 3594
3804 3805
3293 3294
