3288 3289
3727 3728
3520 3521
3922 3922
3951 3951
3030 3031
3976 3977
2800 2800
3391 3392
3447 3448
3085 3085
3193 3194
3036 3037
3878 3879
3207 3207
3352 3352
3818 3818
3241 3241
3265 3266
3601 3601
2949 2949
3080 3081
3414 3414
3171 3172
3878 3879
3318 3318
3808 3808
3321 3321
3550 3550
3814 3815
3457 3458
4014 4015
3073 3074
3366 3366
3775 3776
2766 2766
3563 3563
3065 3066
3488 3488
3535 3536
3215 3215
3552 3552
3673 3674
3497 3497
3684 3684
3175 3175
3613 3613
3577 3577
4073 4073
3526 3526
3160 3161
3954 3955
3856 3856
3621 3621
4052 4053
3595 3595
2949 2949
3687 3687
3560 3561
3453 3454
3783 3783
3093 3093
3641 3641
3778 3779
3691 3692
3316 3317
3844 3845
3880 3881
3661 3661
3948 3949
3295 3296
3539 3540
3603 3603
3019 3019
3256 3257
3325 3326
3594 3594
4084 4085
3195 3196
3682 3682
3550 3550
3085 3085
3295 3295
3414 3414
3731 3732
3085 3086
3165 3165
3680 3680
3499 3499
4349 4350
3467 3468
3150 3151
3291 3291
2965 2966
3390 3390
3698 3698
3338 3338
3077 3077
3474 3475
3799 3799
3823 3823
3898 3898
3595 3595
3121 3121
3894 3894
3179 3179
3414 3414
3680 3680
3631 3632
3352 3352
3179 3179
3604 3604
3528 3529
3546 3547
3532 3533
3821 3822
3311 3311
3492 3493
3549 3550
3365 3365
3729 3730
3198 3199
4130 4130
3424 3425
3476 3477
3151 3152
4191 4191
3352 3353
3158 3158
3236 3236
3129 3130
3322 3322
3089 3089
3642 3642
3147 3147
3572 3572
3368 3368
3178 3178
3692 3692
3996 3997
3514 3515
3246 3246
2822 2823
3581 3582
3624 3624
3614 3615
3623 3623
4042 4042
3135 3135
3584 3584
