3676 3676
4154 4155
4320 4320
3204 3204
4068 4068
3002 3002
3312 3312
3677 3678
3467 3467
3750 3751
3384 3385
3455 3456
3459 3460
3192 3192
3431 3432
3024 3024
3462 3463
3512 3512
3193 3193
3317 3317
3513 3513
3905 3905
3234 3235
3748 3749
3509 3510
3587 3587
4186 4186
3207 3207
3760 3760
4107 4108
2984 2984
4096 4096
3019 3019
3550 3551
3549 3550
3501 3501
4074 4075
3518 3518
3286 3286
3212 3212
3601 3602
3439 3440
3009 3010
3131 3132
3198 3198
3583 3584
3183 3183
2978 2979
4132 4132
3235 3236
3421 3421
3459 3459
2939 2939
3361 3362
3070 3071
3851 3851
3919 3919
3566 3567
3565 3565
3521 3521
3552 3552
3636 3637
3366 3366
3242 3243
3173 3173
3415 3416
3053 3054
3159 3160
3741 3741
3640 3640
3619 3619
4023 4024
3857 3858
2828 2829
2854 2855
3733 3734
3511 3512
3086 3086
3256 3256
3228 3228
3591 3592
3116 3117
3325 3325
3814 3815
2743 2743
3147 3148
3877 3878
3430 3430
3264 3264
3354 3355
3599 3599
3330 3330
3761 3762
3696 3696
3054 3054
3174 3174
3652 3652
3527 3528
3055 3056
3280 3281
3532 3532
3712 3713
3264 3265
3552 3553
3430 3431
3700 3700
3934 3934
2921 2921
3892 3892
3525 3525
3235 3236
2954 2955
3287 3287
3219 3220
3814 3814
3334 3334
2994 2995
3370 3371
3880 3880
3395 3396
3833 3834
3241 3242
2885 2885
4030 4030
3896 3896
3856 3856
3778 3778
3289 3290
4284 4284
3828 3828
3214 3215
3656 3656
3069 3070
3575 3575
3968 3968
3524 3525
3467 3467
4054 4054
3087 3087
3545 3545
3384 3385
3711 3712
3048 3048
4263 4264
3235 3236
3201 3202
3124 3125
3568 3568
3897 3898
3679 3680
