3156 3156
2907 2907
3205 3205
3426 3426
3676 3677
3219 3220
3444 3445
3022 3023
3524 3525
3765 3765
3441 3441
3898 3899
3522 3522
3845 3846
3618 3619
3563 3563
3352 3353
3428 3429
3420 3420
2573 2574
3012 3012
3702 3703
3355 3356
3573 3573
3754 3754
3678 3678
4168 4168
3212 3213
3505 3506
3115 3116
3670 3670
3638 3638
3446 3447
2847 2847
3731 3732
3793 3794
4044 4044
4483 4484
3698 3699
3370 3371
3151 3151
3354 3354
3519 3520
3314 3314
3352 3353
3580 3581
3669 3670
3393 3393
3258 3258
3710 3710
3892 3893
3147 3148
3182 3183
3762 3762
3738 3739
3621 3622
3781 3782
3929 3930
3568 3568
3004 3004
3383 3383
2838 2838
3586 3586
3327 3327
3609 3610
3194 3194
3448 3448
3370 3370
3353 3354
3443 3444
3204 3205
3622 3622
3382 3383
3239 3239
3464 3465
3801 3801
3487 3488
3240 3241
3948 3948
3860 3860
3282 3283
3652 3652
3407 3408
2826 2827
3724 3724
3569 3569
3599 3600
3816 3817
3566 3567
3118 3119
3143 3144
3433 3433
4135 4135
3324 3324
3359 3360
3802 3802
3855 3855
2926 2926
3256 3257
3724 3725
3556 3557
3599 3599
3508 3508
2959 2960
3918 3918
3579 3580
4374 4374
3914 3915
3229 3230
3178 3178
3451 3451
3489 3490
3596 3596
4059 4059
3403 3403
3170 3170
3839 3840
3547 3548
3322 3323
3973 3974
3699 3700
3201 3201
3408 3409
4009 4010
3427 3428
3551 3552
3330 3331
3294 3294
3400 3401
3399 3399
3506 3506
3824 3825
3325 3325
3091 3092
3809 3810
3361 3361
4127 4128
3548 3549
3622 3622
3515 3516
4268 4269
3256 3256
3050 3050
3245 3246
3229 3229
3323 3323
3036 3037
3025 3026
3596 3596
3066 3066
