3937 3938
3511 3512
4125 4125
3768 3769
3463 3464
3651 3651
3235 3235
3751 3752
3994 3995
3296 3296
3411 3412
3228 3228
3612 3612
3856 3857
3532 3532
3424 3425
3354 3355
3245 3246
3190 3191
3099 3100
3535 3535
3899 3899
3462 3463
3991 3991
3879 3879
3819 3820
3088 3089
3546 3547
3198 3199
2754 2754
3860 3861
3216 3216
3034 3035
3248 3248
3634 3635
3344 3344
3966 3967
3856 3857
3775 3775
3503 3504
3744 3744
3596 3596
3785 3785
3462 3462
3358 3359
3379 3380
3448 3448
3691 3692
3672 3672
3296 3297
3617 3618
3276 3277
3394 3395
3373 3374
3688 3688
3549 3550
3905 3906
3785 3785
3587 3587
3034 3034
3570 3570
3422 3423
2896 2896
3388 3388
3673 3674
3597 3597
2966 2967
2886 2886
3360 3360
4395 4395
4079 4079
3425 3426
3683 3683
3690 3690
3955 3955
3820 3820
3518 3518
3178 3178
3832 3833
3167 3168
3257 3257
3399 3399
3836 3836
3403 3403
2946 2947
3031 3032
4239 4239
3771 3772
3418 3419
3810 3810
3662 3663
3757 3758
3162 3162
3348 3348
3297 3298
3563 3563
3650 3651
4266 4266
4012 4012
3419 3419
3659 3660
3812 3812
3115 3115
3788 3788
3060 3060
3181 3182
3650 3650
3033 3034
3614 3614
3585 3585
3920 3920
2733 2733
4138 4138
3489 3489
3661 3662
3687 3688
3251 3252
3642 3643
3579 3580
3234 3234
3734 3734
3903 3904
3406 3407
3283 3283
3081 3082
3928 3929
3096 3096
3645 3645
3235 3235
3829 3830
3206 3207
3156 3156
3589 3590
3443 3444
3051 3051
3394 3394
3631 3631
3603 3604
3312 3312
3708 3709
3242 3242
3594 3595
3414 3414
3777 3778
4102 4102
3103 3103
3816 3816
2946 2946
3455 3456
2738 2739
