3190 3190
3605 3605
3818 3818
3528 3528
3680 3681
3600 3600
3915 3915
3392 3392
3745 3745
3538 3538
2685 2686
3799 3800
3216 3216
3640 3641
3721 3721
3157 3157
3243 3244
3685 3686
3857 3858
3620 3621
3654 3655
3649 3649
3431 3432
3419 3420
3786 3787
3877 3878
3903 3904
3918 3918
3129 3129
3352 3352
3445 3446
3154 3154
3409 3409
3522 3523
3276 3277
3279 3280
3557 3558
3558 3559
3347 3348
3368 3369
3470 3470
3728 3728
3008 3009
3191 3192
3338 3339
3717 3717
3419 3420
3647 3647
4090 4090
3895 3895
2987 2987
3250 3250
4320 4320
4149 4149
3877 3878
4196 4197
3796 3796
3565 3565
3826 3827
3548 3549
3336 3336
3715 3715
3531 3531
3243 3244
3184 3184
3658 3658
2856 2857
3851 3852
2990 2991
3862 3863
3529 3530
3758 3758
3303 3304
3549 3550
2994 2994
2998 2998
3762 3763
3572 3572
2992 2992
3507 3507
3888 3888
3701 3702
4063 4063
3497 3497
4287 4287
3260 3260
3643 3643
3469 3470
3673 3673
3750 3751
3390 3390
3519 3519
3446 3446
3953 3954
3475 3476
3879 3880
3296 3296
3476 3476
3806 3806
3484 3484
3572 3573
3451 3451
3448 3449
3447 3448
2587 2587
3162 3163
3422 3422
3047 3048
4058 4059
3705 3706
3999 4000
3192 3192
3235 3236
3279 3279
3747 3748
4395 4395
3053 3054
3658 3659
3408 3408
4118 4118
3490 3491
3358 3358
3139 3139
3363 3364
3023 3024
3732 3733
3542 3542
3637 3638
3180 3181
3688 3689
3971 3972
3381 3382
3094 3094
3148 3149
3731 3731
3405 3406
3264 3264
4301 4302
3501 3501
2685 2686
3366 3367
3697 3697
3032 3032
3065 3065
3329 3329
3658 3658
3230 3231
3510 3510
4108 4108
3688 3689
