3551 3551
4356 4356
3572 3573
3292 3292
3014 3015
3726 3726
3124 3124
3529 3529
3832 3833
3628 3628
2713 2714
2706 2706
3437 3437
3428 3428
3567 3568
3859 3860
3846 3846
3394 3395
3599 3599
3402 3402
4036 4036
3419 3420
3561 3561
3776 3777
3682 3682
2923 2923
3372 3373
3900 3900
3055 3056
3612 3613
3254 3255
3308 3308
3806 3807
3451 3451
3821 3821
3149 3150
3552 3552
3202 3202
3197 3197
3214 3214
3579 3579
3778 3779
3737 3737
3354 3355
3101 3101
4146 4146
3497 3497
3142 3143
3429 3429
2954 2954
3558 3558
3001 3001
3318 3318
3596 3597
3125 3126
3580 3581
3319 3320
3717 3717
3900 3901
2997 2998
3704 3704
3922 3923
3322 3323
3618 3619
3130 3130
3639 3640
3294 3295
3163 3163
3566 3566
2735 2735
3383 3384
3828 3829
4330 4331
3476 3476
3522 3523
3365 3366
3758 3759
3012 3013
3000 3001
3688 3689
3450 3451
3473 3473
3579 3579
3709 3709
3271 3271
4618 4618
3610 3610
3231 3232
3185 3186
3397 3397
4475 4475
3289 3290
3763 3763
4138 4138
3542 3542
3164 3164
3749 3750
3607 3607
3768 3769
3805 3806
4252 4253
3679 3680
3000 3001
3638 3638
3740 3740
3132 3132
3871 3871
3326 3326
3898 3899
4158 4159
3446 3446
3553 3554
3575 3575
3472 3473
3210 3210
3400 3400
3339 3339
3199 3200
4187 4188
3733 3734
3214 3214
3233 3234
3441 3441
3516 3516
3704 3704
4227 4227
3192 3193
2854 2855
3690 3690
3718 3719
3278 3279
3276 3277
3627 3628
3266 3267
3666 3667
3903 3903
2945 2945
3448 3449
3847 3847
3825 3826
3871 3872
3153 3153
3518 3518
3802 3803
3768 3768
3763 3763
3255 3255
3566 3567
3816 3816
3497 3498
