3213 3214
3163 3164
3508 3508
3120 3120
3947 3947
3784 3785
3370 3371
3842 3843
3366 3366
4166 4167
4189 4189
3366 3367
3788 3788
3616 3617
2760 2760
4032 4032
3741 3741
3452 3453
3266 3267
3216 3217
3035 3035
3175 3175
3371 3372
3683 3683
3919 3920
3580 3581
3703 3703
3112 3113
3497 3498
3264 3264
3919 3919
2725 2725
3671 3672
3501 3502
3929 3929
3493 3493
3702 3702
3795 3795
3828 3828
3851 3851
3711 3711
3833 3834
3858 3859
3462 3462
3535 3536
3542 3543
3031 3031
3619 3619
3287 3288
4088 4088
3164 3165
3299 3299
3305 3306
3167 3167
3125 3126
2968 2969
2975 2975
3913 3914
3483 3483
3904 3905
3206 3207
3580 3580
3812 3813
3371 3372
3608 3609
3319 3319
3552 3552
4221 4221
3127 3127
3710 3710
3441 3441
3795 3796
3803 3803
3450 3450
3824 3825
3018 3018
3733 3734
3394 3395
3101 3101
3847 3847
2946 2946
3260 3260
3372 3373
3454 3454
3472 3472
3358 3359
3509 3509
3825 3825
3827 3828
3636 3636
2846 2847
3147 3148
3764 3764
3447 3447
3508 3509
3451 3452
3604 3605
4059 4060
3361 3362
3350 3351
3933 3934
3577 3577
3258 3258
3394 3395
3473 3474
3541 3541
3669 3669
3340 3340
3443 3443
3664 3664
3906 3907
3440 3441
3390 3390
3863 3863
3359 3359
3322 3322
2770 2770
3544 3544
3825 3825
3815 3816
3431 3432
3540 3541
3348 3348
4001 4002
2883 2884
3992 3992
4078 4078
3423 3424
3519 3520
3481 3481
3127 3128
3397 3397
3839 3840
3316 3317
3475 3476
4244 4244
3157 3157
3738 3739
3463 3464
2671 2671
3528 3528
3304 3304
3679 3679
3272 3273
3870 3870
3537 3537
3921 3921
3998 3998
3094 3094
3920 3921
