3578 3578
3745 3745
3132 3132
3413 3414
3488 3488
2939 2939
4077 4078
3412 3412
3575 3575
3289 3289
3215 3215
3907 3907
3655 3656
3316 3316
3464 3465
3927 3928
3863 3863
3199 3199
3398 3398
3876 3876
3436 3436
3627 3628
3259 3260
3650 3650
3189 3190
3648 3648
3624 3624
3268 3268
3324 3325
3187 3187
3336 3336
3610 3611
3738 3738
3052 3053
3340 3341
3740 3740
3672 3673
3394 3395
2821 2821
3261 3261
3921 3922
3828 3829
3315 3316
4288 4288
3287 3287
3395 3395
3568 3568
3181 3182
3924 3924
3652 3652
3540 3540
3305 3306
3524 3525
3447 3447
3784 3785
4086 4087
2848 2848
3409 3409
3753 3753
2870 2870
3304 3304
3646 3647
3218 3219
3604 3604
3144 3144
3153 3154
3342 3343
3509 3509
3594 3595
3737 3737
3229 3229
3386 3386
3470 3471
3437 3438
3604 3604
4151 4151
3575 3575
3324 3325
3904 3905
3443 3444
3479 3479
3645 3645
4211 4211
3699 3699
3401 3401
3112 3112
3493 3494
2968 2968
3521 3521
3421 3422
4201 4201
3144 3145
3047 3047
3596 3597
3938 3939
3848 3849
3063 3064
3987 3988
3734 3735
3954 3955
3451 3452
3285 3286
3259 3260
3464 3465
3388 3388
3731 3731
4379 4379
3312 3313
3714 3715
3050 3050
3856 3857
4005 4006
3776 3776
3603 3604
4021 4022
3760 3761
3157 3157
3338 3338
3547 3548
4076 4076
2792 2793
4046 4047
3541 3542
2848 2848
3387 3388
3671 3671
3504 3504
3158 3158
2889 2890
3899 3900
4125 4125
3609 3609
3200 3201
2774 2774
3343 3344
3502 3502
3340 3341
3503 3503
3766 3766
3561 3562
3728 3729
3761 3761
3761 3762
4109 4109
3624 3625
3656 3657
3912 3913
3564 3564
3433 3433
3539 3539
