3308 3308
3901 3902
3808 3808
3906 3907
3453 3453
3923 3923
3487 3487
3063 3064
2869 2870
3772 3773
3558 3558
3272 3272
3153 3153
3550 3550
3560 3560
3389 3390
3462 3462
3311 3312
3203 3204
3310 3310
3057 3058
3401 3402
3419 3419
3874 3875
3214 3215
3735 3736
3827 3827
3292 3293
3268 3269
3885 3886
3208 3208
3955 3955
3473 3474
3242 3243
3576 3576
3645 3645
3276 3277
3205 3205
3397 3397
3798 3798
3066 3067
3393 3394
3177 3177
3288 3289
3122 3122
3297 3297
3227 3227
3946 3947
3207 3207
3092 3092
3166 3166
3720 3721
3528 3528
3498 3498
3688 3688
3752 3752
3388 3388
4045 4046
3213 3213
3372 3373
3369 3369
3242 3242
2920 2921
3383 3383
3358 3359
3321 3322
3799 3799
3664 3665
3473 3474
3302 3302
3429 3429
3498 3499
3361 3361
3711 3711
3225 3226
3273 3273
3118 3118
3433 3433
2546 2547
3333 3333
3219 3220
3635 3635
3244 3244
3568 3568
3266 3267
3460 3460
3471 3472
3777 3777
4160 4161
3455 3455
4105 4106
3634 3634
3532 3532
4042 4043
4208 4209
3395 3395
3100 3101
3367 3368
3353 3354
3503 3503
3612 3613
3559 3560
3394 3394
3175 3175
3357 3357
3572 3573
3787 3788
3523 3523
3123 3123
3486 3487
3390 3391
3390 3390
3858 3859
3434 3434
3933 3934
3372 3372
3498 3499
3486 3487
4112 4113
3422 3423
3874 3875
2911 2911
3558 3559
3179 3179
3281 3281
3041 3041
3710 3711
3245 3246
3758 3759
3570 3570
3272 3273
3603 3604
3321 3322
3646 3647
3177 3178
3917 3917
3777 3778
3140 3140
3697 3698
3882 3883
3831 3832
3851 3852
3569 3569
3016 3016
3198 3198
3569 3570
4184 4184
3426 3427
3770 3770
3631 3632
