3660 3661
3378 3379
3198 3198
3739 3740
3091 3091
3641 3642
3441 3442
3502 3502
3196 3197
3706 3706
3474 3475
3479 3479
4041 4041
3503 3504
3515 3515
3080 3081
3136 3136
3368 3369
3880 3881
3847 3847
3997 3998
3644 3645
3387 3387
3014 3014
3963 3964
3732 3733
3396 3396
3647 3647
3225 3226
3238 3238
3701 3701
3531 3532
3217 3218
3026 3027
3133 3134
3359 3360
3606 3606
3730 3731
2751 2752
3892 3892
3756 3757
3322 3322
3589 3590
3547 3548
3534 3535
3715 3715
3313 3313
3721 3722
3617 3618
3246 3246
3157 3158
3278 3278
3691 3691
3115 3116
3558 3559
3273 3274
3591 3592
3409 3409
3125 3126
3760 3760
3546 3546
3245 3245
3589 3590
3251 3252
3183 3183
3653 3653
3665 3665
4108 4109
3433 3433
3452 3453
4369 4369
2523 2524
2989 2989
2929 2929
3582 3582
3370 3371
3523 3524
3258 3259
3894 3894
3257 3258
2782 2782
3709 3709
3110 3111
3797 3798
3648 3648
3518 3519
4027 4028
3338 3339
3231 3232
3007 3008
3795 3795
3707 3708
3323 3323
2551 2552
3095 3096
3679 3679
3860 3861
3460 3460
4040 4041
3657 3658
3723 3724
3870 3870
3449 3449
3630 3630
3360 3361
3686 3687
3794 3795
3453 3454
3214 3214
2954 2955
3493 3493
2950 2950
3694 3694
3164 3165
3602 3602
2984 2984
3734 3734
3820 3820
3220 3220
3301 3302
3164 3165
3811 3812
3863 3864
3810 3811
3205 3206
4086 4086
3325 3326
3989 3989
3310 3311
4183 4184
3694 3695
3516 3516
3418 3418
3835 3835
3460 3461
3689 3689
3706 3706
3332 3333
3299 3299
4196 4197
3485 3485
3287 3288
3608 3608
3548 3548
2768 2769
3589 3589
4146 4146
3278 3278
3336 3336
3263 3263
