3295 3295
3311 3311
3229 3230
3104 3105
4261 4261
3329 3330
3487 3487
3432 3432
3917 3918
3887 3888
3810 3810
3566 3566
3854 3855
3835 3835
3711 3711
2907 2907
3133 3133
3699 3699
3943 3943
3826 3827
3920 3920
2762 2762
3692 3692
3471 3472
3420 3420
3116 3116
3903 3904
3512 3513
3409 3410
3571 3571
3446 3447
3760 3760
2798 2799
3645 3645
3839 3839
3794 3794
3229 3229
3543 3544
3530 3531
4448 4449
3971 3972
3276 3277
3363 3363
2899 2900
4159 4159
3854 3855
3686 3687
3315 3315
3204 3204
3006 3006
3768 3769
3169 3170
3556 3556
3512 3513
3454 3455
3512 3512
4086 4087
3701 3702
3608 3608
3457 3458
3141 3142
3466 3466
3573 3574
3282 3283
3615 3615
3303 3304
3615 3615
3805 3805
3512 3512
4034 4034
3364 3364
2886 2886
3822 3823
3830 3831
3690 3691
3527 3527
3929 3929
3893 3894
3677 3677
3559 3559
3938 3939
3857 3858
3438 3439
3503 3503
3209 3209
3388 3388
3641 3641
2973 2974
3792 3792
3627 3627
3943 3943
3082 3083
3404 3404
3768 3769
3246 3247
3850 3851
3391 3392
3148 3148
3574 3574
3973 3974
3147 3147
3781 3781
3661 3661
3898 3899
3562 3563
3938 3939
4334 4335
3232 3232
3498 3498
3420 3421
3406 3407
2683 2684
3361 3362
3054 3054
4150 4150
3355 3356
3816 3817
3602 3603
3228 3229
3174 3174
3165 3166
3350 3350
3597 3598
3876 3876
3054 3054
3898 3898
4068 4068
3203 3204
3553 3554
3968 3969
3776 3776
3457 3457
3685 3686
3346 3347
3633 3633
3228 3229
3993 3994
3944 3945
3233 3234
3531 3532
3315 3316
3755 3756
3360 3361
3391 3391
3515 3515
3454 3455
4031 4032
3908 3908
3605 3606
3294 3295
