3547 3548
3534 3535
3897 3897
3240 3241
3151 3151
3331 3332
3177 3178
3459 3459
3071 3071
3623 3623
3251 3251
3425 3426
3452 3453
3599 3599
3364 3365
3639 3639
3560 3561
3637 3637
3614 3614
3412 3412
3992 3993
3651 3651
3624 3625
3613 3614
3576 3577
3309 3309
3367 3368
3092 3092
3416 3417
3747 3748
3068 3068
3588 3589
3884 3885
3297 3298
3581 3581
3195 3195
3660 3661
3429 3430
3664 3665
3676 3677
3494 3494
3594 3595
3407 3407
3155 3156
3450 3451
3423 3424
3779 3780
3644 3645
3430 3430
3750 3750
3862 3863
3514 3514
3672 3672
3671 3672
3610 3611
3610 3611
3511 3511
3774 3774
3556 3556
3996 3997
3319 3319
3382 3383
3263 3263
3546 3546
3391 3391
3390 3390
3381 3381
3165 3165
3696 3696
3191 3191
3014 3015
3568 3569
3257 3258
2937 2937
4043 4043
3207 3208
3723 3724
3257 3257
3683 3684
3856 3857
3437 3438
3915 3916
3386 3387
3676 3676
3710 3710
3620 3620
3972 3973
3153 3154
3519 3520
3876 3876
3606 3607
3583 3583
4043 4043
3335 3335
3209 3209
3527 3527
3813 3813
3887 3888
4011 4011
2921 2922
3378 3378
3767 3767
3386 3386
3466 3467
3817 3817
3674 3675
3010 3010
3144 3145
3530 3531
3085 3086
3683 3683
2949 2950
2918 2918
4014 4014
3807 3807
3637 3637
3705 3706
3701 3702
2757 2758
3556 3556
3518 3519
3260 3260
3687 3688
3983 3984
3547 3547
3972 3973
3413 3413
3480 3481
3552 3552
3847 3848
4090 4090
3963 3963
3587 3587
3354 3354
3753 3753
3967 3967
3045 3046
2980 2981
3323 3324
3278 3279
2745 2745
2867 2868
3080 3080
3692 3692
3838 3838
3581 3581
3644 3644
3365 3365
3358 3358
3651 3652
