3438 3438
3651 3652
3167 3168
3446 3446
3518 3519
3533 3534
3478 3479
3520 3521
3036 3037
3720 3721
3409 3409
3897 3898
3204 3204
3445 3445
3883 3883
3473 3474
3709 3710
3365 3365
3515 3515
3603 3604
3679 3680
3204 3205
3213 3214
3094 3094
3471 3472
3163 3164
3603 3603
3227 3227
3554 3555
3319 3319
3001 3001
4142 4143
3231 3231
3860 3861
3360 3360
4058 4059
3661 3662
3579 3579
3483 3483
3320 3320
2911 2911
3544 3545
3218 3219
3874 3874
3611 3612
4255 4255
3700 3701
3270 3270
3737 3738
3517 3518
3752 3752
3935 3936
3365 3365
3395 3395
3282 3282
3807 3808
3883 3884
3268 3268
3718 3718
3744 3745
3582 3582
3616 3616
3608 3608
3232 3233
3034 3035
3309 3310
3671 3671
3368 3369
3925 3925
2935 2935
3459 3459
3706 3707
3350 3350
3403 3403
3068 3068
3052 3052
3778 3779
3712 3712
3116 3117
3368 3368
3635 3635
3593 3594
3348 3348
3406 3407
4042 4043
3221 3221
3047 3048
3625 3625
3658 3658
3366 3366
3608 3609
3908 3908
3870 3871
3062 3063
3083 3083
3394 3394
3434 3434
3510 3510
3352 3352
3170 3171
3260 3261
2968 2968
3732 3732
3517 3518
3557 3557
3971 3971
3131 3132
3512 3512
4041 4041
3598 3598
2902 2902
3540 3540
4008 4008
3546 3547
3207 3207
3432 3432
3755 3755
3633 3634
2955 2956
4124 4125
3260 3261
2923 2924
3343 3343
3296 3297
3774 3775
3053 3053
3915 3916
3013 3014
3735 3736
3222 3223
2805 2806
3538 3538
3462 3462
3474 3475
3001 3001
3061 3061
3952 3952
3330 3330
3427 3427
3326 3327
3807 3808
3704 3704
3893 3893
3304 3304
3846 3846
3744 3744
3728 3729
3469 3470
3627 3628
4065 4066
