3025 3026
3467 3468
3382 3382
3350 3351
4008 4008
4033 4034
3642 3642
3201 3201
2633 2633
3417 3417
3931 3932
3102 3103
3696 3696
3220 3220
2964 2964
3975 3976
3634 3635
3864 3864
4067 4068
3378 3378
3754 3755
3507 3507
3083 3084
2871 2872
3823 3823
3565 3566
3599 3600
3331 3332
2529 2529
3410 3411
4070 4070
2558 2558
3956 3956
3702 3702
3275 3275
3954 3954
3257 3258
2857 2858
3491 3492
4132 4133
3370 3371
3269 3270
3058 3059
3576 3576
3696 3697
3413 3413
3960 3961
3338 3339
3819 3819
3509 3509
3720 3720
3520 3521
4026 4027
3940 3940
4225 4226
3727 3727
3400 3400
3654 3655
3518 3519
3499 3500
3457 3458
3005 3006
3012 3012
3479 3479
3832 3833
3713 3713
3059 3060
3542 3543
2991 2992
3496 3496
3741 3742
3625 3626
3382 3383
3291 3291
3696 3696
3767 3768
3272 3272
3634 3634
3493 3493
3581 3582
3461 3461
3377 3377
3799 3800
3613 3614
3257 3258
3696 3697
3348 3348
3892 3892
3344 3344
3850 3850
3449 3449
3945 3946
2887 2888
4056 4057
3581 3581
3576 3577
4232 4233
3742 3743
3472 3473
3364 3364
3281 3282
3773 3774
3701 3701
4015 4015
3581 3581
3362 3362
3603 3603
3667 3668
3331 3331
2639 2640
3679 3679
3646 3647
4212 4212
3543 3544
3592 3592
3366 3367
3745 3746
3632 3633
3435 3436
3328 3329
2849 2850
3641 3642
3547 3547
3156 3157
3984 3984
3508 3508
3849 3850
3758 3758
3586 3586
3709 3709
3340 3340
3120 3121
3158 3159
3772 3773
2790 2791
3391 3392
4033 4034
3776 3776
2910 2911
3814 3814
3081 3082
3624 3624
3753 3753
3368 3369
3968 3969
3278 3278
3854 3855
3416 3417
3386 3386
3013 3013
