3574 3575
3633 3633
3737 3738
2928 2928
3284 3285
2679 2679
3472 3472
4108 4108
4205 4206
3414 3414
3656 3656
3172 3173
3829 3830
3877 3878
3237 3238
3807 3807
3871 3871
3618 3618
3280 3281
3825 3826
4358 4358
3738 3738
3741 3741
3692 3693
3532 3532
3698 3698
3733 3733
4066 4067
3513 3513
3329 3330
3504 3505
3126 3127
3561 3562
3197 3198
3745 3746
3741 3742
3261 3262
3729 3730
3455 3456
3748 3748
3787 3788
3437 3437
2968 2968
3621 3621
3320 3320
3353 3353
3988 3989
3368 3368
3178 3178
3798 3799
3478 3478
3650 3651
3622 3622
3399 3399
3781 3782
3620 3620
3506 3506
3264 3264
3454 3454
3544 3544
3491 3491
3314 3314
4077 4077
3787 3788
2746 2746
3884 3884
3627 3628
3159 3160
3557 3558
3546 3547
3818 3819
3115 3116
3230 3231
3146 3147
3171 3172
3402 3402
3386 3386
3170 3171
3371 3371
3192 3192
3385 3385
3567 3568
3678 3679
3704 3705
3863 3864
3165 3165
2940 2940
3556 3557
3803 3803
3052 3052
3336 3336
3536 3537
2891 2891
3780 3781
3577 3577
3227 3227
3199 3199
3924 3924
3779 3780
4003 4003
3265 3266
4081 4081
3390 3390
3225 3226
3516 3516
4198 4199
4018 4019
3220 3221
3376 3377
3339 3339
3645 3645
3728 3729
3785 3786
3714 3714
3791 3791
3368 3369
3486 3487
3271 3272
3434 3434
3227 3227
3519 3519
2756 2756
3256 3257
3452 3453
3773 3774
3578 3579
3660 3661
3729 3730
3346 3347
3235 3236
3536 3537
3496 3497
3343 3344
3532 3533
3721 3721
3979 3980
3308 3309
3580 3581
3847 3848
3265 3266
3124 3125
3288 3288
3688 3688
3237 3238
3809 3810
3872 3873
3916 3917
3805 3806
3237 3238
3319 3320
