3306 3306
3247 3247
3904 3904
3733 3734
3605 3606
3349 3350
3597 3597
3189 3190
3225 3225
3361 3361
3362 3362
3385 3385
3980 3981
3841 3842
3272 3273
3631 3631
3996 3997
3426 3426
3639 3640
3244 3245
3247 3247
3184 3185
3119 3119
3752 3753
3338 3339
4308 4308
3566 3567
3395 3395
3700 3700
3490 3491
4680 4681
3033 3034
3493 3494
3627 3628
3531 3532
4052 4053
3348 3349
3099 3100
3944 3944
3680 3680
3841 3841
3042 3042
2970 2970
3062 3062
3209 3210
2960 2960
3855 3856
3461 3461
3585 3585
3032 3032
3538 3539
4078 4079
3598 3599
3536 3536
3578 3579
3094 3094
3471 3472
3715 3715
3732 3732
3512 3513
3810 3811
3286 3286
3607 3608
3696 3696
3332 3333
3776 3777
3540 3540
3000 3000
3592 3592
3496 3497
3762 3763
3611 3612
3386 3387
3321 3322
3909 3910
3308 3309
3617 3618
3456 3456
3063 3064
2786 2787
3358 3358
3765 3765
3159 3159
3949 3950
3911 3912
4049 4049
3237 3238
3093 3094
3063 3063
3163 3164
3118 3118
4145 4145
3417 3418
3437 3438
3503 3504
3636 3636
3586 3587
3169 3169
3224 3224
4190 4191
3324 3325
3838 3839
3337 3338
3704 3705
3535 3535
3381 3381
3624 3625
3889 3889
3720 3720
3461 3461
3725 3726
3239 3240
3535 3536
3213 3213
3842 3842
3439 3440
3538 3539
3501 3502
3605 3605
3651 3651
3460 3460
2710 2711
3631 3631
3557 3557
3255 3255
3226 3227
3730 3730
3411 3412
3403 3404
3349 3350
3391 3392
3921 3922
3615 3615
3417 3417
3342 3343
3675 3675
3299 3300
3741 3741
3522 3523
3461 3462
4293 4294
3735 3735
3326 3327
3142 3142
3389 3389
3038 3038
3336 3336
3639 3640
3312 3312
3754 3754
