3115 3115
3416 3416
3598 3598
3122 3123
3843 3843
3416 3416
3452 3452
3673 3674
3369 3369
3493 3493
4221 4222
3408 3409
3233 3234
3704 3704
3703 3704
3563 3564
3372 3373
3648 3649
3437 3438
3620 3620
3468 3468
3271 3271
2843 2844
3551 3552
3558 3559
3012 3012
3636 3637
3262 3263
4208 4209
3210 3210
3052 3052
2908 2909
3744 3744
3542 3543
2862 2862
3466 3466
3120 3121
3438 3438
3963 3963
3812 3813
3461 3462
2990 2990
3902 3902
3610 3611
3690 3690
3830 3831
3592 3593
4204 4205
2899 2899
3316 3316
3867 3868
3658 3659
3945 3945
3699 3700
3390 3391
3985 3985
2614 2614
3549 3549
3683 3684
3734 3734
3248 3248
3908 3909
3786 3786
3607 3607
3477 3478
4076 4077
3321 3322
4033 4034
3308 3309
3258 3258
3299 3299
3146 3147
3063 3063
3369 3370
3100 3100
3378 3379
2899 2899
3503 3503
3707 3707
3472 3472
3468 3469
2919 2920
3514 3514
3519 3520
2793 2793
2712 2713
2988 2988
3366 3366
3768 3768
3563 3564
3536 3537
3358 3358
3513 3513
3338 3338
3993 3993
3754 3755
3390 3391
3512 3512
3293 3294
4131 4131
3506 3507
3625 3625
3170 3171
3412 3412
3541 3541
3647 3648
3480 3480
3588 3589
3323 3323
3804 3804
3347 3348
3991 3992
2994 2994
3688 3688
3243 3244
3307 3307
3389 3389
4044 4044
3583 3584
3678 3678
3070 3070
3502 3502
2890 2890
3251 3252
3339 3340
3298 3299
3549 3550
3277 3278
3700 3700
3205 3206
3051 3052
4100 4101
3520 3520
3935 3936
3425 3426
3531 3532
3318 3319
3055 3055
3190 3190
3572 3573
3390 3390
3543 3543
3145 3146
3496 3496
3863 3864
3427 3427
3237 3237
3899 3899
3140 3141
3572 3573
