3352 3353
3717 3717
3032 3032
4200 4200
3211 3211
3765 3766
3587 3587
3229 3230
3006 3007
3435 3436
3096 3096
3614 3615
3349 3349
3430 3430
3761 3762
3795 3795
4053 4053
3468 3468
3623 3623
4092 4093
3987 3987
3439 3440
3006 3007
3141 3142
3396 3397
3664 3665
3531 3532
3407 3407
4290 4291
3617 3617
3664 3665
3463 3463
3088 3089
3318 3319
3006 3007
3712 3713
3358 3358
3814 3815
3401 3402
3636 3636
3968 3968
3580 3581
3150 3151
3486 3486
3655 3656
4030 4030
3737 3738
3641 3641
3331 3332
3539 3539
3240 3241
3881 3882
3845 3845
3607 3607
3721 3721
3357 3357
3170 3171
3478 3478
3749 3749
3920 3921
3837 3838
3415 3416
3434 3435
3829 3829
3254 3255
3484 3484
3374 3374
3907 3908
3922 3922
3774 3774
2755 2756
3076 3076
3259 3259
3418 3418
4190 4190
3844 3845
3883 3884
3596 3596
3678 3678
3115 3115
2977 2978
3446 3447
4166 4166
3813 3813
3112 3112
3738 3738
3389 3389
3160 3161
2993 2994
3154 3155
3069 3069
2996 2996
3458 3458
3558 3559
3393 3393
3712 3712
3164 3164
3422 3423
3197 3198
3784 3784
3349 3349
3628 3628
3590 3591
3393 3394
4168 4168
3517 3517
3243 3243
3753 3753
2830 2831
3765 3765
3377 3378
2926 2927
3755 3755
3802 3802
3291 3291
3289 3290
4145 4145
4070 4070
3816 3817
3689 3690
3206 3207
4000 4001
3329 3330
3482 3482
3258 3258
3106 3107
3020 3020
2931 2931
3598 3598
3618 3618
2913 2913
3736 3737
3629 3629
3623 3623
3859 3860
3762 3763
3422 3423
3385 3386
3210 3210
3753 3753
3355 3355
3593 3593
3482 3482
3418 3419
3983 3983
3684 3684
3264 3265
4281 4282
3537 3538
3349 3349
