3614 3615
3613 3613
3885 3886
3866 3867
4193 4193
2783 2783
3320 3320
3574 3574
3076 3076
3437 3438
3406 3406
3524 3525
3463 3463
3559 3560
3464 3465
3191 3192
2667 2667
3625 3626
3138 3138
3399 3399
3707 3707
3759 3760
3850 3850
3446 3446
3593 3593
3469 3470
2966 2966
3238 3238
3821 3822
3279 3279
2838 2839
3031 3032
3604 3604
3597 3597
3259 3260
3468 3468
3319 3319
3925 3926
3201 3202
3224 3224
3599 3600
2871 2871
3406 3406
3562 3562
3389 3390
3502 3502
3123 3123
3825 3826
4016 4017
3746 3747
3784 3785
3490 3490
3574 3575
3737 3738
3634 3635
3619 3620
3483 3483
3214 3214
3772 3773
4012 4012
3030 3031
3672 3673
3630 3630
3118 3118
3638 3638
3889 3889
3028 3029
3466 3467
3403 3403
3524 3525
3572 3572
3721 3721
3988 3988
3537 3538
2966 2967
3607 3607
3656 3657
3993 3993
3208 3208
3237 3238
4052 4053
3204 3204
3159 3160
3345 3345
3637 3637
3300 3300
3472 3472
3668 3668
3718 3719
4058 4059
3715 3715
3612 3612
3477 3477
3671 3672
3549 3550
3183 3183
3210 3210
3395 3395
3685 3685
3390 3391
3921 3921
3865 3866
3571 3571
3131 3131
3411 3411
3065 3065
3012 3012
3525 3526
3268 3268
3938 3939
3845 3846
3554 3554
3851 3852
3312 3312
3579 3580
3779 3780
3748 3749
3608 3608
3191 3191
3792 3792
3387 3387
3614 3614
3525 3525
2600 2600
3337 3338
3460 3461
3134 3134
3753 3754
4027 4027
3379 3379
3270 3270
3390 3391
3660 3661
3207 3207
3681 3682
3474 3474
3797 3798
3911 3912
3783 3783
3255 3255
3178 3178
3787 3788
3301 3302
3567 3568
3644 3645
3367 3367
3388 3389
3904 3904
3301 3301
3520 3520
