3468 3469
3446 3447
3395 3395
3263 3263
3113 3114
3500 3500
3239 3240
2859 2859
3927 3927
3418 3419
3839 3840
3234 3235
2890 2891
3595 3596
3021 3021
3563 3564
3050 3050
3148 3148
3653 3654
3661 3662
3253 3254
3354 3355
3276 3277
3853 3854
4097 4098
3468 3468
3398 3398
3197 3198
3856 3857
3396 3397
3835 3835
3711 3711
3319 3320
3438 3439
4112 4112
3988 3989
3243 3244
3818 3819
3935 3935
3805 3805
3718 3718
3740 3740
3336 3336
3573 3573
3193 3193
3562 3562
3219 3219
4152 4153
3300 3300
3932 3932
3662 3662
3541 3541
3528 3529
3492 3493
2602 2603
3505 3505
3491 3492
3796 3797
3440 3441
3662 3663
3764 3764
3161 3161
4021 4021
3182 3183
3670 3671
3526 3527
3586 3587
3009 3010
3557 3558
3467 3468
3499 3499
3260 3260
3806 3806
3265 3265
3567 3567
4004 4004
3358 3358
3731 3732
3325 3326
3670 3671
3594 3595
3816 3816
3441 3441
3729 3729
3751 3752
3426 3427
3544 3545
3653 3653
3754 3754
4286 4286
3426 3426
3873 3873
3964 3964
4199 4199
3387 3387
3167 3167
3721 3721
3258 3258
3861 3861
3471 3472
3717 3718
3293 3293
3668 3669
3154 3154
3210 3211
3684 3684
3670 3671
3207 3207
3227 3228
3337 3338
3593 3594
3103 3103
3430 3430
3259 3259
3777 3778
3834 3834
3406 3407
3682 3682
3601 3601
3478 3478
3431 3431
3678 3678
3584 3585
3493 3493
3408 3409
3768 3769
3530 3531
3578 3579
3550 3551
3377 3377
3706 3707
3369 3370
3699 3700
3719 3720
3150 3151
3523 3524
3785 3785
3797 3798
3738 3738
3490 3491
3579 3579
2704 2704
3629 3629
3814 3815
3585 3585
3151 3151
4051 4051
3651 3652
3607 3607
3677 3678
