3760 3761
3062 3062
3639 3640
3021 3022
3521 3522
3249 3250
3942 3942
3553 3553
3054 3055
3419 3420
3472 3473
3376 3376
3062 3063
3089 3090
3814 3814
3886 3887
3107 3108
4002 4003
3737 3737
3026 3026
3448 3449
3311 3311
3304 3305
3596 3597
3981 3982
3451 3451
3790 3790
3382 3383
3513 3513
3211 3211
3174 3175
3437 3438
3370 3370
4140 4141
3384 3385
3461 3462
4528 4528
3334 3335
3702 3702
2684 2684
2791 2792
3687 3688
3457 3457
3856 3857
3740 3741
3462 3463
3486 3487
3649 3650
3587 3587
2596 2596
3785 3786
3610 3611
3196 3197
3860 3861
3038 3038
3703 3703
3131 3131
3674 3674
3245 3246
3175 3175
4018 4018
3582 3583
3609 3610
3763 3764
4003 4004
3395 3396
3220 3221
3279 3280
3156 3156
3013 3013
3695 3696
3785 3785
3400 3401
3829 3830
3046 3047
3006 3006
3325 3325
3274 3274
3307 3308
3165 3166
3719 3719
2988 2989
3647 3647
3099 3100
3408 3409
3791 3792
2828 2829
3558 3558
3322 3322
3894 3895
2891 2891
3954 3955
3339 3339
3193 3193
2865 2865
3458 3459
3626 3627
3571 3571
3555 3555
4108 4109
3449 3450
3838 3839
4112 4113
4192 4193
4061 4061
3243 3244
2732 2733
3836 3836
4000 4000
3473 3473
3618 3619
3098 3098
3139 3140
3829 3829
3349 3350
3174 3175
2976 2976
3370 3371
3085 3085
3416 3416
3568 3568
3605 3606
2909 2910
3710 3711
2750 2750
3937 3937
3377 3377
3332 3332
3051 3051
3296 3296
3527 3528
3821 3821
3046 3046
4066 4067
3497 3498
3064 3064
3744 3744
3193 3193
3708 3708
3626 3626
3172 3173
3223 3223
3410 3410
3414 3415
3862 3863
3805 3805
3764 3765
3389 3389
3083 3083
3646 3646
