3289 3290
3598 3598
3911 3912
3171 3172
3371 3371
2611 2611
3360 3360
4437 4437
4135 4135
2934 2935
4053 4054
3754 3755
3443 3443
3517 3517
3469 3470
3336 3337
3604 3604
3757 3758
2855 2855
3371 3371
3204 3204
4102 4103
4214 4214
2843 2844
3531 3531
3226 3227
3500 3501
3572 3573
3581 3582
3165 3165
3517 3518
3213 3213
3558 3559
2640 2641
3661 3662
3490 3490
3536 3536
3178 3178
3448 3448
2758 2759
3970 3971
3732 3733
3382 3383
3373 3373
3502 3502
3790 3791
3269 3270
4234 4234
3440 3441
2906 2907
3465 3466
3547 3548
3818 3818
3617 3617
4059 4060
3144 3144
3164 3165
4156 4157
3854 3855
3367 3367
3213 3213
3572 3573
3181 3181
3609 3609
3391 3392
3667 3667
3603 3604
3194 3195
2771 2772
4137 4137
3296 3296
3402 3402
3196 3196
3069 3070
3450 3450
3569 3570
3878 3879
3393 3393
3495 3495
3652 3653
3526 3527
3817 3818
3254 3254
3721 3721
3698 3699
3529 3529
2816 2817
3338 3339
4158 4158
3315 3315
3142 3142
3107 3108
3711 3712
3307 3308
3272 3272
3682 3682
3534 3535
3464 3465
3704 3704
3695 3696
3855 3856
3949 3949
3390 3391
3562 3562
3739 3739
3581 3582
3431 3431
3400 3401
3114 3115
3657 3658
3854 3854
3224 3224
3454 3454
3665 3666
3691 3692
3297 3297
3712 3712
3613 3613
3460 3461
3360 3360
3164 3164
3152 3153
3492 3492
3243 3244
3539 3540
3587 3587
3244 3244
3743 3743
3683 3684
3797 3797
3530 3531
3714 3714
4004 4004
3414 3415
4206 4206
3637 3638
3742 3743
3343 3343
3206 3206
3564 3565
3507 3508
3507 3508
3389 3390
3234 3235
3264 3264
3042 3043
3672 3673
3618 3619
3672 3673
3700 3700
