3299 3300
4484 4485
3614 3615
2985 2986
4012 4013
3645 3645
3582 3583
4201 4201
3556 3556
3952 3953
3573 3574
3154 3154
2814 2815
3169 3170
3311 3312
3331 3331
3141 3141
3965 3965
3525 3525
3570 3570
3934 3935
3529 3529
3294 3294
3282 3283
2882 2883
3918 3919
3659 3659
3744 3745
3280 3281
3629 3629
3826 3827
3538 3539
4050 4051
3815 3816
3506 3506
3191 3192
3779 3780
3902 3903
3853 3854
4065 4066
3517 3518
3555 3556
3842 3843
2716 2717
3635 3635
3187 3188
3584 3585
3615 3615
3779 3780
3664 3664
3604 3605
3316 3316
3572 3572
3483 3484
3293 3294
3446 3447
3700 3700
4059 4060
3759 3759
3536 3537
4153 4154
3619 3620
3679 3679
3195 3195
3904 3905
3187 3187
3983 3984
3560 3561
3273 3274
3786 3786
3026 3027
3549 3550
3739 3740
3524 3524
3556 3556
3463 3463
3016 3017
3109 3110
3041 3042
3467 3468
3909 3909
2800 2800
3564 3565
3334 3334
3430 3430
3152 3153
3496 3497
3018 3018
3887 3888
3598 3599
3474 3475
3730 3731
3474 3474
3665 3665
3364 3365
2577 2577
3118 3118
3500 3501
3788 3788
3183 3183
2984 2984
3535 3535
3926 3927
3995 3996
3594 3594
3738 3739
3229 3230
3374 3374
3458 3458
3119 3120
3159 3160
3608 3608
3526 3526
3485 3486
3622 3622
2862 2862
3618 3618
3494 3494
3727 3728
3703 3703
3926 3926
3440 3440
3412 3412
3787 3787
3663 3663
3649 3650
4233 4234
3632 3632
3894 3895
3127 3128
3062 3062
3607 3608
4048 4048
3438 3439
3942 3943
3670 3670
3120 3120
3200 3200
3871 3871
3687 3687
3752 3752
4084 4085
3423 3424
3848 3849
3290 3291
3937 3937
3498 3498
3416 3416
3169 3169
3579 3580
