3380 3381
3629 3630
3783 3783
3495 3495
3566 3567
3683 3684
3150 3150
3650 3650
3597 3597
3887 3887
3466 3466
3953 3954
3497 3498
3410 3410
3633 3633
3034 3034
3758 3759
3585 3585
3396 3397
3802 3802
3554 3555
3012 3013
3891 3892
3630 3630
3514 3514
3671 3672
3789 3790
3884 3885
3864 3865
3432 3433
3393 3394
3346 3346
4255 4256
3826 3827
3917 3918
4023 4024
3440 3440
3595 3595
3574 3574
3907 3908
3078 3078
3876 3876
3804 3804
3390 3390
3012 3012
3656 3656
3646 3647
3628 3628
3525 3526
3069 3069
3916 3917
3874 3875
4020 4020
3408 3408
3222 3222
3525 3526
3263 3264
3299 3300
3870 3871
3646 3647
3369 3369
3328 3329
3297 3297
3847 3847
3445 3446
3317 3318
3415 3416
3496 3497
3348 3348
2878 2879
3285 3285
3864 3864
4237 4238
3847 3847
3307 3308
3810 3811
4029 4029
3053 3054
2938 2938
3919 3920
3256 3257
3640 3640
4272 4272
4212 4213
3403 3403
3504 3505
3205 3205
4097 4097
3164 3164
3576 3577
3507 3508
3602 3603
3469 3470
3479 3480
3110 3111
3632 3633
3712 3712
3463 3464
3631 3632
3303 3303
3231 3232
3514 3515
3524 3524
3782 3782
3893 3893
3538 3538
3136 3137
3754 3755
3447 3448
3422 3422
3579 3580
3336 3336
2847 2848
3627 3628
3440 3441
3823 3824
3454 3454
3143 3144
3216 3217
3251 3251
3239 3239
3112 3113
3213 3214
3331 3332
3203 3204
3349 3349
3721 3721
3290 3290
3220 3220
3175 3176
3542 3542
2963 2964
2972 2972
3321 3322
3213 3213
4068 4068
3360 3361
2955 2955
3745 3746
3725 3726
3680 3680
3462 3463
3144 3144
3372 3373
2761 2761
3081 3081
3398 3399
3160 3160
3794 3795
3252 3253
