3499 3500
3047 3047
4080 4080
3926 3927
3439 3440
3983 3984
3408 3408
3830 3830
3288 3289
3763 3763
3170 3170
3588 3589
3339 3339
3500 3500
2854 2854
3581 3581
2993 2994
3833 3834
4141 4141
3551 3552
3198 3199
4202 4202
2927 2928
3253 3253
2794 2794
3493 3493
3244 3245
3185 3186
3953 3953
3575 3575
3118 3119
3678 3678
3463 3463
3894 3895
2802 2802
3598 3599
3714 3714
3815 3816
4214 4215
3866 3867
3971 3972
3978 3978
3969 3970
3072 3073
3856 3857
4075 4075
3774 3775
3819 3820
3302 3303
3906 3906
3311 3311
3600 3601
4058 4059
3889 3890
3626 3626
3872 3873
3615 3616
3865 3865
3401 3402
4208 4208
3869 3869
3132 3133
3260 3261
3302 3302
3225 3226
3290 3291
3878 3878
3637 3637
3063 3063
3957 3958
4046 4047
3550 3550
3320 3320
2918 2918
3303 3303
3155 3156
4010 4010
3419 3420
3511 3511
3902 3902
3579 3579
3659 3660
3633 3633
3300 3301
3548 3549
3690 3690
3254 3255
3992 3992
3376 3376
3596 3596
3269 3269
3578 3578
3490 3490
2979 2979
3299 3299
3566 3566
3135 3136
3273 3273
3390 3390
3724 3725
3294 3295
3074 3074
3316 3316
3751 3752
2962 2962
3609 3609
3182 3183
3707 3708
3341 3342
3093 3093
3885 3885
3093 3093
3524 3525
3318 3318
3962 3963
3534 3535
3372 3373
3501 3501
3951 3951
3361 3362
3213 3213
3598 3599
3080 3081
3499 3499
3291 3292
3363 3364
3505 3505
3496 3496
3352 3353
3170 3170
2840 2840
2710 2711
3356 3357
3456 3457
3666 3666
3703 3704
3774 3774
3380 3381
3181 3182
3493 3494
3715 3716
3561 3561
3715 3716
4115 4116
3242 3243
3257 3258
3166 3167
3450 3451
3210 3211
3474 3475
