3007 3008
3355 3356
3400 3400
4239 4239
3181 3182
3477 3477
3804 3804
3423 3423
4131 4131
3784 3784
3410 3411
3315 3316
3484 3484
3292 3292
3510 3510
3475 3476
3728 3729
3562 3563
3589 3590
3408 3409
3606 3606
3912 3913
3571 3571
3990 3991
3991 3991
3641 3641
3034 3034
3574 3575
3559 3560
3593 3594
3356 3357
3181 3181
3699 3699
2716 2716
3272 3272
3342 3343
3531 3531
3336 3337
3434 3435
3686 3686
3515 3516
3453 3454
3568 3569
3798 3799
3353 3353
3200 3200
3391 3391
3471 3472
3642 3642
3423 3424
3238 3238
3166 3166
4026 4026
3610 3610
3824 3825
3591 3591
3947 3948
3551 3551
3634 3634
3909 3910
3552 3553
3504 3504
3492 3493
3956 3957
4015 4015
3368 3369
4151 4151
3416 3416
2915 2915
3386 3386
3840 3841
3685 3686
3975 3976
3115 3115
3810 3810
3499 3500
3091 3092
3190 3190
3921 3921
3886 3887
3911 3911
3396 3397
3910 3911
3320 3320
3159 3159
3087 3087
3304 3305
3263 3263
3549 3550
3600 3600
3381 3381
4171 4171
3473 3474
3632 3632
3273 3274
3363 3364
3586 3586
3508 3508
2736 2736
3295 3295
4241 4242
3255 3256
3187 3188
3048 3049
3812 3813
3389 3390
3378 3379
3891 3891
3337 3337
3573 3573
3462 3463
2879 2879
3373 3373
3778 3778
3386 3386
3775 3775
3729 3729
3225 3225
3787 3787
3356 3357
3112 3113
3590 3591
3170 3171
3658 3659
3212 3213
3642 3642
2856 2857
3662 3663
3198 3198
3452 3453
2841 2842
3830 3830
3341 3341
4189 4189
3676 3677
3528 3528
2840 2841
3723 3724
3547 3548
2966 2967
3294 3294
3906 3907
3204 3204
3382 3383
3611 3611
3680 3681
3270 3270
3248 3249
3917 3918
3692 3693
