3144 3144
3862 3863
3798 3798
3925 3925
3867 3867
3342 3342
3609 3610
2681 2681
4171 4172
3503 3503
3902 3903
3776 3777
4268 4268
3445 3445
3604 3605
3876 3877
4081 4082
3563 3564
3236 3236
3719 3719
3379 3380
3386 3387
3740 3740
3391 3391
3404 3405
3622 3623
3674 3674
3878 3879
3910 3911
3396 3397
4305 4306
3277 3277
3375 3376
3549 3549
3397 3397
3751 3751
3551 3551
3049 3050
3000 3000
3139 3139
3570 3571
3220 3221
3189 3190
3540 3541
3226 3226
3203 3204
3655 3655
3330 3330
3313 3314
3377 3378
4186 4187
3288 3288
3058 3059
3581 3582
3073 3074
3802 3803
3048 3049
3191 3192
3887 3888
3223 3223
3098 3099
3508 3509
4092 4092
3474 3475
3482 3483
4145 4145
4083 4084
3680 3680
3176 3177
3666 3667
3853 3854
4168 4168
3996 3996
3098 3098
3702 3703
3786 3787
3061 3062
3857 3857
3447 3448
3613 3613
3624 3624
4072 4072
3800 3801
3247 3248
3449 3450
3002 3002
3448 3449
3177 3177
3525 3525
3669 3670
4028 4029
3586 3587
3461 3461
3580 3580
3482 3483
3548 3549
3774 3775
3218 3218
3240 3240
3054 3055
3700 3700
3335 3335
3441 3442
3853 3853
3645 3645
3262 3263
3852 3852
3726 3726
3246 3247
3858 3859
3696 3696
3186 3187
3027 3028
2977 2977
3974 3974
3061 3061
3923 3923
3583 3583
3642 3643
3287 3288
3224 3224
3801 3801
3264 3264
3386 3387
3439 3440
3861 3861
3180 3180
3584 3584
3824 3824
3094 3095
3468 3469
3826 3827
3371 3371
4413 4414
3655 3655
3447 3447
3199 3200
3578 3579
3074 3075
3213 3213
2882 2883
3578 3579
3399 3400
3925 3925
3258 3258
3447 3448
3380 3381
3024 3024
4089 4089
3485 3485
