3603 3604
3199 3199
3557 3557
2638 2638
3264 3264
3620 3620
3381 3381
3339 3339
3390 3390
2902 2903
3800 3801
3265 3266
3794 3795
3681 3682
3273 3274
3316 3317
3691 3692
3769 3769
3779 3779
3378 3379
3494 3495
3722 3722
3085 3086
3228 3228
3487 3488
3307 3307
3688 3689
2922 2922
3475 3475
3579 3580
3493 3493
3680 3681
3292 3293
3343 3344
3686 3686
3238 3239
3854 3855
2807 2808
2697 2697
2938 2939
4242 4242
3313 3314
3206 3206
3031 3032
3570 3571
3567 3567
3432 3433
3803 3803
3664 3664
3036 3036
3434 3435
3324 3325
3702 3702
3160 3160
3548 3548
3427 3427
3827 3828
3845 3846
3497 3497
3232 3232
2941 2941
3360 3360
3291 3292
3266 3267
3124 3125
3169 3169
3433 3433
3011 3011
3562 3563
4077 4078
3158 3158
3733 3734
3509 3510
3965 3965
3663 3664
3293 3294
3617 3618
3640 3641
3075 3076
4009 4010
3243 3243
3227 3228
3468 3468
3566 3567
3062 3063
3331 3332
3239 3240
3208 3208
4115 4115
4167 4168
3247 3248
3318 3318
3161 3161
3331 3331
3174 3174
3757 3757
3418 3419
3311 3312
4163 4164
3603 3603
3985 3985
3431 3431
3493 3493
3193 3193
2679 2680
3788 3789
3445 3445
3213 3214
3770 3771
4172 4172
3246 3247
3417 3417
3008 3009
3780 3780
3362 3362
3382 3383
3587 3587
3745 3745
3243 3244
4219 4220
3191 3191
3623 3624
3963 3964
2725 2726
3859 3859
4176 4176
3943 3943
3355 3356
3709 3710
3224 3224
3557 3558
3435 3436
3630 3630
3117 3117
3294 3294
3569 3569
3523 3524
3444 3445
3444 3445
3531 3531
3297 3298
3146 3147
3616 3617
3550 3551
3223 3224
3383 3383
3672 3673
3776 3777
3379 3379
3478 3478
