3395 3395
3574 3575
3286 3286
3511 3512
3213 3213
3512 3513
3127 3127
3469 3470
3665 3665
3149 3149
4211 4211
3301 3302
3268 3269
3784 3785
3970 3970
3776 3776
3441 3441
3171 3172
2976 2976
3775 3775
3817 3818
3823 3824
3767 3768
3470 3471
3436 3437
3170 3170
2983 2983
3245 3246
3459 3459
2825 2826
3672 3673
3596 3597
3520 3520
3308 3309
3613 3613
3383 3384
2684 2685
3162 3163
4074 4075
3708 3708
3229 3229
3919 3920
4023 4023
3983 3984
3031 3032
3136 3137
3312 3313
3577 3577
3613 3613
3253 3253
3857 3857
3499 3500
3442 3442
3942 3943
3814 3814
3739 3739
3846 3847
3695 3696
3208 3208
4081 4081
3503 3504
3488 3489
3966 3967
3165 3166
3574 3575
3008 3009
2983 2984
3141 3141
3543 3543
3327 3327
3623 3624
3980 3980
4007 4008
3553 3553
3490 3491
3533 3533
3262 3262
3695 3695
3265 3266
3474 3475
3664 3664
3403 3403
4002 4002
3920 3920
3503 3504
4088 4089
3683 3684
3377 3378
3119 3119
3280 3281
3816 3817
3987 3988
3412 3413
3442 3443
3752 3752
3519 3519
3445 3446
3335 3335
3394 3394
3685 3685
3724 3724
3412 3413
3772 3772
3632 3632
3552 3552
3797 3798
3594 3594
3458 3458
3245 3246
3547 3547
3671 3672
4110 4110
3089 3090
3179 3179
3872 3873
2964 2964
3683 3684
3654 3655
4060 4060
3286 3286
3300 3300
3749 3749
3154 3154
3556 3556
3782 3783
3549 3549
3165 3165
2647 2647
2775 2776
3785 3785
3384 3384
3595 3596
3332 3332
3247 3247
3306 3306
3663 3663
3592 3592
3063 3064
3386 3387
3092 3093
3292 3292
3660 3661
3473 3473
3546 3547
3586 3586
3518 3518
3597 3598
3641 3642
3736 3737
4098 4098
