3833 3833
3945 3946
3702 3703
3995 3996
3599 3600
3424 3425
3750 3750
3840 3840
3519 3520
3469 3470
3833 3834
3599 3600
3198 3198
3904 3905
3716 3717
3800 3800
4161 4162
3654 3655
3409 3409
3655 3655
3775 3776
3304 3305
3671 3671
3029 3029
3484 3484
3602 3603
3608 3609
3133 3134
3383 3384
3415 3416
3753 3754
3681 3681
3510 3510
3785 3786
3636 3637
3544 3544
3626 3627
3224 3224
3417 3418
3555 3556
3799 3800
3388 3389
3561 3562
3660 3661
3262 3262
3513 3514
3214 3215
3530 3530
3263 3263
3560 3561
3259 3260
3330 3330
3947 3948
3199 3200
3252 3253
2902 2903
3561 3562
3651 3651
3676 3677
3223 3224
3830 3831
4115 4115
3423 3424
3890 3890
3651 3651
3570 3571
3425 3426
3276 3276
4152 4152
3361 3362
3655 3656
3333 3334
3461 3462
3879 3879
3596 3596
3024 3025
3355 3355
3166 3167
2780 2780
4049 4049
3470 3471
3579 3579
2693 2694
3381 3382
4184 4185
3654 3655
3471 3472
3612 3613
3827 3827
3906 3906
3520 3521
3222 3223
2898 2898
4026 4026
3496 3497
3344 3344
2791 2791
3941 3942
3756 3756
3857 3857
3168 3168
3398 3398
3337 3338
3742 3743
3465 3466
3656 3656
3647 3648
3835 3835
3783 3784
2995 2995
3643 3644
3153 3153
3303 3304
2874 2874
4252 4253
3555 3556
3490 3491
2899 2899
3551 3552
3378 3379
3087 3088
4208 4209
3295 3295
3725 3725
3643 3644
3808 3808
3341 3341
3208 3208
3154 3154
3477 3478
3467 3467
3695 3695
3304 3304
3826 3827
4205 4205
3688 3688
3382 3383
3650 3650
3574 3574
3676 3677
3748 3749
3848 3849
3785 3786
3404 3404
3646 3647
3739 3739
3428 3429
3694 3694
3370 3370
3734 3734
