3246 3247
3688 3689
3954 3955
3320 3321
3387 3388
3437 3437
3369 3369
3152 3153
3192 3192
3869 3870
3690 3690
3884 3885
2965 2965
3636 3637
3081 3082
3768 3768
3460 3460
3090 3090
2880 2880
3686 3686
3161 3161
3317 3318
3605 3605
3751 3752
3222 3223
2945 2945
3468 3469
3505 3505
3392 3393
3717 3717
3474 3475
3345 3346
3151 3151
3414 3415
3165 3166
3572 3572
4024 4024
3738 3738
3081 3082
3359 3359
3260 3261
3771 3771
3817 3818
3622 3623
3334 3335
4018 4018
3665 3665
3252 3253
2724 2725
3638 3638
3252 3252
3289 3289
3476 3476
3196 3197
3702 3702
3486 3486
2986 2986
3544 3544
3164 3164
3806 3807
3147 3148
3549 3549
3408 3408
3318 3318
3800 3801
3321 3321
3164 3164
3173 3173
3540 3540
3537 3537
3101 3101
3056 3056
3408 3409
2776 2777
3908 3909
3314 3315
2848 2848
3321 3322
3276 3276
3300 3300
3763 3763
3227 3227
3551 3551
3889 3890
4165 4166
3702 3702
3222 3222
3308 3309
3790 3791
3534 3535
3434 3434
3033 3034
3614 3615
3623 3623
3103 3104
3898 3899
3968 3969
3177 3177
3536 3536
3419 3419
3601 3601
3133 3134
3351 3351
3570 3570
3049 3049
3561 3562
3537 3537
3620 3621
3186 3186
3938 3939
3321 3321
3801 3802
3513 3513
3777 3778
4025 4026
3354 3354
3198 3199
4087 4088
3505 3506
3732 3733
3557 3558
3381 3381
3332 3333
3291 3292
3991 3992
3402 3403
3332 3332
3946 3947
3498 3498
3187 3187
3411 3411
3331 3332
3447 3447
3261 3261
3572 3573
4106 4107
3993 3993
3050 3051
3599 3600
2890 2890
3503 3504
3395 3395
3337 3338
3099 3099
3891 3891
3876 3877
3379 3379
3606 3606
3692 3692
4194 4195
