3185 3186
2556 2556
3305 3305
3101 3102
3582 3582
3116 3117
3177 3178
3631 3632
3922 3922
3832 3833
3296 3297
3537 3538
4048 4049
3704 3705
3831 3831
3876 3877
3553 3554
3774 3774
4336 4337
3026 3026
3085 3085
3342 3343
3403 3404
3608 3609
3805 3806
3609 3609
3245 3245
3359 3359
2893 2893
3753 3753
3484 3484
3248 3249
3749 3749
3637 3637
3178 3178
3822 3823
3406 3407
3877 3877
3462 3463
3314 3315
3351 3351
3018 3018
3272 3272
3629 3629
3570 3570
3980 3980
3514 3514
3600 3600
3091 3092
3348 3349
3421 3421
3976 3976
3317 3317
3211 3211
3318 3318
3443 3444
3412 3412
3705 3706
3188 3188
3056 3057
3798 3799
3583 3584
3187 3188
3595 3595
3999 3999
3576 3577
3758 3758
3852 3852
3726 3727
2890 2890
3542 3543
3665 3665
3844 3844
3633 3634
3287 3287
3441 3442
3147 3148
3504 3505
3410 3411
3713 3713
3288 3289
3550 3550
2778 2779
2882 2882
3379 3379
3245 3246
3694 3695
3343 3343
3365 3366
3518 3519
3476 3476
4074 4074
3667 3668
3354 3354
3624 3624
3825 3826
3713 3714
3396 3396
3590 3590
3368 3369
4016 4016
3817 3818
3673 3673
3915 3915
3718 3719
4069 4069
3505 3505
2902 2903
3681 3682
3734 3734
3597 3598
4150 4151
3938 3939
4023 4023
4100 4100
3380 3380
4060 4061
3482 3483
3535 3536
4201 4201
3539 3540
3154 3154
3848 3849
3578 3579
3083 3084
3671 3671
3340 3341
3442 3442
3543 3544
3336 3337
3665 3666
3777 3777
3319 3320
3234 3234
3964 3965
4297 4298
3558 3558
2954 2955
3721 3721
3981 3981
3269 3269
2716 2717
3657 3658
3799 3799
4041 4042
4201 4202
3073 3073
3220 3220
3048 3049
3037 3038
