3429 3429
3498 3498
3617 3617
3187 3188
3070 3071
3540 3540
3055 3056
3615 3615
3763 3764
3643 3644
3473 3474
3499 3499
3544 3545
3287 3288
3339 3340
3647 3648
3677 3677
3677 3677
4002 4003
3801 3802
3261 3262
3518 3519
3461 3461
3418 3419
2925 2925
3437 3437
3181 3182
4028 4028
2915 2916
3460 3460
3475 3476
3062 3062
3576 3577
3900 3901
3681 3682
4030 4030
3550 3550
3641 3641
3374 3374
3296 3296
4128 4129
4025 4025
3065 3066
3537 3538
3343 3344
3320 3320
3209 3210
4124 4125
3890 3891
3734 3734
3784 3785
3773 3774
3780 3780
2980 2980
3626 3627
3235 3236
3276 3277
3769 3769
2773 2774
3255 3256
3189 3190
3683 3683
2967 2968
3039 3040
4023 4024
3287 3288
4180 4181
3784 3784
3101 3101
3408 3408
3025 3025
3596 3597
3233 3234
3462 3462
3717 3717
3762 3762
3540 3541
3752 3753
3112 3113
3789 3789
3360 3360
3866 3866
3780 3781
3210 3210
3083 3083
3250 3251
3385 3385
3638 3638
3262 3262
3787 3788
3918 3918
3028 3029
3018 3019
3817 3817
3540 3540
4072 4072
3360 3360
3898 3898
4241 4242
4120 4121
3480 3481
3723 3724
3458 3458
3526 3527
3246 3246
3647 3647
3612 3612
3663 3663
3374 3375
3414 3414
3098 3099
3359 3360
3571 3572
3066 3066
3428 3429
3235 3236
3633 3633
3574 3574
3195 3196
3508 3509
3545 3546
3531 3532
3332 3333
3383 3383
3192 3192
3622 3622
3814 3815
3410 3411
3472 3472
3778 3778
3719 3720
3667 3667
3229 3229
3425 3426
3328 3329
3718 3719
3839 3840
3795 3796
3636 3636
4022 4023
3019 3019
3380 3381
3704 3704
3563 3563
3200 3201
2886 2886
3501 3502
3075 3076
4299 4300
3422 3422
