3898 3898
3336 3337
3121 3122
3617 3617
3503 3504
3324 3324
3669 3669
3671 3672
3278 3279
3051 3051
3894 3895
3582 3582
3908 3908
3590 3591
3470 3471
3520 3520
3393 3393
4059 4060
3337 3337
3189 3189
3961 3962
3671 3672
3334 3334
4107 4108
3481 3481
3654 3655
3383 3384
3784 3785
3809 3809
3760 3761
2968 2969
3792 3793
3340 3341
3735 3735
3891 3891
3873 3873
2921 2922
3335 3336
2891 2891
3653 3653
3413 3413
4053 4053
3951 3951
3389 3390
2908 2909
3513 3513
3364 3364
4105 4106
3314 3314
3393 3393
3051 3052
3512 3512
3401 3402
3639 3640
3381 3382
3273 3273
3910 3911
3203 3204
2685 2686
3705 3706
4091 4091
3600 3600
3629 3630
3302 3302
3525 3525
3693 3693
3619 3620
3047 3048
2851 2852
3404 3405
3311 3312
3818 3819
3080 3080
3416 3417
3502 3502
3984 3985
4325 4325
3235 3236
3215 3215
3877 3877
3508 3509
3118 3118
3272 3272
3123 3124
3499 3499
3515 3515
3712 3713
3567 3567
3371 3372
3514 3515
2927 2928
3402 3402
3875 3875
3710 3710
3308 3308
3058 3059
3490 3491
3610 3610
3580 3580
3511 3512
3054 3054
3202 3202
3241 3241
3354 3355
3759 3760
3614 3614
3304 3305
2920 2920
3899 3899
3543 3543
3441 3442
3067 3067
3213 3213
3541 3541
3706 3706
3679 3680
3175 3176
3458 3458
2718 2718
3063 3064
3119 3120
3322 3323
3431 3431
3483 3483
3303 3304
4183 4183
3371 3371
3484 3485
3775 3775
3375 3376
3309 3309
3772 3773
3638 3638
3892 3893
3589 3589
3772 3772
3291 3292
3368 3369
3909 3909
3478 3478
3523 3523
3778 3778
3242 3243
3581 3581
3151 3151
3690 3690
3832 3833
2885 2885
3176 3176
3477 3478
