3657 3657
4151 4152
3715 3715
4221 4221
3391 3392
3346 3346
2895 2896
3317 3318
3529 3529
3199 3199
4028 4028
3481 3482
3411 3412
4020 4020
3387 3387
3638 3638
2971 2971
3737 3737
3592 3592
2806 2807
3363 3363
3172 3173
3739 3739
4438 4439
3379 3380
4082 4082
3646 3646
3742 3742
4115 4116
3353 3353
2907 2908
4353 4354
3225 3225
3756 3756
3214 3214
3038 3038
2785 2786
3243 3243
2922 2923
3075 3075
3958 3958
3475 3476
3124 3124
3491 3492
3523 3523
3758 3759
3600 3601
3546 3547
3470 3470
3177 3178
3709 3709
3658 3658
3122 3123
3445 3446
3681 3681
3541 3541
3689 3690
3430 3430
3465 3466
2958 2959
3664 3665
3865 3866
3131 3132
3569 3569
3469 3469
3416 3416
3393 3394
3137 3138
3458 3458
3911 3912
3650 3651
3254 3255
3039 3040
3764 3764
4049 4049
3108 3109
2923 2923
3631 3632
3252 3252
3475 3475
3506 3507
3529 3530
3331 3331
3193 3193
3548 3548
3277 3278
3626 3627
3590 3591
3767 3768
3623 3624
2980 2980
3555 3556
2990 2991
3434 3434
3319 3319
3169 3170
3989 3990
3187 3187
3348 3349
3883 3883
3691 3692
3140 3140
3531 3531
3750 3751
3922 3923
3647 3647
3426 3426
3880 3880
3559 3560
3443 3444
3389 3390
3262 3262
3545 3545
3581 3581
3672 3673
3894 3895
3558 3559
3773 3774
3436 3437
3821 3821
3859 3860
3162 3163
2935 2936
3357 3357
3577 3577
3851 3852
3273 3274
3548 3549
3247 3248
3634 3635
3046 3046
3796 3796
2999 3000
3345 3346
4044 4044
3972 3973
3449 3450
3792 3792
3489 3490
3645 3645
3528 3528
3149 3149
3160 3160
3816 3816
3302 3303
3894 3895
3867 3868
3013 3014
2848 2848
3384 3385
