4171 4172
3381 3381
3675 3676
3247 3248
3378 3378
3161 3162
3521 3521
3836 3837
3915 3915
3515 3516
3038 3039
3040 3041
3585 3585
3168 3169
3382 3382
3384 3384
3106 3106
2807 2807
3296 3297
4132 4132
3157 3158
3409 3409
3764 3764
3395 3395
3652 3652
3296 3296
3909 3910
2958 2958
3117 3118
4338 4338
4089 4089
3482 3482
3054 3054
3577 3577
4034 4035
3666 3666
4011 4011
3372 3372
3731 3732
3371 3371
3482 3483
3915 3915
3176 3176
3781 3782
3408 3408
3851 3852
3495 3496
3547 3548
3707 3707
2821 2822
3509 3510
3314 3315
3801 3802
3050 3050
3976 3976
4553 4553
3562 3562
2902 2903
3572 3572
3809 3810
3392 3392
2913 2914
3393 3393
3513 3514
3469 3469
3845 3846
3380 3380
3635 3635
3785 3786
3253 3254
3117 3118
3371 3371
3764 3765
2728 2728
3657 3657
2974 2974
3761 3761
3365 3366
3411 3411
3927 3928
3628 3628
3501 3502
3300 3301
3560 3560
3450 3451
3828 3829
3375 3375
3735 3736
3346 3347
3324 3324
3540 3540
3242 3243
3594 3595
4109 4109
3996 3996
3947 3947
3856 3856
3717 3717
3178 3179
3490 3490
3402 3402
3459 3459
3481 3481
3158 3158
3510 3510
3576 3576
3730 3730
3346 3346
3672 3673
3022 3023
3781 3782
3474 3475
3893 3894
3594 3595
3685 3685
3422 3423
3771 3772
3120 3121
3589 3589
3485 3485
3255 3256
3218 3219
3295 3296
3324 3324
3451 3452
3306 3307
3585 3586
3141 3142
3932 3933
4070 4070
3448 3449
3281 3281
3050 3050
3506 3506
3776 3776
3865 3866
4143 4143
3350 3350
3692 3692
3548 3548
3611 3612
3672 3672
3455 3455
3694 3694
3285 3285
3440 3441
3244 3245
3901 3901
3080 3081
3097 3097
