3425 3425
3678 3678
4380 4381
3328 3328
3807 3808
3517 3518
3637 3637
4274 4275
4089 4089
3113 3113
3612 3612
3505 3506
3359 3359
3679 3679
3432 3432
3554 3554
3630 3630
2991 2992
3601 3601
3747 3748
3230 3231
3232 3233
3463 3464
3832 3833
3389 3389
3254 3254
3522 3522
3967 3967
3508 3509
3014 3015
3458 3458
3225 3226
3478 3478
3898 3899
3919 3919
3483 3484
3211 3211
3898 3899
3471 3472
3165 3166
3866 3866
3333 3334
3493 3493
3896 3896
3864 3864
3872 3872
3476 3477
3610 3611
3586 3586
3312 3313
3052 3053
3762 3762
3551 3551
3376 3377
3691 3692
3156 3156
3477 3478
3811 3812
3252 3253
3028 3028
3539 3540
3173 3173
3667 3668
3379 3379
4144 4145
3700 3701
3757 3758
3267 3268
3474 3475
3460 3460
3353 3353
3570 3570
3828 3828
3635 3635
3402 3403
3318 3319
3239 3239
3585 3586
3339 3340
3344 3345
3335 3336
3324 3325
3615 3616
3603 3603
3096 3096
3182 3182
3408 3409
3412 3412
3557 3558
3431 3431
3752 3753
3431 3432
3474 3474
3921 3922
3505 3505
3021 3022
3515 3516
3359 3360
3368 3369
3342 3343
3761 3761
3588 3589
2675 2676
3777 3777
3300 3300
3644 3644
3344 3345
3993 3994
3766 3766
3353 3354
4026 4027
3913 3913
3948 3949
3529 3530
3257 3258
3517 3517
3722 3723
3734 3734
3807 3808
3327 3328
2752 2753
3385 3385
3134 3134
3405 3406
2982 2983
3171 3171
3485 3486
3411 3412
3651 3652
3129 3130
3555 3555
3639 3640
3836 3836
3837 3838
3298 3298
3458 3458
3710 3711
3134 3134
2883 2884
3711 3712
3458 3459
3054 3054
3231 3231
3033 3033
3429 3429
3625 3626
3569 3570
3404 3405
3973 3973
3062 3063
