4092 4093
3167 3168
3420 3421
2507 2508
2882 2883
3113 3114
3373 3374
3936 3936
3502 3502
3950 3950
3696 3697
3422 3423
2996 2997
3853 3854
3541 3542
3883 3884
2863 2864
3087 3088
4104 4105
3495 3495
3414 3414
3809 3810
3289 3290
3256 3256
3294 3294
3662 3663
4008 4009
3612 3613
3122 3122
3685 3686
3819 3820
4062 4062
3479 3479
3711 3711
3601 3602
3204 3205
2949 2949
3158 3159
3591 3591
3747 3747
3320 3321
3578 3578
3745 3746
3967 3967
3656 3656
3952 3952
3598 3598
4018 4018
3384 3385
3721 3722
3645 3646
3238 3238
3569 3570
3323 3324
3652 3653
2867 2868
3056 3057
3855 3856
3608 3608
3596 3596
3361 3361
3286 3286
2933 2933
3470 3471
3957 3958
3233 3233
3059 3059
3940 3941
3424 3425
3199 3199
3525 3526
3705 3706
3281 3282
3695 3695
3569 3569
3636 3636
3251 3252
2908 2909
2781 2782
2976 2976
4047 4047
3992 3993
3956 3956
3088 3088
3671 3672
3101 3101
3177 3177
4190 4191
3171 3172
3136 3136
3244 3245
3163 3164
3678 3678
3349 3350
3307 3307
3670 3670
3169 3170
3425 3426
3880 3880
3658 3658
4183 4184
3366 3367
3647 3648
3477 3477
3396 3396
3765 3766
3488 3489
3063 3064
3474 3474
2737 2737
2965 2966
3488 3488
3347 3348
3530 3531
3652 3653
3353 3354
3514 3515
3197 3197
3277 3278
3620 3620
3274 3274
4170 4171
3836 3837
3899 3899
3700 3701
3499 3500
3989 3989
3748 3748
3325 3325
3830 3831
3356 3357
4198 4199
3339 3340
3595 3595
3005 3005
3904 3905
3570 3571
3328 3328
3453 3453
3322 3322
3773 3774
3667 3667
3920 3920
3619 3619
3573 3573
3815 3816
2996 2996
3856 3857
3781 3781
3212 3212
