3223 3224
3759 3760
3632 3633
4153 4153
3207 3207
3655 3656
3077 3077
3318 3318
3986 3987
3686 3686
3421 3421
3748 3748
3318 3318
3384 3385
3564 3564
3985 3985
3719 3719
3097 3098
3478 3478
3838 3839
3152 3153
3585 3586
3352 3353
3711 3712
3063 3063
3249 3250
3151 3152
3494 3495
3064 3065
3937 3937
3152 3152
3528 3528
3667 3667
3006 3007
3675 3676
3916 3917
3669 3670
3640 3641
3221 3222
3211 3212
3181 3182
3523 3523
3393 3394
3218 3219
3577 3577
2821 2821
3523 3523
3503 3504
3470 3470
3406 3407
3764 3765
3865 3865
2983 2983
3334 3335
3705 3705
3756 3757
3777 3778
3479 3480
3396 3397
3532 3533
3921 3921
3314 3315
3058 3058
3726 3727
3372 3373
3631 3632
3533 3534
3482 3482
3436 3436
3621 3621
3271 3271
3265 3266
3309 3309
3812 3813
3453 3454
3938 3938
3199 3199
3917 3918
3383 3383
3323 3323
3823 3823
3611 3612
3669 3670
3226 3226
3736 3737
3534 3534
2731 2732
3775 3776
4035 4035
3495 3496
3589 3590
3807 3807
3329 3329
3218 3218
3269 3269
3495 3495
3640 3640
3619 3620
3660 3660
3546 3546
3203 3203
3626 3627
3109 3109
3678 3679
4027 4028
3544 3545
3058 3059
3063 3064
3084 3084
3243 3244
3030 3031
3700 3700
3530 3530
3483 3484
3456 3457
3209 3209
3194 3194
3589 3590
3139 3139
3163 3164
3007 3007
3336 3337
3498 3499
3420 3420
3295 3295
3330 3331
3892 3893
3408 3409
3404 3405
3499 3500
3628 3628
3915 3915
3509 3510
3407 3408
4263 4263
3825 3826
3338 3338
3263 3264
3085 3086
3453 3453
3293 3293
3330 3331
3470 3470
4152 4152
4046 4047
3758 3759
3774 3775
3539 3540
3318 3319
3914 3914
