3443 3443
3769 3770
3483 3483
3980 3980
3999 3999
3637 3637
3602 3602
3362 3362
3379 3379
3525 3525
3876 3877
3321 3322
3852 3852
3597 3597
3420 3420
3607 3607
3433 3433
3211 3211
3071 3072
3656 3657
3496 3496
2691 2692
3645 3645
3215 3216
3815 3816
2753 2753
3755 3756
3605 3606
4002 4003
3368 3368
3871 3872
3546 3547
2984 2985
2985 2985
3365 3366
3511 3512
3547 3548
3845 3845
3258 3258
3700 3701
3457 3458
3232 3233
3480 3481
3355 3356
3741 3741
3500 3501
4434 4434
2963 2964
3838 3838
3545 3546
4106 4106
3557 3558
3362 3362
3444 3445
3422 3423
3461 3462
4088 4088
3360 3360
3881 3882
3600 3600
3451 3451
3656 3656
3038 3039
3725 3726
3448 3449
3970 3971
3617 3618
3000 3001
3683 3684
3560 3560
3136 3136
3558 3558
3734 3735
3824 3824
3455 3455
3025 3026
3118 3119
3504 3504
3356 3356
3417 3417
3618 3618
3678 3678
3751 3751
3384 3384
3016 3016
3507 3508
3303 3304
3765 3766
4362 4363
3466 3467
3894 3895
3097 3097
3541 3541
3091 3091
3167 3168
3356 3357
3751 3751
3610 3610
3815 3815
4129 4129
3810 3810
3940 3940
3441 3442
3424 3424
3160 3161
3251 3252
4051 4051
3150 3150
3328 3328
3993 3994
3206 3207
3967 3967
3992 3992
3514 3514
3814 3815
3922 3922
2808 2809
3173 3174
3145 3145
3572 3573
3848 3848
2749 2749
3355 3355
3044 3044
3568 3569
3584 3585
3339 3339
3386 3387
4102 4103
3406 3407
3452 3452
3212 3213
3327 3327
3146 3147
3498 3498
3682 3682
4065 4066
3834 3835
3276 3276
3745 3745
3570 3570
3911 3911
3728 3729
3550 3550
3261 3261
3420 3420
3403 3403
3220 3221
3387 3388
3265 3266
