3673 3673
3879 3879
3580 3581
3228 3228
3219 3219
3363 3363
3280 3281
4089 4090
3314 3315
3256 3256
4164 4164
3189 3190
3483 3484
3164 3165
3220 3220
3112 3113
3476 3477
3667 3668
3201 3202
3763 3764
3984 3985
2737 2737
2856 2857
3617 3617
3812 3812
3441 3442
3745 3745
3706 3707
3323 3323
3434 3434
3842 3842
3395 3395
3442 3442
2920 2920
3884 3885
3236 3237
3704 3705
3595 3595
3203 3203
4142 4142
3154 3154
3615 3616
3412 3412
3601 3602
3420 3420
3498 3499
3593 3594
3395 3395
3803 3804
3115 3115
3493 3494
2668 2669
3692 3693
3626 3626
3306 3307
3239 3240
3976 3977
3659 3659
3662 3662
3520 3521
3278 3278
3544 3544
2703 2704
3203 3203
3887 3888
2740 2741
2723 2724
3771 3771
3689 3690
3852 3852
3394 3395
2936 2937
3704 3704
3319 3320
3945 3946
3563 3564
3650 3651
3699 3699
3879 3880
3920 3921
3082 3082
3281 3281
2948 2949
3942 3943
3865 3865
3375 3375
3544 3544
3391 3391
3826 3826
3521 3522
2842 2842
3698 3698
3688 3688
3685 3685
3044 3044
3538 3538
3963 3963
3397 3397
3625 3626
3612 3612
3254 3255
3702 3703
3089 3090
3273 3274
3290 3291
3216 3217
4074 4075
3603 3603
3078 3078
4054 4054
3224 3224
3753 3754
3278 3279
3594 3594
3051 3052
3206 3207
3187 3188
3628 3628
3641 3642
3258 3259
3189 3189
3665 3666
3960 3960
3615 3616
3560 3560
3659 3659
3717 3718
3447 3447
3322 3323
3589 3590
3328 3329
3679 3680
3700 3700
3751 3752
3363 3364
3558 3559
3457 3457
3500 3501
3959 3959
4002 4003
3079 3080
3694 3694
3896 3896
3687 3688
3894 3895
3569 3569
2960 2960
3829 3829
2944 2944
3723 3724
