3925 3925
3776 3776
3227 3227
3430 3431
3309 3309
3242 3243
3188 3189
3018 3018
3535 3536
3427 3428
3699 3699
3384 3384
3933 3934
3936 3937
3934 3934
3453 3454
3679 3679
3198 3198
3054 3054
3220 3220
3282 3283
3994 3994
3650 3651
3711 3711
3431 3431
3260 3260
3918 3919
3299 3300
3169 3169
3923 3924
3193 3193
3963 3964
3415 3416
3629 3629
3264 3265
3170 3171
2909 2909
3646 3647
3162 3162
3585 3586
3239 3239
3162 3163
3497 3497
3473 3473
3608 3608
3818 3818
3745 3745
2910 2911
3104 3104
3272 3272
3438 3438
3392 3393
3169 3170
3302 3302
3819 3819
3379 3379
3169 3169
3128 3128
3132 3132
3341 3341
4110 4111
4264 4265
3122 3122
3560 3560
3444 3445
3750 3751
3211 3212
3295 3296
3344 3344
3552 3553
3773 3774
4339 4340
3137 3138
3574 3574
3726 3726
3689 3690
3124 3125
3150 3150
3472 3473
3425 3426
4050 4051
3103 3103
3053 3054
3443 3443
3616 3617
4008 4009
4047 4048
2991 2991
3095 3095
3058 3059
3322 3323
3830 3831
3720 3721
3184 3184
4008 4009
4011 4011
3730 3730
3211 3212
3112 3112
3095 3095
4042 4043
3905 3906
3024 3025
3584 3584
3614 3615
3469 3469
3686 3687
4137 4138
4046 4047
3631 3632
3473 3473
3794 3794
3180 3181
3224 3225
3557 3558
3297 3298
2661 2662
3674 3674
3364 3364
3568 3569
3335 3335
3156 3157
3044 3044
3616 3616
3827 3827
4019 4020
3312 3313
3023 3023
3913 3913
3156 3156
3776 3777
3443 3443
3077 3077
4244 4245
3795 3795
3485 3485
3608 3608
3564 3565
3513 3514
3770 3770
3377 3377
3358 3358
3846 3847
3793 3793
3508 3509
3968 3968
3476 3476
3475 3476
3735 3735
3710 3711
