3475 3475
3423 3424
3364 3364
3611 3611
3363 3363
3279 3279
3380 3380
3386 3386
3719 3719
3584 3584
3163 3163
2824 2824
3101 3101
3740 3741
3720 3720
3269 3270
3884 3884
3370 3370
3573 3573
3025 3025
3654 3655
3273 3274
3666 3667
3051 3051
3612 3613
4159 4160
3299 3299
3880 3880
3431 3432
3034 3034
3744 3744
3451 3451
3358 3359
3230 3231
3976 3976
4267 4268
3426 3427
3922 3923
3078 3079
3861 3861
3691 3692
3174 3174
3270 3271
3205 3205
3496 3497
3246 3246
3501 3501
3757 3757
3477 3478
3578 3578
3685 3685
3590 3591
3043 3044
3086 3087
3377 3377
3363 3363
2995 2995
3616 3617
3834 3834
3204 3204
3587 3587
4052 4052
3316 3316
3079 3080
3887 3887
3536 3537
3759 3759
3042 3043
3514 3514
4316 4317
3790 3791
3807 3808
3747 3748
3166 3166
3832 3833
3669 3670
3432 3433
3022 3022
3239 3240
3436 3437
3243 3244
3359 3359
3419 3420
3611 3611
3099 3100
3626 3627
3516 3516
4147 4148
3522 3522
3311 3311
3563 3563
3429 3429
3930 3931
2927 2927
3105 3105
3809 3809
3706 3706
3545 3545
3446 3447
3737 3738
3276 3276
3924 3925
3468 3468
3761 3761
4301 4302
3200 3201
4381 4382
4182 4183
3205 3205
3233 3234
3100 3101
3534 3534
3306 3306
3491 3492
3456 3456
3335 3336
3685 3686
4146 4147
3426 3427
3578 3579
3456 3456
3424 3425
2900 2900
3678 3679
2961 2961
3324 3325
3385 3386
3597 3598
3595 3595
3645 3645
3523 3523
2973 2974
3192 3192
3812 3812
2755 2755
3610 3611
4123 4123
4262 4263
3157 3158
3129 3129
3530 3530
3185 3185
4252 4253
4054 4054
3531 3532
3656 3657
3670 3671
2908 2909
3685 3686
3433 3433
