3632 3633
3487 3488
3247 3248
4177 4177
3857 3858
3702 3702
3544 3544
3506 3507
3382 3383
3420 3421
3026 3026
3241 3242
3519 3520
3146 3147
3426 3427
3428 3429
3944 3945
3893 3894
3338 3339
3802 3803
3608 3609
3342 3343
3777 3777
2583 2584
3865 3866
3453 3454
3694 3694
3193 3193
3863 3863
3760 3760
3417 3417
3501 3502
3497 3497
3551 3551
3069 3069
3879 3880
2815 2816
3298 3299
3446 3447
4020 4021
3713 3714
3208 3208
3971 3971
3829 3829
3317 3318
3252 3252
3460 3460
3052 3052
3661 3661
3736 3736
4020 4021
3385 3386
2945 2946
3258 3258
3236 3236
3700 3701
3234 3234
3230 3230
3592 3592
3649 3650
3142 3143
3422 3422
3684 3685
3320 3321
2898 2899
3737 3737
3646 3646
3309 3309
3889 3889
3373 3374
2909 2909
3816 3817
3497 3497
3461 3462
3373 3373
3427 3428
3169 3169
3869 3870
3210 3211
3780 3781
3215 3215
3594 3594
4378 4378
3836 3837
3615 3615
3531 3531
3251 3252
4013 4014
2956 2956
2710 2711
3740 3741
3101 3101
3687 3688
3782 3782
3989 3990
3206 3206
3578 3578
3706 3706
3946 3947
4248 4249
3666 3667
3389 3390
3818 3818
3343 3344
4020 4020
3562 3563
3830 3830
3589 3590
3555 3555
3637 3637
3627 3627
3720 3720
4081 4081
3286 3287
3746 3747
3446 3447
3546 3547
3667 3667
3518 3518
3536 3536
2893 2894
3212 3213
3528 3529
4130 4130
3453 3453
3403 3403
3653 3653
3666 3667
3436 3437
3288 3289
3512 3513
3628 3629
3384 3385
3629 3629
3736 3736
3756 3756
3532 3532
2962 2962
3919 3920
3924 3924
3071 3072
3716 3717
3702 3702
3293 3293
3734 3734
3942 3942
3238 3239
3365 3366
3797 3797
3630 3631
