3497 3497
3427 3427
3708 3708
3419 3420
3660 3661
3300 3300
3283 3283
3712 3712
3570 3570
3628 3629
3100 3100
3915 3915
3343 3344
3130 3131
4194 4194
3439 3440
3399 3400
3801 3802
3925 3926
3220 3221
4015 4016
3622 3622
4177 4177
3029 3030
3581 3582
3216 3217
3516 3517
3832 3832
3898 3898
3056 3056
3396 3396
3328 3328
3466 3467
3498 3499
3134 3134
3474 3475
3578 3579
3336 3337
3393 3394
3503 3504
3460 3460
3193 3194
3172 3173
3537 3538
3269 3269
3395 3395
3844 3844
3650 3651
3762 3763
3005 3006
3172 3173
3835 3836
3572 3572
3620 3620
2977 2978
3183 3183
2993 2994
3425 3426
3355 3355
4237 4237
3167 3168
3855 3856
3633 3633
3076 3076
3770 3771
3578 3579
3583 3584
3093 3093
3449 3449
3704 3705
3574 3574
3318 3319
3345 3345
3513 3513
3604 3605
3531 3531
3052 3053
3281 3281
3300 3300
3142 3142
3806 3807
3649 3650
3657 3657
3403 3403
3423 3424
3986 3986
3198 3199
3849 3850
3677 3677
3293 3294
3613 3613
3185 3186
3280 3281
3234 3234
3238 3239
3911 3912
4047 4047
3902 3902
3515 3516
3037 3037
3297 3297
3187 3188
3150 3150
4345 4346
3172 3173
3611 3611
3183 3184
3492 3493
4142 4142
3246 3246
3284 3284
3473 3473
3632 3632
2604 2604
3857 3857
3601 3602
3332 3332
3976 3977
3320 3321
3639 3639
3322 3322
4072 4073
3633 3633
3697 3698
3172 3173
4088 4089
3711 3711
3378 3379
3539 3540
3254 3254
3642 3642
3185 3186
3809 3809
3697 3698
2969 2969
3325 3326
3489 3489
3897 3898
3365 3366
3637 3638
3869 3870
3737 3737
3354 3354
3240 3240
3711 3711
3530 3530
2828 2828
3807 3807
3822 3823
3749 3750
