3318 3319
3469 3470
3308 3308
3546 3547
3383 3384
3015 3016
3030 3031
3577 3578
3161 3161
3784 3784
3698 3699
3707 3707
3716 3717
3559 3560
3311 3311
3239 3240
3386 3386
3399 3400
2978 2979
3328 3328
3783 3783
3864 3865
3418 3418
3146 3146
3239 3239
3264 3265
3702 3703
3092 3093
4204 4205
3249 3249
3426 3426
3924 3924
3849 3850
3536 3536
3798 3799
3233 3234
3586 3586
3001 3001
3802 3803
3513 3514
3149 3149
3453 3453
3774 3774
2818 2819
3436 3437
3291 3291
3328 3328
2980 2981
3065 3065
2487 2487
3904 3905
2865 2865
3390 3390
3765 3765
3374 3375
3532 3532
4146 4147
2856 2857
3631 3631
3643 3644
3200 3200
3592 3593
3478 3479
3271 3272
3853 3854
3284 3285
3012 3013
3416 3417
3196 3196
3033 3034
3234 3235
3336 3336
3662 3663
3567 3568
3412 3412
3524 3525
3735 3736
3272 3272
3563 3564
3931 3931
3175 3175
3685 3685
3837 3837
3425 3425
3603 3604
3476 3477
3508 3509
3546 3546
3544 3545
3616 3617
3696 3696
3712 3713
3468 3468
2929 2930
3665 3666
3104 3105
4112 4113
2895 2896
2621 2621
3510 3511
3541 3542
3831 3832
2752 2752
3269 3269
3485 3485
3323 3324
2742 2742
3616 3617
3173 3174
3522 3523
3516 3517
3374 3374
3791 3792
4044 4045
3352 3353
2947 2948
3555 3555
3474 3475
3784 3784
4249 4250
3623 3624
3725 3726
3236 3236
3241 3242
3940 3941
3235 3236
3151 3151
3509 3510
3023 3024
3227 3228
3364 3365
4005 4005
3462 3462
3499 3499
3323 3323
2885 2886
4060 4060
3386 3386
3231 3232
3273 3274
3650 3651
3204 3205
3294 3295
4131 4131
3822 3823
3385 3386
3355 3356
3891 3891
2958 2959
3218 3219
