3331 3332
3763 3764
3520 3521
3672 3673
3743 3744
3310 3311
3415 3416
3388 3388
3835 3835
3141 3142
3561 3562
3794 3795
3487 3487
3479 3479
3256 3257
3578 3579
3651 3651
3188 3189
3415 3415
3491 3491
3801 3802
3756 3757
3861 3861
3731 3732
3528 3529
3156 3156
3033 3034
3479 3480
2685 2686
3290 3291
3318 3318
3988 3989
3554 3554
3334 3334
3995 3996
3718 3718
3792 3792
3966 3967
3384 3385
3786 3786
2936 2937
2832 2833
4072 4073
3292 3292
2844 2844
3912 3912
2795 2795
3331 3332
3369 3369
3214 3214
3783 3783
3990 3990
3666 3667
3280 3281
3397 3397
3405 3405
3943 3943
4095 4095
3892 3892
3550 3551
3564 3565
3526 3527
3839 3840
3415 3415
3628 3628
3555 3556
3744 3744
3888 3888
3335 3336
3605 3606
2903 2903
3496 3497
3444 3445
3646 3647
3804 3804
3446 3447
3258 3259
3433 3434
3384 3385
3916 3916
3825 3825
3472 3472
3689 3690
3725 3726
3757 3757
3346 3346
2889 2889
3630 3630
3712 3713
3629 3629
3204 3204
4097 4098
4031 4031
3219 3219
3107 3107
3628 3628
3779 3779
3470 3470
3007 3007
2603 2603
4117 4117
3614 3615
3592 3593
3523 3524
3392 3393
3487 3487
2791 2792
3177 3177
3949 3949
3328 3329
3964 3964
3470 3471
3799 3799
3566 3566
3747 3747
3499 3499
3196 3196
3304 3305
3713 3714
3964 3964
3296 3296
3345 3346
3393 3394
3974 3974
3295 3295
3056 3056
3443 3443
3959 3959
3249 3250
3172 3173
3669 3669
3774 3775
3297 3298
2846 2846
3459 3460
3748 3748
3502 3502
3053 3054
3688 3689
3175 3175
3000 3001
3296 3296
3887 3887
3317 3317
3603 3604
4029 4030
2838 2838
3116 3116
3725 3725
3692 3692
