3431 3431
3708 3709
3800 3800
3510 3511
3450 3450
3694 3695
3761 3761
3471 3471
3842 3842
3270 3271
3337 3337
3469 3470
2694 2695
3465 3465
3471 3471
3922 3923
3508 3508
3171 3172
3703 3704
3482 3482
3394 3394
3557 3557
3857 3858
3496 3496
3092 3093
2730 2731
3374 3374
3739 3739
3211 3212
3570 3571
3052 3052
3483 3484
3526 3527
3697 3698
3395 3395
3552 3552
3576 3577
3435 3435
3357 3358
4065 4065
3377 3377
3719 3720
3120 3120
3373 3373
3808 3808
3168 3168
3169 3170
3877 3877
3851 3852
4170 4170
3154 3154
2898 2898
3416 3416
4048 4048
3505 3506
3305 3305
3281 3282
3068 3068
3998 3999
3810 3810
3828 3829
3446 3446
3549 3549
4173 4173
3399 3399
2941 2941
3369 3369
3480 3481
3626 3626
3494 3495
3605 3605
3379 3380
3908 3908
3307 3307
3221 3221
3400 3401
3081 3081
3863 3863
3836 3837
2678 2678
3256 3257
3374 3375
3612 3612
4006 4007
3130 3131
3969 3970
3174 3175
3122 3122
3491 3491
3549 3549
3927 3927
3215 3216
4285 4285
3794 3794
3285 3285
3530 3531
3701 3701
3088 3088
3818 3819
3585 3585
3105 3105
3960 3960
3227 3228
3594 3595
3701 3701
3359 3359
3842 3842
3645 3645
3567 3568
3754 3754
3568 3569
3101 3101
3734 3734
3249 3250
3154 3154
3526 3526
3411 3412
3636 3637
3697 3698
3504 3505
3490 3491
3578 3578
3851 3851
3227 3227
3885 3886
3798 3799
3428 3428
3590 3591
3759 3759
4073 4074
3408 3409
3555 3555
3885 3886
3696 3697
3933 3933
2892 2892
3021 3021
3565 3565
3630 3630
3708 3708
3629 3629
3964 3964
3938 3939
3696 3696
3691 3691
3332 3332
3994 3994
3571 3571
3542 3543
3583 3584
