3023 3023
3533 3534
3379 3380
3392 3392
4190 4191
3249 3249
3536 3537
3523 3523
3421 3422
3729 3729
3310 3310
3464 3465
3102 3102
3280 3280
3248 3248
3054 3054
3059 3059
3009 3010
3356 3356
3329 3329
3367 3368
3890 3890
3092 3092
3398 3399
3706 3706
3691 3691
3915 3916
3292 3292
3471 3471
3456 3456
3677 3678
3129 3129
3281 3281
3328 3329
3522 3523
3323 3324
3461 3461
3805 3805
3447 3448
3269 3269
3294 3295
3337 3338
3424 3424
3688 3688
3587 3587
3455 3456
3538 3539
3464 3465
3429 3429
3240 3240
3798 3799
3331 3332
3931 3932
3850 3851
3121 3122
3399 3400
3469 3469
3598 3599
3827 3827
3459 3460
3519 3520
3254 3254
3400 3400
3357 3357
3209 3209
3316 3317
3849 3849
2811 2812
3380 3381
3234 3235
3678 3679
3800 3801
3808 3808
3465 3465
3751 3752
3582 3583
3483 3483
3129 3130
3495 3495
4303 4304
3522 3522
3794 3794
3423 3424
3859 3859
3328 3328
3709 3709
3735 3735
3303 3303
3263 3263
3412 3412
3641 3642
3710 3711
3406 3407
3664 3665
3600 3600
3665 3665
3801 3802
3583 3584
3413 3414
3337 3337
3777 3777
3255 3255
3260 3261
3318 3319
3683 3683
3091 3092
3348 3349
3709 3710
3351 3351
3398 3398
3371 3372
3731 3732
3978 3979
4088 4088
3709 3709
3903 3903
3743 3744
2861 2861
3662 3663
3884 3884
3672 3673
3680 3680
3361 3361
3315 3316
3989 3990
3503 3503
3849 3849
3842 3842
3753 3754
3281 3282
3404 3404
3386 3386
3806 3807
3381 3382
3560 3560
3534 3534
3463 3464
3409 3409
3758 3759
3198 3199
3024 3025
3373 3374
3509 3509
3407 3407
3759 3759
3197 3198
3151 3152
3603 3603
3207 3208
3478 3479
