3680 3681
3287 3288
3957 3958
3261 3262
4071 4071
3682 3682
3424 3425
4006 4006
3318 3318
3809 3809
3702 3703
3379 3379
3048 3049
3609 3609
3536 3537
2968 2968
3252 3253
3046 3047
2850 2851
3863 3864
3433 3434
3264 3265
3004 3005
3349 3350
3393 3393
3351 3352
3722 3723
3178 3178
3334 3334
3224 3225
3065 3065
3979 3980
3694 3695
3636 3637
3817 3817
3579 3579
3003 3004
3286 3287
2838 2839
3534 3534
3774 3774
3730 3730
3193 3194
3934 3934
3440 3441
3528 3528
3119 3120
3674 3675
3497 3498
3336 3336
3038 3039
3138 3139
3548 3548
3315 3316
3650 3650
3067 3067
2851 2852
3507 3508
2894 2895
3940 3940
3233 3234
3864 3864
3435 3435
3583 3583
3437 3438
3354 3355
3745 3746
3324 3324
3378 3378
4098 4098
3800 3800
2844 2845
3847 3847
3383 3383
4096 4096
3812 3813
3267 3268
3072 3073
4053 4054
3374 3374
3499 3499
3055 3056
3792 3792
3662 3662
3206 3206
3513 3514
3651 3652
3407 3408
3687 3688
3466 3466
3167 3167
3527 3528
3591 3591
3296 3296
3054 3054
2939 2940
3338 3338
3027 3028
3769 3770
3504 3505
3625 3625
3539 3540
4079 4079
3296 3297
3779 3780
3877 3878
3285 3286
3480 3481
3621 3622
3173 3174
3600 3601
2889 2889
3784 3785
3984 3985
3371 3371
3686 3687
3950 3951
3654 3654
3308 3308
3429 3430
3280 3280
3936 3937
3892 3893
3879 3880
3572 3572
4342 4343
3525 3525
3248 3249
3436 3437
3391 3392
3270 3271
3338 3338
3893 3893
3350 3351
3069 3070
3539 3540
3312 3312
3423 3424
3525 3525
3364 3365
3781 3781
3198 3198
2977 2977
3795 3795
3746 3746
3259 3259
3593 3594
3796 3797
4020 4020
3595 3595
