3130 3130
3233 3233
3823 3824
3423 3424
3476 3477
3800 3800
3853 3853
3768 3768
3796 3796
3621 3622
3303 3304
2972 2972
3670 3671
3678 3678
2784 2785
3845 3846
2818 2818
3372 3372
3186 3187
3160 3161
3121 3121
3328 3328
3886 3887
3123 3124
3733 3734
3008 3009
3203 3203
3595 3595
3223 3224
3999 3999
3694 3694
3494 3495
3282 3283
3497 3497
3713 3713
3275 3275
3471 3471
3867 3867
3498 3498
3419 3420
3423 3423
2749 2749
3405 3405
3838 3838
3316 3316
3603 3604
3323 3324
3172 3172
3594 3595
3226 3227
3803 3803
3313 3314
3293 3294
3347 3348
3287 3287
3035 3035
3380 3381
3813 3814
3433 3434
3527 3528
2798 2798
3415 3415
3382 3382
3893 3894
4121 4121
3274 3274
3919 3920
2917 2917
3817 3818
3973 3974
3062 3063
3354 3354
3130 3130
3719 3720
3640 3641
3353 3353
3384 3384
3948 3948
3377 3377
3513 3513
3558 3559
3240 3241
3242 3243
3383 3383
3664 3665
3703 3703
3653 3654
3650 3650
3720 3721
3368 3369
3188 3188
3783 3784
3257 3257
4040 4041
3270 3270
2853 2853
3978 3978
3417 3417
3657 3657
3200 3200
3376 3376
3788 3789
3604 3605
3965 3965
3118 3119
3653 3654
2658 2659
4037 4037
3494 3494
3623 3624
3284 3285
3579 3579
3619 3620
3268 3269
3545 3546
3327 3328
4592 4593
3519 3519
3616 3616
3241 3241
3284 3284
3316 3317
3149 3149
3686 3686
3634 3634
3649 3649
3846 3846
3632 3633
3661 3661
3481 3481
3244 3244
4033 4033
3281 3281
3054 3054
3902 3902
3952 3952
3602 3602
3703 3703
4002 4002
3533 3534
3163 3163
3060 3061
3759 3760
3662 3663
3050 3050
3777 3777
3547 3548
3354 3354
3942 3942
3173 3173
