3644 3645
3357 3358
4244 4244
3109 3110
3551 3552
3667 3668
3021 3021
3782 3782
3994 3994
3023 3023
3197 3198
3431 3432
3966 3966
3265 3265
3626 3626
3945 3945
3302 3302
3573 3574
3588 3588
3327 3327
3395 3396
3171 3171
3391 3392
4040 4040
3887 3887
3635 3635
3374 3375
3263 3263
3010 3011
3280 3280
3621 3621
3649 3649
4167 4167
3904 3905
4013 4013
3540 3541
3412 3412
3381 3382
3410 3410
3446 3446
3704 3704
3432 3432
3292 3293
3937 3937
3758 3758
3676 3677
3046 3047
3848 3848
3098 3099
2812 2812
2979 2980
2929 2930
3601 3602
3862 3863
3441 3441
3981 3982
3525 3526
3980 3980
3151 3152
3496 3496
4100 4100
2905 2905
3511 3512
3840 3841
3118 3119
3626 3626
2444 2445
3241 3242
3571 3572
4122 4123
3053 3054
3468 3469
3682 3683
3340 3341
4423 4423
3390 3391
3812 3813
3479 3480
3497 3498
3603 3603
4246 4246
3481 3482
3491 3492
3210 3210
3740 3741
3987 3987
3233 3233
3528 3528
3741 3741
3496 3497
3877 3877
3711 3712
3744 3744
3533 3533
3341 3342
3831 3832
3460 3460
3729 3729
3627 3628
3843 3843
3867 3868
3819 3820
3205 3206
3458 3459
4079 4079
4352 4353
3901 3901
3831 3831
3620 3620
3813 3813
3803 3804
3942 3942
3428 3428
3365 3365
3593 3594
3243 3244
3333 3334
3414 3414
3548 3548
3280 3281
3493 3493
3354 3354
3116 3117
3357 3357
3332 3332
3257 3258
3500 3500
3853 3853
3267 3268
3667 3668
3227 3227
3820 3821
3722 3722
3620 3620
3410 3410
3812 3813
3111 3111
3602 3603
3293 3294
3874 3874
3798 3798
4213 4213
3300 3301
3872 3873
3260 3261
3363 3364
3376 3376
3690 3690
4036 4036
3556 3556
