3333 3333
3662 3662
3503 3504
3549 3550
3339 3340
3256 3256
3736 3737
3648 3649
3635 3635
3515 3516
3257 3257
3731 3732
3342 3343
3534 3535
3292 3292
3235 3235
3665 3666
3909 3909
3288 3288
3686 3687
3354 3354
3107 3107
3210 3211
3324 3325
3234 3234
3608 3608
3511 3512
4013 4013
3022 3022
3638 3639
3556 3556
3958 3959
3442 3443
4206 4206
2967 2967
3729 3730
2862 2862
3578 3579
3400 3400
3128 3129
3062 3063
3631 3632
3569 3569
3781 3781
3754 3754
3751 3752
3359 3360
3716 3716
3883 3883
3151 3152
3889 3889
3878 3878
3356 3356
3262 3262
3671 3672
4053 4054
3203 3203
3581 3581
4117 4117
3534 3535
4076 4076
3780 3780
3327 3328
4059 4060
3710 3711
3407 3408
3650 3651
3992 3993
3213 3213
3795 3796
3644 3644
3545 3545
3749 3749
3226 3226
3401 3402
3392 3392
4080 4080
3329 3329
2694 2694
3393 3394
3254 3254
3440 3440
3395 3395
3596 3596
3266 3267
3406 3407
3790 3790
3923 3923
3440 3440
3500 3501
3366 3366
3334 3334
3683 3683
3453 3454
3402 3403
3714 3714
3468 3468
3447 3447
3035 3036
3388 3389
3723 3724
4369 4369
3411 3412
3960 3961
3401 3402
3449 3449
3629 3629
4021 4021
3140 3140
3168 3169
3552 3553
3714 3715
4258 4258
3672 3672
3734 3735
3377 3377
3062 3062
3413 3413
3883 3884
3672 3672
3407 3407
3595 3595
3485 3485
3074 3074
3199 3200
3040 3040
3381 3382
3361 3362
3441 3442
4033 4033
3363 3363
3666 3667
3266 3267
3480 3481
3352 3353
3348 3348
3236 3236
3858 3858
3781 3782
3548 3549
3248 3249
3759 3759
3360 3361
3124 3124
3801 3801
3197 3197
3421 3422
3711 3712
3746 3746
3788 3789
