3076 3076
2979 2980
3366 3366
3237 3238
3398 3399
3348 3349
3002 3003
3668 3669
3263 3264
4353 4353
3717 3717
3308 3309
3313 3314
3443 3444
3599 3600
3648 3648
3380 3381
3428 3429
3382 3383
3124 3125
4049 4050
3309 3309
4010 4011
3596 3596
3439 3440
4023 4023
3202 3203
3341 3342
3259 3259
3459 3460
3396 3396
3246 3247
2914 2914
3466 3467
3316 3317
4232 4232
3111 3111
3518 3518
2729 2730
3413 3413
3605 3606
3425 3426
3199 3200
3466 3466
2863 2864
3551 3552
3140 3141
3348 3348
3283 3283
2646 2646
3403 3403
3952 3952
3089 3089
3307 3307
3437 3437
3614 3615
3722 3722
3355 3356
3119 3120
3653 3654
4012 4012
4145 4146
3280 3280
3892 3892
3664 3664
3649 3649
2801 2801
3797 3797
3127 3128
2932 2933
3036 3036
3789 3790
3892 3892
3060 3060
3735 3735
3590 3590
3384 3385
3501 3502
3356 3356
3257 3257
3921 3921
3512 3512
3182 3182
3422 3423
3611 3611
3130 3131
3318 3319
3205 3206
3775 3775
3576 3577
3646 3647
3325 3325
3481 3481
3937 3937
3750 3751
2800 2800
3443 3444
2698 2699
3580 3581
3653 3653
3608 3608
3565 3565
3919 3919
3464 3465
3778 3779
3512 3512
3635 3635
2979 2979
2602 2602
3561 3561
3666 3667
3432 3433
3494 3495
3008 3009
3336 3337
3259 3259
2948 2949
3015 3016
3685 3685
3430 3430
3157 3157
3810 3810
3986 3987
3417 3417
3186 3187
3773 3773
3219 3219
3835 3836
3574 3574
3927 3928
4085 4085
3424 3425
3358 3358
2558 2558
3575 3575
3155 3155
3527 3528
3926 3926
2958 2958
4204 4204
3810 3810
3295 3295
3501 3502
3849 3849
3004 3004
4115 4115
3997 3997
3948 3948
3330 3330
3583 3584
