3263 3264
4214 4214
3196 3197
3264 3264
3577 3577
3532 3533
3533 3534
3423 3424
3865 3865
3512 3512
2966 2966
3693 3694
2820 2821
3806 3806
3945 3946
3596 3596
3765 3765
3464 3465
2910 2910
2959 2959
3440 3440
3331 3331
3518 3518
3667 3667
3610 3611
3464 3465
3817 3817
3345 3346
3289 3289
3610 3610
2801 2801
3601 3602
3328 3328
3925 3926
3600 3601
3716 3716
3807 3807
3651 3651
3374 3374
3257 3257
3313 3313
3610 3611
3506 3507
3502 3502
2837 2837
3305 3306
3205 3205
3547 3548
3480 3480
3874 3875
3366 3367
3823 3824
3562 3563
2845 2846
4060 4061
3776 3777
3175 3176
4243 4244
3795 3796
3370 3370
3821 3822
3407 3408
3676 3677
3333 3333
3598 3598
4186 4187
3056 3057
3537 3537
3632 3632
3393 3393
3278 3278
3919 3920
3927 3928
3761 3761
3420 3420
4166 4167
2911 2911
3278 3279
3387 3388
3455 3455
3472 3472
3587 3587
3464 3464
3701 3701
3734 3735
3652 3652
3950 3950
3284 3285
4149 4149
2960 2961
3118 3118
3556 3557
3197 3197
3420 3420
3386 3387
4038 4038
3509 3509
3236 3237
3829 3829
3498 3499
3865 3866
3625 3626
3516 3517
3646 3646
3664 3665
3460 3461
3900 3901
3653 3654
3489 3490
3648 3648
3268 3268
3805 3805
3753 3754
3467 3468
3926 3927
3348 3349
3391 3392
3801 3801
3189 3189
4010 4010
3764 3764
3276 3277
3382 3383
2676 2677
3743 3744
4238 4238
3650 3651
2933 2933
2965 2965
3756 3756
3737 3737
3700 3701
3579 3579
3649 3649
3197 3198
2966 2967
2964 2964
3036 3037
3459 3459
3245 3245
3621 3622
2846 2846
3472 3472
3836 3837
3147 3147
3632 3632
3447 3447
3500 3501
3478 3479
3307 3308
