3799 3799
3157 3158
3761 3762
3403 3403
3385 3385
3533 3534
3277 3277
3753 3753
3329 3330
3952 3953
3792 3792
3575 3576
3295 3296
3718 3718
3452 3453
3424 3424
3690 3691
3213 3214
3772 3772
4114 4115
3836 3836
3003 3004
3710 3710
3774 3774
4007 4007
3991 3991
3733 3733
3766 3767
3833 3834
3931 3931
3649 3649
3499 3499
3597 3598
3026 3027
3539 3540
3835 3835
3976 3976
3338 3339
3683 3683
3310 3311
3161 3161
3582 3583
3898 3898
3680 3681
3251 3252
3401 3401
3160 3160
3345 3346
3339 3339
3393 3393
3264 3265
3607 3608
3452 3452
3737 3737
3954 3955
3985 3986
3447 3448
3737 3737
3015 3016
3066 3066
3294 3295
4058 4058
3730 3731
3818 3819
3788 3789
3355 3356
3026 3027
3620 3621
3527 3528
3551 3551
3584 3584
3603 3604
3831 3832
3535 3535
4204 4205
3100 3101
3930 3930
3455 3455
3659 3660
4038 4039
3233 3233
3362 3363
3780 3781
3800 3801
3512 3513
3839 3840
3601 3601
3633 3634
3837 3837
3354 3354
3919 3920
3643 3643
3085 3086
4066 4066
3967 3967
3331 3331
2995 2996
3933 3933
3135 3135
3782 3782
3314 3315
3433 3433
3241 3242
3260 3261
2900 2901
3717 3717
3168 3168
2963 2963
3541 3542
3420 3420
2833 2833
3080 3080
4022 4023
3200 3201
3388 3389
3045 3046
3442 3442
3349 3350
3585 3586
3612 3612
3272 3273
3483 3483
3666 3666
3549 3549
3394 3394
3448 3449
4106 4107
3137 3138
2904 2905
3050 3051
3896 3897
3427 3427
3225 3225
3962 3962
3751 3751
3593 3593
3803 3804
3189 3189
3338 3338
3772 3773
3618 3618
3250 3251
3989 3990
3710 3710
3764 3764
3281 3282
3665 3666
3050 3050
3414 3415
3599 3600
