3577 3577
3080 3081
3208 3209
2526 2527
3682 3682
2855 2855
3585 3585
3967 3968
3389 3389
3585 3585
3990 3991
3688 3689
3494 3494
3615 3615
2887 2888
3873 3874
3459 3460
4221 4221
3691 3692
3305 3306
3422 3422
3201 3202
3855 3855
3301 3302
3401 3401
3775 3775
3424 3424
3348 3348
3082 3083
3385 3385
3333 3333
3685 3685
3776 3776
3181 3181
3962 3963
3760 3761
3340 3340
3057 3058
3787 3788
3714 3715
2756 2756
3550 3551
3859 3860
3662 3663
3366 3366
3007 3008
3670 3670
3826 3827
3207 3207
3564 3565
3651 3652
3085 3085
2811 2812
3584 3584
4072 4073
3742 3742
3159 3159
3500 3500
3391 3391
3867 3868
3670 3671
3795 3796
3973 3973
3578 3578
3477 3477
3494 3495
3539 3540
3072 3072
3391 3392
3637 3638
3203 3204
3102 3103
3222 3223
3724 3725
3436 3436
3133 3134
3594 3594
3045 3046
3253 3253
3781 3782
3463 3464
3429 3429
3665 3666
3289 3289
3327 3327
3463 3464
3529 3529
3422 3422
3259 3259
3128 3128
3728 3728
3511 3512
3757 3758
3383 3383
4093 4093
3455 3456
3724 3724
3344 3345
3526 3527
3994 3995
3184 3184
3198 3199
3521 3522
3466 3467
3250 3250
3231 3231
3617 3617
3902 3903
3797 3797
3448 3449
3288 3288
3330 3331
3943 3943
3405 3406
4141 4142
3751 3752
3854 3854
2824 2825
3899 3900
3585 3586
3251 3251
3901 3902
3212 3213
3522 3522
3429 3429
3283 3284
3240 3240
3188 3189
3481 3481
4004 4005
3410 3411
3530 3530
3521 3521
3475 3476
3595 3596
3880 3880
3943 3943
3041 3042
3592 3592
3701 3701
3737 3737
3260 3260
3802 3803
3077 3077
2926 2927
3436 3437
3775 3775
3465 3466
3855 3855
3415 3415
