3962 3962
2933 2933
3024 3024
3212 3212
3296 3296
3661 3661
3311 3311
3578 3578
3392 3393
3481 3481
3941 3942
3764 3765
3104 3104
3870 3871
3384 3385
3981 3981
3794 3794
3991 3991
3859 3859
3721 3722
4318 4318
3400 3400
4002 4003
3844 3845
3311 3311
3656 3656
3724 3724
3233 3233
2879 2880
3812 3813
3797 3797
3740 3740
3642 3642
3453 3453
3246 3246
4149 4149
3590 3591
3558 3559
3847 3847
3375 3375
3728 3729
3206 3207
3433 3434
3003 3004
4092 4092
3464 3465
3167 3168
3785 3785
3585 3585
4001 4002
3433 3434
3470 3470
4088 4089
3745 3746
3906 3906
3329 3330
4018 4019
3464 3465
3382 3382
3402 3402
3404 3405
3475 3476
3534 3534
3560 3560
2983 2984
3846 3847
3388 3388
3190 3190
3451 3451
3474 3475
3854 3855
3805 3805
3530 3531
3448 3449
3706 3706
3545 3546
3103 3104
3517 3517
3373 3373
3292 3293
2900 2900
3414 3415
3647 3648
3324 3324
3757 3757
3459 3460
3188 3188
3363 3363
3298 3299
3680 3680
2662 2663
3270 3271
3581 3582
3193 3193
3308 3308
3920 3920
3127 3128
3191 3192
3261 3262
3844 3844
3645 3646
3725 3726
3399 3400
3538 3538
3492 3492
3414 3415
3264 3264
3117 3118
3296 3296
3020 3020
3834 3835
2759 2759
3485 3485
3648 3649
3677 3678
3049 3049
3750 3750
3046 3047
3971 3972
3772 3773
3858 3859
2877 2878
3044 3044
3315 3315
3617 3618
3703 3704
3674 3674
3360 3360
3893 3894
3653 3654
3392 3393
3800 3801
3681 3682
3206 3207
3232 3233
3351 3351
3778 3779
4015 4016
3781 3781
3480 3480
3143 3144
3575 3576
3709 3709
2946 2947
3690 3690
3604 3604
3238 3238
3552 3552
3186 3186
3341 3341
