3459 3460
3726 3727
3517 3517
3020 3021
3839 3839
3713 3713
4017 4017
3266 3267
4027 4028
3726 3727
3469 3469
3607 3607
3653 3653
3523 3523
3536 3536
3191 3191
3696 3697
3438 3439
3754 3754
3024 3024
2796 2796
3043 3044
3151 3151
3041 3042
3407 3407
3225 3225
3814 3814
3409 3410
3025 3026
3646 3646
3794 3795
3002 3002
3260 3261
3818 3818
3698 3698
3133 3133
3496 3496
3387 3387
3167 3167
3462 3462
3323 3323
3388 3389
3246 3247
3588 3589
3947 3948
3195 3196
3776 3777
3238 3239
3051 3051
3613 3614
3284 3284
3130 3130
3206 3207
4059 4060
3706 3706
3216 3217
3710 3711
4242 4243
3552 3552
3187 3187
3006 3006
2732 2732
3289 3290
3541 3541
3798 3799
3336 3336
3251 3251
3580 3581
3793 3794
2526 2526
3681 3681
3497 3497
3379 3380
4010 4011
3093 3094
2887 2888
3512 3513
3067 3068
3844 3844
3502 3503
3832 3833
3857 3857
3904 3904
3194 3195
3411 3412
3433 3433
3174 3174
3997 3997
3079 3080
3707 3708
3212 3212
3989 3989
3734 3734
3843 3843
3566 3567
3591 3592
3420 3420
3693 3693
3870 3871
3378 3379
3277 3277
3111 3111
2842 2843
3708 3708
3478 3479
4358 4359
4216 4217
3486 3487
3611 3611
2936 2937
3108 3109
3723 3724
3391 3392
3275 3275
3357 3357
3143 3144
2901 2901
3452 3452
3726 3727
3558 3558
3385 3386
3540 3540
3792 3792
3000 3000
3705 3706
3912 3913
3875 3875
3352 3353
3880 3880
3134 3134
3478 3478
3778 3779
3334 3334
3767 3768
3711 3712
3618 3618
3340 3340
3216 3217
3035 3035
3546 3546
3103 3104
3789 3790
3298 3298
3783 3784
3021 3022
4071 4071
3490 3490
3562 3562
3351 3352
3773 3774
