2919 2919
4094 4094
3495 3496
3324 3325
3883 3884
3802 3803
3768 3768
2823 2823
3608 3609
3220 3220
3568 3568
3211 3211
3224 3224
4095 4095
3766 3766
3337 3338
2927 2927
3144 3144
3899 3900
4133 4133
4009 4010
3093 3094
4655 4655
3244 3244
3093 3094
3602 3602
4311 4311
3438 3438
3323 3324
3810 3810
3457 3458
3753 3754
3006 3007
3942 3943
3195 3196
2969 2970
3499 3500
3533 3533
2871 2871
3398 3399
3420 3420
3331 3332
3336 3336
3115 3116
3366 3367
3220 3221
3260 3261
3466 3466
3267 3267
3189 3190
3479 3479
3211 3212
3768 3768
3680 3681
3677 3677
3324 3324
3940 3940
3790 3791
3229 3229
3382 3382
2935 2935
3865 3866
3486 3486
3952 3953
3554 3554
3818 3819
3775 3776
3035 3035
3646 3646
3597 3598
3533 3533
3961 3961
3563 3563
3790 3791
2735 2736
3404 3405
3943 3944
3668 3668
3095 3096
2706 2707
3798 3799
3844 3845
3086 3086
3315 3315
3711 3711
3796 3797
4296 4296
3084 3084
4324 4325
3710 3711
3663 3663
3625 3625
3647 3648
3651 3651
3536 3536
3518 3518
4346 4346
2994 2995
3413 3413
3950 3950
3731 3731
3090 3090
2902 2902
3618 3619
3410 3410
3849 3850
3018 3018
3672 3672
3326 3326
3732 3733
3499 3499
3648 3648
3466 3466
3157 3157
3484 3485
3703 3703
3158 3158
3303 3304
4127 4127
3711 3711
3306 3307
3855 3855
3965 3965
3932 3933
3707 3708
2745 2745
3085 3085
3647 3648
3819 3820
2641 2641
3590 3591
3931 3932
3771 3772
2927 2927
3576 3576
3573 3574
2947 2947
3856 3856
3612 3612
3577 3578
4038 4038
3721 3722
3481 3482
3011 3011
3622 3622
3160 3161
3633 3634
3499 3500
3934 3935
3144 3145
