3585 3586
4112 4113
3693 3693
3466 3467
3625 3626
3581 3581
3306 3307
3340 3340
3989 3989
3040 3040
3492 3492
3638 3639
3183 3184
3682 3682
3272 3273
3603 3603
3813 3814
3839 3839
3071 3072
3288 3288
3715 3716
3116 3116
3488 3489
3575 3575
3703 3703
3591 3592
4060 4060
3185 3185
3363 3364
3428 3428
3411 3412
3772 3773
3421 3422
4226 4227
3435 3436
3314 3314
3746 3746
3708 3708
3605 3606
2855 2856
3761 3762
2993 2993
2847 2847
3373 3373
3432 3432
4046 4047
4036 4036
3770 3770
3342 3342
2967 2967
3268 3269
3070 3070
3899 3900
3151 3151
3854 3854
3224 3225
3996 3997
3970 3970
3553 3553
3315 3316
4039 4039
3660 3660
4189 4190
3615 3615
3036 3036
3959 3960
3327 3327
3237 3237
3595 3595
3485 3486
3618 3618
3274 3275
3043 3043
4554 4555
4134 4134
3199 3199
3326 3327
3616 3617
3275 3276
3765 3765
3371 3371
3284 3284
3717 3717
3217 3217
3871 3871
3501 3502
3425 3425
3621 3621
4202 4203
3772 3772
4037 4037
3629 3629
3477 3477
3198 3199
3692 3693
3469 3470
4200 4201
3460 3461
3585 3585
3462 3462
3113 3113
3086 3087
3509 3509
3619 3619
3674 3674
3387 3387
3463 3464
3466 3466
3270 3270
4031 4032
3239 3240
3225 3226
3622 3623
3554 3555
3219 3219
3826 3826
3907 3907
3375 3375
3399 3400
3590 3591
3474 3474
3871 3871
3682 3683
3514 3515
2943 2944
4259 4259
3283 3283
2913 2914
4138 4139
3714 3714
3653 3654
3545 3545
3584 3585
3747 3748
3408 3409
3466 3467
3700 3701
3247 3248
3917 3918
3132 3133
3109 3110
3704 3705
3397 3398
3353 3353
4662 4662
3763 3764
3558 3559
3835 3835
3187 3188
3371 3372
