3641 3642
2894 2895
3385 3385
4371 4372
3553 3554
3504 3505
3920 3921
3778 3779
3252 3252
3763 3764
3368 3368
3400 3401
3705 3705
3398 3398
3404 3404
3393 3393
3718 3718
3603 3603
3453 3454
3034 3034
3733 3733
3621 3621
3639 3639
3740 3740
3603 3603
3227 3227
4235 4235
3676 3677
3295 3296
3243 3244
3560 3560
3679 3680
3923 3924
3733 3733
3037 3037
3659 3659
3723 3724
3219 3219
3694 3695
3447 3448
3197 3198
3797 3798
2903 2903
3456 3457
4016 4016
3646 3646
3112 3112
3017 3018
3075 3075
3043 3043
3420 3421
3098 3098
3534 3535
3801 3802
3505 3505
3145 3145
2669 2669
3722 3722
3241 3241
3151 3152
3439 3440
3524 3525
3300 3301
3671 3672
3501 3502
4017 4018
3158 3159
3796 3797
3972 3972
3382 3382
3686 3687
3325 3325
3775 3775
2996 2997
3120 3120
3300 3301
3146 3147
3203 3203
3267 3268
3223 3224
2993 2993
4123 4124
3748 3748
3483 3484
3273 3273
2487 2487
3125 3126
3478 3478
3888 3889
3032 3032
3018 3018
3323 3323
3067 3068
3258 3259
3649 3649
3215 3215
3631 3631
3706 3707
3714 3715
3393 3393
3387 3388
3851 3852
3710 3711
2883 2883
3364 3365
3419 3420
3556 3557
4017 4018
3351 3352
3715 3716
3272 3273
3568 3569
3392 3393
3927 3928
3311 3311
3901 3901
3372 3373
2925 2926
2986 2987
3785 3786
3342 3343
3978 3979
3682 3683
3692 3693
3430 3431
3454 3455
3958 3958
3445 3446
3393 3394
3656 3656
3700 3701
3623 3624
3444 3445
3127 3128
3277 3277
3886 3887
3803 3803
3218 3218
3190 3191
3229 3229
3305 3305
3819 3819
2931 2932
3626 3626
3901 3901
3934 3935
3657 3657
3395 3396
3644 3644
3280 3280
