3753 3754
3868 3868
3394 3395
3332 3333
4195 4196
3640 3641
3635 3635
3336 3336
3243 3243
3350 3351
3809 3809
3916 3917
3435 3436
3922 3923
3582 3583
2946 2946
3766 3767
3784 3785
3213 3213
3181 3181
3246 3246
2838 2839
3358 3359
4047 4048
4172 4172
3734 3735
3363 3364
3896 3897
3521 3521
3704 3705
3017 3018
4113 4113
3644 3645
3274 3275
3821 3821
3713 3713
3823 3823
3526 3527
3540 3540
4024 4025
3914 3914
3140 3140
3590 3591
3378 3379
3298 3299
3354 3355
3221 3221
3056 3057
3422 3423
2959 2960
3236 3237
2809 2810
3624 3625
3708 3708
3697 3697
3316 3317
3687 3688
3300 3300
3170 3171
3332 3333
2991 2991
3663 3663
3856 3857
3707 3707
3904 3905
3434 3434
3369 3370
3649 3649
3750 3751
3661 3662
3703 3703
3667 3668
3801 3802
3282 3283
3537 3538
3595 3596
3287 3287
3333 3334
3217 3218
3678 3678
3584 3585
2926 2927
3698 3699
2987 2987
3618 3619
3616 3617
3451 3451
3467 3467
3839 3839
3502 3503
3730 3730
3311 3311
3677 3677
4096 4096
3677 3677
3808 3809
3446 3447
3807 3808
3347 3347
4092 4092
3127 3128
3384 3385
3485 3485
3419 3419
4196 4196
3051 3052
3632 3633
3297 3297
3415 3416
3790 3790
3165 3165
4017 4017
3382 3382
3779 3779
3754 3754
3845 3846
3584 3585
3467 3467
3498 3499
3039 3039
3909 3910
3722 3723
3013 3014
3037 3038
3218 3219
3730 3730
3509 3509
3798 3798
3415 3416
3345 3345
3679 3679
3360 3360
3729 3730
3794 3794
3452 3453
2885 2886
3175 3175
3907 3908
3460 3461
3451 3451
3648 3648
3464 3464
3797 3797
3280 3280
3825 3825
3843 3844
3310 3311
3966 3966
3527 3527
3689 3689
