3320 3320
3700 3701
3368 3368
3418 3419
3234 3234
3229 3229
3747 3747
3408 3409
4655 4656
3371 3372
3495 3496
3213 3214
3273 3273
3311 3311
3797 3798
3953 3954
3591 3591
3637 3638
3679 3679
3503 3503
3784 3785
3213 3214
3153 3153
3342 3342
3461 3462
3283 3283
3479 3480
3597 3597
3357 3357
3928 3929
3642 3642
3008 3009
3363 3363
3500 3501
3567 3568
3016 3017
3320 3320
3386 3386
3123 3124
3351 3352
2893 2894
3772 3773
3549 3550
3308 3309
4156 4156
3687 3688
3589 3589
3373 3374
4002 4002
3173 3174
3591 3591
3494 3494
3290 3291
3321 3322
3243 3244
4030 4031
3260 3260
3471 3472
3606 3607
3297 3297
3360 3360
3814 3814
3743 3743
3915 3916
3634 3635
3428 3429
4030 4030
3884 3884
3949 3950
3553 3554
3611 3612
3634 3634
3562 3562
3374 3375
3941 3941
3320 3321
3794 3794
3386 3387
3772 3772
3628 3628
3094 3094
3199 3199
3579 3580
3407 3408
3746 3747
3853 3853
3256 3256
3738 3739
3841 3841
3345 3346
3443 3444
3300 3300
3728 3729
3668 3669
3008 3009
3211 3212
3254 3255
2840 2840
3867 3867
3513 3513
3088 3089
3293 3294
3424 3425
3283 3284
3719 3719
3566 3566
3552 3552
3095 3096
4167 4167
4136 4137
3524 3525
3080 3081
3175 3175
3220 3221
3158 3158
3475 3476
3659 3660
3479 3479
3410 3410
4014 4015
3689 3690
3178 3178
3675 3676
3930 3931
3409 3410
3361 3362
2964 2964
3697 3698
3604 3604
3564 3564
3959 3959
3347 3348
3445 3446
3281 3281
3893 3893
4366 4367
3594 3595
3380 3380
4058 4058
2824 2824
3253 3253
3709 3710
3335 3336
3813 3814
3757 3758
3160 3160
3606 3607
3529 3529
3718 3718
3691 3692
