3260 3260
3429 3429
3878 3878
3350 3350
2914 2915
3854 3855
3409 3409
3831 3832
3801 3801
3640 3640
3719 3719
3644 3645
3380 3381
3552 3552
3792 3793
3646 3647
3141 3142
3853 3853
3283 3283
3940 3941
3298 3299
3513 3513
3338 3339
3622 3623
3327 3327
3233 3233
3247 3247
4124 4125
3445 3446
4125 4125
3621 3622
3178 3179
3364 3365
3346 3346
3117 3118
3584 3585
3451 3451
3839 3840
3047 3047
3508 3509
3621 3621
3107 3108
3360 3360
3956 3956
3434 3434
3206 3206
3695 3696
4100 4101
3043 3043
3509 3510
3973 3973
3893 3893
3575 3576
3285 3285
3520 3521
3677 3677
3542 3542
2966 2966
3963 3964
3399 3400
3314 3314
3249 3249
3472 3473
3800 3800
3017 3017
3935 3936
3948 3949
3037 3037
3212 3213
3302 3302
3235 3236
3643 3644
3328 3328
3339 3340
3753 3753
3508 3508
3870 3870
3083 3084
2611 2612
3883 3884
2872 2872
3741 3742
3723 3723
3568 3569
3661 3661
3399 3399
4402 4403
3216 3216
4088 4088
3668 3668
3668 3669
3676 3677
3779 3779
3223 3224
3533 3533
3386 3387
3903 3904
3534 3535
3564 3565
3419 3419
3283 3284
3563 3564
3591 3592
3835 3835
3374 3374
3183 3183
3849 3850
3429 3429
4335 4335
3579 3579
2799 2800
3795 3796
3932 3933
4112 4113
3835 3836
3800 3801
3934 3934
3449 3449
2961 2961
3891 3892
3868 3868
3634 3634
3805 3806
2811 2812
3556 3556
3180 3180
3542 3543
3777 3777
3191 3191
3943 3943
3151 3151
3193 3194
3667 3668
3221 3221
2852 2853
3391 3392
3254 3255
3089 3089
3144 3144
3232 3232
3563 3563
2837 2838
4053 4054
3309 3310
3474 3475
3486 3486
3105 3106
3547 3547
3802 3803
3368 3368
