3625 3626
3869 3870
4068 4068
3410 3410
3375 3375
3200 3200
2872 2873
3302 3302
3778 3779
3128 3128
3800 3800
3287 3287
3722 3722
3928 3928
3499 3499
3515 3516
3328 3329
3150 3150
2880 2880
3697 3697
3534 3534
3466 3466
3704 3704
3309 3310
3836 3836
3509 3509
3696 3697
3196 3197
3341 3342
3379 3380
3311 3311
3566 3566
3822 3822
3769 3770
3245 3245
3549 3549
3371 3372
3468 3469
3175 3175
4165 4165
3257 3257
3708 3708
3769 3769
3689 3689
3053 3053
3505 3505
2961 2961
3580 3581
3469 3469
3154 3155
3057 3058
3440 3441
3404 3405
3274 3274
3169 3170
3421 3421
3915 3916
3512 3512
3898 3898
3707 3707
3688 3689
3728 3729
3570 3571
3506 3506
3976 3977
3250 3250
3772 3773
3705 3706
3940 3940
3300 3300
3724 3724
3063 3063
3993 3993
4120 4120
3591 3592
3916 3916
3990 3990
3913 3914
3884 3885
3221 3222
3240 3240
3319 3319
3698 3699
3775 3775
3855 3856
3378 3379
3684 3685
3379 3379
3252 3252
3773 3774
3378 3379
3795 3795
4000 4000
3610 3611
3380 3380
3266 3267
3455 3455
3732 3732
3645 3645
3443 3444
3306 3306
3837 3837
3207 3208
3946 3947
4114 4115
2928 2928
3728 3729
3421 3421
3477 3478
3828 3829
3685 3685
3981 3981
3252 3253
2906 2906
3917 3917
3778 3778
3832 3832
3510 3511
3905 3906
4056 4056
3832 3832
3038 3039
3223 3224
3371 3372
3716 3716
2750 2750
3845 3846
3323 3323
3248 3249
3207 3207
3573 3573
3175 3175
3358 3359
4251 4251
3616 3616
3481 3481
3109 3110
3699 3700
3359 3360
4318 4318
4017 4018
3714 3715
3521 3521
3365 3365
3579 3580
3618 3618
3995 3996
3845 3846
3275 3275
3409 3409
