3925 3925
3187 3187
3763 3763
3498 3499
3348 3348
3423 3424
3371 3372
3431 3431
3481 3481
2900 2900
3637 3637
3716 3717
3113 3114
4041 4042
3690 3691
3663 3663
3290 3290
3338 3338
3612 3612
3691 3691
2824 2824
3202 3203
3186 3187
3092 3092
3282 3283
3317 3318
3801 3802
3264 3264
3113 3114
2829 2830
3626 3627
3590 3590
3830 3830
2676 2677
3708 3708
3860 3861
3609 3610
3627 3628
3446 3447
3017 3017
3938 3938
3281 3281
3739 3740
3072 3073
3984 3985
3081 3082
3559 3560
3856 3857
3134 3134
2920 2921
3412 3413
3452 3453
3559 3559
3319 3320
2973 2974
3649 3649
3123 3124
3740 3740
3404 3405
3838 3838
2921 2921
3273 3274
3464 3465
3758 3758
4031 4031
3847 3848
4222 4223
3828 3829
3446 3447
3535 3536
3765 3765
3640 3641
3722 3723
3338 3339
3925 3925
3602 3603
3226 3227
3045 3046
3505 3506
3299 3299
3352 3353
3768 3769
3455 3456
3585 3586
3684 3684
3147 3148
3325 3326
3411 3412
2946 2946
3231 3232
3237 3237
3705 3705
3651 3652
3400 3400
3167 3167
3283 3284
4013 4013
3351 3351
3707 3708
3753 3754
3792 3792
3965 3965
3264 3265
3637 3637
3244 3245
3182 3183
3451 3451
3206 3207
3540 3540
3340 3341
3464 3465
3064 3064
3977 3978
3290 3290
3505 3505
3629 3629
3658 3659
3627 3628
3723 3723
3676 3677
3546 3547
2816 2816
3373 3374
3864 3865
3093 3094
3136 3136
3847 3848
3573 3574
3208 3208
3534 3534
3313 3314
3718 3719
3418 3419
3900 3900
3629 3629
3284 3284
3234 3234
3461 3461
3541 3542
3986 3987
3534 3535
2990 2991
3429 3429
4046 4047
3255 3255
3640 3640
3630 3631
3185 3185
3933 3933
3906 3906
