3621 3622
3092 3092
3142 3142
3174 3174
4284 4285
2615 2615
3415 3416
3742 3742
3543 3543
4476 4476
3309 3310
3158 3159
3315 3316
3153 3153
3135 3136
3490 3490
3768 3768
3785 3786
3283 3283
3278 3278
3464 3465
3554 3554
3826 3826
4080 4081
3218 3218
3272 3273
3381 3381
3179 3179
3599 3599
3525 3525
3476 3476
3168 3168
3324 3324
3088 3088
3810 3811
3467 3467
3426 3426
3566 3567
3574 3574
3545 3546
3370 3370
3623 3624
3702 3703
3828 3829
3736 3736
3442 3442
3535 3535
3679 3680
3815 3816
3465 3465
3672 3672
3890 3890
4133 4134
3976 3976
3777 3777
3540 3540
3566 3567
3455 3455
4220 4221
3682 3683
3249 3249
3416 3416
3168 3169
3456 3457
2907 2907
3467 3467
3802 3802
3386 3387
3265 3266
3232 3232
3438 3439
3548 3549
3779 3779
3443 3444
3734 3735
3847 3848
3507 3507
2983 2983
3046 3047
3841 3841
3975 3976
4077 4077
3602 3602
2735 2736
3230 3231
3256 3257
3591 3591
3507 3508
3206 3206
3979 3980
4064 4064
3218 3219
2903 2904
3833 3834
3473 3474
3270 3271
3538 3539
3793 3794
3509 3510
3499 3499
3318 3319
3416 3417
3472 3473
3662 3663
2953 2954
3502 3502
3464 3464
2990 2991
3120 3121
3451 3451
3672 3672
3491 3492
3039 3039
3542 3542
3491 3492
3397 3398
3158 3158
3270 3271
3299 3300
3387 3387
3245 3246
3383 3383
3878 3879
3375 3375
2943 2944
3356 3356
3618 3619
3696 3697
3810 3810
2974 2974
3668 3669
3591 3591
3194 3194
3497 3498
3367 3367
3158 3159
2928 2929
3374 3375
3679 3679
3549 3550
3105 3106
3482 3482
3376 3377
3632 3632
3570 3570
3535 3535
3195 3195
3230 3231
3349 3349
3946 3947
