3044 3044
3845 3845
3244 3245
3645 3646
3406 3406
3388 3389
3108 3109
3752 3753
3675 3675
3714 3715
4016 4016
3907 3907
3805 3806
3394 3395
3432 3433
2606 2606
3843 3843
4003 4003
3248 3248
3563 3564
3532 3533
4243 4244
3926 3926
3879 3880
3562 3563
2584 2584
3347 3348
3644 3645
3168 3169
3734 3735
3558 3558
3585 3585
3538 3539
2742 2743
3643 3643
3205 3205
3292 3293
3686 3687
3682 3683
3492 3492
3591 3591
3947 3948
3484 3485
3399 3399
3720 3721
3349 3350
3496 3497
3689 3690
3580 3581
3586 3586
3087 3088
3612 3612
3457 3457
3750 3750
3835 3835
3378 3379
3835 3836
3708 3709
3569 3569
3659 3659
2854 2854
3536 3537
3355 3356
3321 3321
2810 2810
3540 3541
2948 2948
4135 4136
3637 3637
3605 3606
3262 3263
3735 3736
3206 3207
3157 3157
3397 3398
3311 3311
3807 3808
3415 3416
3505 3505
3618 3619
3199 3200
3907 3908
3159 3159
3441 3442
3411 3412
3257 3257
3409 3410
3817 3818
3527 3528
3175 3175
3514 3514
3667 3668
3104 3105
3419 3420
3506 3507
2881 2881
3781 3781
2833 2834
3582 3582
3040 3041
3346 3346
4092 4093
3599 3599
3817 3817
3757 3757
3342 3343
3472 3473
3457 3457
3317 3318
2793 2794
3980 3981
3564 3564
3011 3011
3252 3253
3640 3640
3264 3265
3556 3556
2884 2885
3581 3582
3916 3917
3400 3401
3447 3447
3035 3035
3840 3841
2825 2826
3718 3719
3556 3557
3744 3744
3778 3778
4135 4135
3878 3879
3422 3422
4128 4128
3207 3207
3439 3439
3278 3279
3104 3104
3495 3495
3127 3128
4026 4026
3864 3864
3233 3233
3277 3277
2835 2835
3592 3592
3640 3640
3865 3866
3115 3115
3092 3092
3102 3102
