3362 3363
3507 3507
3773 3773
4266 4266
3648 3648
3366 3367
2997 2997
3342 3343
3852 3852
3859 3859
3499 3500
3372 3373
3488 3489
3400 3400
3659 3659
3461 3461
3282 3282
3938 3939
3238 3239
3665 3665
3701 3702
4141 4142
2418 2419
2792 2792
2660 2660
3684 3685
3473 3473
3704 3704
3380 3380
3632 3633
3552 3553
3302 3303
3049 3050
3933 3934
3575 3575
2617 2617
3598 3599
3541 3542
3420 3421
3094 3094
3885 3885
3294 3295
3280 3280
2920 2920
4110 4111
3210 3211
3028 3029
3416 3417
3224 3224
3631 3632
3325 3325
3888 3889
3771 3772
3182 3182
3355 3355
3638 3639
3627 3627
3533 3533
3751 3752
3451 3452
3570 3571
2670 2671
3170 3170
3233 3233
3890 3891
3291 3291
3692 3693
2537 2538
3883 3884
3813 3813
3310 3310
3606 3606
3198 3199
3586 3587
4071 4071
3411 3411
3461 3461
4099 4100
4149 4149
3534 3534
3785 3785
3781 3782
3538 3539
3507 3508
2679 2679
3902 3902
3448 3449
2708 2708
3399 3400
3325 3326
3811 3811
3571 3571
3482 3482
3890 3891
3624 3624
3626 3626
3968 3969
3536 3537
3825 3825
3446 3447
4201 4202
3332 3333
3601 3602
3957 3958
3019 3020
3546 3547
3474 3474
3715 3715
3494 3494
3682 3682
3290 3291
2593 2593
4030 4030
2767 2768
3500 3500
4298 4298
3393 3393
3778 3778
3354 3355
3394 3395
4421 4421
3573 3573
3109 3110
3659 3660
3975 3975
3086 3087
3752 3753
3634 3635
3395 3395
3237 3238
3637 3638
3803 3803
2951 2951
3677 3678
3804 3805
3853 3854
4032 4032
3381 3382
3767 3767
3330 3330
3474 3475
3534 3534
3360 3361
4143 4144
3589 3589
3075 3075
3701 3701
3621 3622
3073 3073
3482 3483
