3460 3461
3170 3171
3700 3701
3439 3440
3896 3896
3068 3069
3899 3899
3412 3412
3406 3406
3224 3225
3529 3530
4120 4121
4010 4010
3347 3347
3335 3336
3396 3397
3363 3363
3430 3431
3464 3465
3053 3054
3301 3302
4074 4075
3474 3475
3960 3960
3128 3128
3026 3027
2963 2963
3493 3494
3938 3938
3439 3439
3556 3557
3749 3750
4014 4015
3225 3225
3502 3502
3876 3876
3093 3093
3541 3541
3962 3962
3417 3418
3710 3710
3930 3931
3473 3473
3608 3609
3720 3720
3881 3882
3527 3528
3360 3361
2796 2796
3710 3710
3583 3583
3532 3532
3578 3579
3022 3023
3311 3311
3459 3460
3714 3715
3276 3277
3622 3623
3476 3476
3109 3109
3120 3121
4147 4147
3455 3455
3905 3905
3357 3357
3384 3384
3696 3697
3446 3447
3755 3756
3713 3714
3085 3086
3579 3579
3239 3239
2980 2981
2978 2979
3350 3350
4017 4018
3462 3462
3898 3898
3180 3180
3610 3610
3386 3387
3167 3167
3469 3469
3907 3907
3440 3441
3177 3177
3468 3468
3455 3455
3084 3085
3797 3798
3553 3553
4052 4052
3222 3222
3429 3429
3649 3649
3426 3427
3380 3380
3588 3588
3400 3400
3537 3538
3137 3138
3380 3381
4192 4192
3198 3198
3002 3003
3388 3389
3826 3826
3313 3313
3176 3177
2797 2797
3889 3890
3379 3380
3467 3468
3147 3148
3176 3177
4210 4210
3375 3376
3384 3385
3399 3400
3498 3498
3743 3744
3525 3526
3547 3547
3272 3273
3959 3960
3666 3667
3141 3142
3680 3681
3805 3805
3536 3537
3464 3464
3497 3498
3139 3140
3377 3378
2952 2952
3825 3825
3156 3157
3369 3369
4003 4004
3328 3328
4039 4040
3462 3463
3474 3474
3935 3936
3000 3001
2944 2945
3293 3294
3404 3404
