3749 3749
3253 3254
3884 3884
3873 3874
3029 3030
3394 3394
3745 3746
3613 3613
3363 3363
2799 2799
3468 3469
3504 3505
3621 3622
4554 4554
3852 3853
3106 3106
3456 3456
3197 3197
3750 3751
3167 3167
2968 2969
3093 3094
3771 3771
3055 3056
3579 3580
3491 3491
4200 4201
3470 3470
3539 3540
3049 3049
3999 3999
3812 3812
3612 3613
3225 3225
3830 3830
3312 3312
3402 3402
3327 3327
3536 3536
2888 2889
3021 3021
3215 3216
3205 3206
2842 2842
3140 3140
3053 3053
3573 3574
3324 3324
3338 3338
2879 2880
3333 3333
3341 3342
3424 3424
3916 3916
3850 3850
3839 3840
3533 3533
3672 3672
3410 3410
3654 3654
3091 3092
3343 3343
3642 3643
3296 3296
3673 3674
3806 3806
3302 3303
2823 2823
3946 3947
3430 3431
3994 3995
3541 3541
3129 3129
3157 3157
3252 3252
3759 3760
3534 3534
3518 3518
3651 3652
3754 3754
2814 2814
2880 2881
3539 3539
3315 3316
3036 3036
3517 3517
3938 3938
3213 3213
4173 4173
3012 3013
3705 3706
3679 3680
3183 3184
3161 3162
3271 3271
3666 3667
3633 3633
3497 3497
3421 3421
3626 3627
3567 3567
3042 3042
3514 3514
3313 3313
3577 3577
3844 3845
2834 2835
3553 3553
3834 3835
3421 3421
3610 3610
3678 3678
3223 3223
3017 3018
3918 3918
3453 3454
3621 3621
3336 3336
3364 3365
2889 2890
3239 3239
3221 3222
3913 3913
3797 3797
3221 3221
4031 4032
3925 3926
3907 3908
3528 3528
3403 3403
3449 3449
3672 3672
4000 4001
3514 3515
3699 3699
3506 3507
3182 3182
3243 3243
3322 3322
3183 3184
3430 3431
3041 3041
3646 3647
4014 4014
3255 3255
3002 3003
3483 3484
3766 3767
4016 4017
3672 3673
