3533 3533
3637 3638
3660 3661
3170 3170
3848 3848
3744 3744
3543 3543
3514 3514
3594 3595
3887 3888
3418 3419
3864 3864
3128 3129
3179 3179
3228 3229
3522 3523
3627 3628
3261 3262
3381 3381
3328 3329
3213 3213
2851 2851
4150 4151
3311 3311
2726 2726
4002 4003
4215 4216
3639 3640
3613 3613
2894 2895
3258 3258
3641 3642
2881 2882
3156 3157
4227 4228
4424 4425
3658 3659
4176 4177
3608 3608
3127 3127
3394 3394
3381 3381
3708 3708
3932 3932
2790 2790
3787 3787
3861 3862
2756 2756
3231 3232
3026 3027
3267 3267
3238 3239
3367 3368
3415 3416
2963 2963
3695 3695
3367 3367
3599 3600
3366 3367
3699 3700
2918 2918
3599 3599
4106 4107
3333 3333
2766 2766
3557 3557
3837 3838
3362 3363
3490 3490
3530 3530
3495 3495
3236 3236
3678 3679
3076 3077
2850 2850
4025 4025
3402 3402
3900 3900
3669 3670
3357 3357
3443 3443
3570 3571
3683 3683
4342 4343
3477 3477
3594 3594
3295 3295
3250 3251
3757 3757
3464 3465
3177 3177
3117 3118
3432 3432
3879 3880
3482 3482
3517 3518
3534 3534
3764 3765
3482 3483
3086 3087
3731 3732
4034 4034
3225 3226
3201 3202
3505 3505
3677 3678
3525 3525
2742 2743
3475 3475
3219 3219
3200 3200
3348 3348
3550 3550
3754 3755
3274 3275
3287 3287
3065 3066
3589 3589
3956 3957
3340 3340
3488 3488
3069 3069
3505 3505
3294 3294
3904 3905
3253 3253
2762 2763
3855 3856
3485 3486
2718 2719
4087 4088
3248 3249
3376 3377
3778 3779
2703 2703
3174 3174
3870 3870
4151 4151
3533 3533
3620 3621
3680 3680
3464 3465
4006 4006
3291 3291
3652 3653
3228 3229
3254 3255
3359 3359
3190 3191
4023 4024
