3591 3592
3550 3550
3342 3342
3655 3655
3369 3370
3721 3722
3638 3639
3751 3751
3963 3964
3936 3936
4041 4041
3616 3617
3592 3593
3320 3321
2785 2786
3670 3670
2934 2935
3773 3774
3655 3656
3298 3298
3642 3643
3919 3919
3482 3482
3291 3291
3244 3245
3851 3852
3619 3619
3213 3214
3596 3597
3479 3480
3898 3898
3599 3599
3517 3517
2927 2928
3078 3079
3155 3155
3568 3568
3959 3960
4293 4293
3494 3495
3728 3729
3810 3810
3746 3747
3558 3559
3554 3555
3403 3403
3957 3957
3671 3672
3599 3599
3791 3791
3839 3840
3821 3821
3586 3587
3616 3617
3118 3119
3369 3369
3917 3917
3540 3541
3527 3528
3328 3329
3126 3126
3820 3820
3203 3203
3442 3442
3138 3139
4023 4024
3602 3602
3601 3601
3969 3969
3751 3752
3390 3390
3759 3759
3374 3375
3439 3439
3204 3204
3058 3059
4024 4024
3558 3558
2991 2992
3583 3583
3203 3203
3532 3532
3197 3198
3224 3224
3528 3528
4155 4155
3276 3276
3782 3782
3357 3358
4191 4192
3266 3266
3510 3510
3686 3686
3597 3597
3555 3556
3797 3798
4070 4070
3179 3180
3860 3860
3643 3644
3821 3821
3293 3293
3166 3167
3638 3639
2976 2976
3314 3315
3030 3030
3479 3480
3238 3239
3598 3598
3638 3638
3510 3510
3264 3265
3504 3505
3756 3757
3065 3065
4017 4017
3322 3322
3297 3297
3472 3472
3257 3258
3664 3664
3293 3294
3160 3161
3240 3240
3068 3069
3190 3190
3569 3570
3846 3847
4020 4020
2764 2765
3647 3647
3784 3784
4250 4250
3009 3009
3731 3732
3170 3170
3546 3547
3273 3273
3517 3518
4093 4093
3049 3049
3579 3579
3853 3854
3484 3484
3931 3931
3709 3710
2971 2972
3943 3943
2946 2946
