3711 3711
3886 3887
2796 2796
3299 3299
3477 3478
4280 4281
3329 3330
3860 3860
3483 3484
3095 3095
3352 3353
3197 3197
3281 3281
3201 3201
3757 3757
4228 4228
3189 3189
3441 3442
3297 3298
3393 3393
3618 3619
3830 3831
3534 3534
2853 2854
3356 3356
3581 3581
3700 3700
3221 3221
3416 3417
3625 3626
2611 2612
3552 3553
3344 3344
3419 3419
3418 3418
3364 3364
3120 3121
3475 3475
3856 3857
3119 3120
3771 3771
3330 3330
3282 3282
3250 3251
3113 3114
4229 4229
3689 3689
2791 2791
3567 3567
3938 3938
3601 3601
3356 3356
3479 3479
3423 3423
3826 3826
3450 3451
3555 3555
3270 3270
3221 3222
3607 3608
3800 3801
3758 3758
3815 3815
3222 3222
3618 3618
3613 3613
3353 3353
3420 3421
3287 3288
2960 2961
3608 3609
3457 3458
3383 3384
3730 3730
3420 3420
3499 3500
3625 3626
3331 3332
3124 3124
3730 3730
3613 3614
3389 3389
3473 3473
3501 3502
3439 3440
3096 3097
3786 3786
3609 3609
2983 2984
3393 3393
3616 3616
3048 3049
3259 3259
3977 3977
3922 3922
3340 3341
3725 3725
4292 4292
3615 3616
3549 3549
3666 3666
3161 3161
3597 3598
3233 3234
3082 3082
3220 3220
3613 3614
3148 3148
3895 3896
3347 3347
3883 3883
3122 3122
3389 3389
3777 3777
4074 4075
3585 3586
3623 3624
2952 2953
3533 3533
3582 3582
2817 2817
3364 3365
3382 3383
2878 2879
3482 3482
3170 3170
3342 3342
3334 3334
3607 3608
3587 3587
3147 3147
2909 2910
2717 2718
3462 3462
3404 3405
3440 3441
3557 3557
3107 3107
3765 3766
3775 3776
3392 3393
3518 3519
4235 4235
3425 3425
3675 3675
4309 4309
3926 3926
2960 2961
3641 3641
2784 2784
