3713 3714
3166 3167
3801 3802
3725 3725
3062 3063
3762 3763
4509 4510
3954 3954
3191 3191
3096 3097
3204 3204
3366 3367
4124 4125
3435 3436
3498 3498
3618 3619
3073 3074
3967 3967
3606 3606
3881 3882
3120 3120
3685 3686
3495 3496
3409 3409
3837 3838
4187 4188
3145 3146
3274 3275
4439 4440
3754 3754
3734 3735
3288 3289
3861 3862
3227 3227
3335 3336
3705 3706
3444 3445
4116 4116
3785 3785
3622 3623
3731 3731
3199 3199
3762 3762
3597 3597
3612 3612
3115 3116
3440 3440
3721 3722
3379 3379
3751 3752
2998 2998
3454 3454
3322 3323
3801 3801
3999 3999
3364 3365
3419 3419
3675 3676
3552 3553
3135 3136
3182 3183
3476 3477
2754 2754
3764 3765
3765 3765
3567 3567
3493 3493
3510 3511
3496 3497
3637 3638
3325 3326
3556 3556
3701 3702
3465 3465
3426 3426
3606 3606
3395 3395
3903 3904
3015 3015
3475 3475
3303 3304
3369 3370
3646 3647
3925 3926
3922 3923
3604 3604
3794 3794
3860 3860
3272 3272
3461 3462
3311 3311
3691 3691
3598 3599
3996 3996
3729 3730
4103 4104
3132 3132
3264 3265
3228 3228
3923 3924
3516 3517
3337 3338
3066 3067
3286 3287
3190 3190
4222 4223
4167 4168
3724 3725
4004 4005
3424 3425
3727 3727
3959 3960
3740 3741
3282 3283
3149 3150
3471 3472
3538 3538
3349 3350
3057 3057
2994 2994
3310 3310
3138 3138
3583 3584
3378 3379
3169 3169
3030 3030
3655 3655
2814 2815
3936 3936
2916 2917
3360 3360
2816 2816
3022 3023
3438 3439
3681 3682
3672 3672
3526 3526
4085 4086
2992 2993
3219 3220
3664 3664
4097 4097
3183 3183
3679 3679
3501 3501
3885 3885
3642 3643
3444 3444
3778 3778
3209 3210
