3638 3639
3008 3008
3241 3241
3138 3139
3205 3205
3798 3799
3628 3628
3787 3788
3360 3361
3546 3547
3524 3525
3910 3911
3422 3422
4322 4322
3770 3771
3009 3009
3188 3188
3945 3946
3560 3561
2967 2967
3505 3505
3071 3072
3498 3499
3687 3687
3248 3249
3521 3521
3923 3924
2755 2756
3843 3843
3865 3866
3812 3813
3398 3398
3143 3144
3205 3206
3811 3811
3199 3199
2896 2897
2967 2968
3575 3575
3691 3691
3992 3992
3425 3426
4012 4012
3076 3077
3546 3547
3706 3706
3445 3446
3012 3012
3817 3817
3027 3027
3373 3374
3226 3227
3260 3261
3625 3626
4159 4159
3259 3259
3447 3447
3393 3393
3679 3679
3917 3918
3454 3455
3653 3654
3571 3571
3352 3353
2915 2915
3581 3582
3167 3168
3514 3515
3425 3426
3517 3518
3734 3735
3849 3850
3688 3689
2836 2837
3242 3243
3620 3621
3960 3960
4042 4043
3486 3486
3486 3486
3377 3378
3375 3375
3973 3973
3869 3869
3639 3639
3282 3282
3379 3380
3791 3792
3495 3496
4019 4019
3916 3917
3670 3670
3658 3659
4017 4018
4199 4199
3437 3438
3537 3537
3646 3647
3600 3600
3223 3223
4241 4241
4329 4329
3277 3278
3864 3864
2959 2959
3531 3532
2899 2900
3403 3403
3082 3082
3610 3610
3807 3807
3407 3407
3545 3545
3489 3489
3304 3305
3635 3636
4194 4194
3890 3891
3753 3754
3820 3821
3328 3329
3743 3744
3673 3674
3708 3709
3191 3191
3630 3631
4090 4091
3477 3478
3730 3730
3039 3039
3126 3126
4374 4375
3777 3778
2903 2904
3081 3082
3737 3737
4108 4109
3580 3581
3019 3019
3231 3231
3580 3580
3932 3932
3169 3170
3189 3189
3265 3266
3152 3152
3631 3631
3328 3329
3148 3149
3808 3809
