2824 2825
3166 3166
4089 4089
3631 3631
3553 3553
4034 4034
3371 3372
3385 3386
3008 3009
3600 3600
2682 2682
4097 4097
3671 3672
3235 3236
3537 3537
3771 3772
3242 3243
2968 2968
4329 4330
3875 3875
3686 3686
3665 3666
3354 3355
3486 3486
3902 3903
3763 3763
3563 3563
3735 3736
3280 3280
3462 3462
3643 3644
3385 3386
3241 3242
4101 4101
3217 3218
3745 3746
3399 3400
3774 3774
2853 2853
3143 3143
2663 2663
3185 3186
3615 3615
2762 2763
3482 3482
2657 2658
3071 3071
3541 3541
3436 3437
3198 3198
3442 3443
3861 3861
3460 3461
3147 3147
3198 3199
3025 3026
3662 3662
3815 3815
3134 3135
3447 3448
3327 3328
3998 3999
3802 3802
3461 3462
3465 3466
3507 3507
3610 3610
3890 3890
3154 3154
3416 3416
3083 3083
3526 3527
3899 3899
3317 3318
3804 3805
4022 4023
3988 3988
3800 3800
4120 4121
3480 3481
3509 3510
3583 3584
3811 3811
3357 3358
2821 2821
4063 4063
3801 3801
4231 4232
3142 3142
4164 4164
2970 2971
4116 4117
4203 4203
2941 2942
3463 3464
3224 3225
3608 3608
2915 2915
3758 3759
3272 3273
3618 3618
3258 3259
3474 3474
3114 3114
3319 3320
2982 2982
3266 3266
2963 2963
3386 3387
3658 3658
3728 3729
3242 3243
3854 3855
3528 3529
3373 3374
3882 3883
3770 3770
3617 3617
3036 3036
3346 3346
3413 3413
3602 3603
3580 3581
3667 3668
3183 3184
3209 3209
3649 3649
3521 3521
3251 3251
3469 3469
3619 3619
2880 2880
3716 3716
3625 3626
3707 3707
3249 3249
3985 3985
3323 3323
3495 3496
3592 3592
3597 3598
3542 3543
3314 3314
3443 3443
3238 3238
3818 3818
3089 3090
3185 3185
3264 3265
3542 3542
