4024 4024
3473 3474
2764 2764
3372 3372
3353 3354
3655 3656
3089 3090
3215 3216
3474 3475
3227 3228
3285 3285
3505 3505
3510 3510
3309 3310
3933 3934
3519 3519
3610 3611
3782 3782
3375 3376
3340 3341
3226 3227
3733 3733
3277 3277
3749 3750
3823 3824
3788 3789
3632 3633
4044 4045
3901 3901
3341 3341
3872 3872
4076 4076
3884 3885
3908 3908
3063 3063
2980 2980
3905 3905
3671 3671
3914 3914
3754 3754
3985 3985
3423 3424
3518 3518
3811 3812
3644 3645
3891 3891
2899 2899
3372 3372
3153 3153
3099 3099
2998 2999
3636 3636
3683 3683
3259 3260
3415 3416
3494 3495
3307 3307
3507 3507
3656 3656
3440 3440
3896 3896
3333 3333
3893 3893
3566 3566
2850 2851
3586 3586
3635 3636
3466 3466
3125 3126
3398 3399
3516 3517
3832 3832
3307 3308
3451 3451
3064 3064
4032 4032
3479 3479
3389 3390
2962 2963
3297 3298
3759 3760
3412 3413
3209 3209
2917 2918
3337 3338
3281 3282
3262 3263
3220 3221
3860 3861
3316 3316
3438 3439
3400 3400
3866 3867
3163 3164
4139 4140
3403 3403
3276 3276
3369 3370
3035 3036
3349 3350
3320 3321
3494 3494
3908 3908
3640 3640
3784 3784
3380 3380
3815 3816
3340 3340
3335 3335
3517 3517
3625 3625
3271 3272
3569 3569
3674 3675
3587 3588
3334 3335
3416 3417
3198 3199
3213 3213
3568 3569
3020 3020
3879 3879
2995 2995
3513 3514
3486 3487
3818 3819
3853 3854
3054 3055
3019 3019
3667 3667
3186 3187
2973 2973
3189 3189
3534 3534
2696 2697
4105 4106
3635 3635
4332 4332
2964 2964
3077 3077
3470 3470
3446 3447
3229 3230
3996 3997
3933 3934
4089 4089
3129 3129
3701 3701
3777 3778
3587 3588
