3817 3817
3308 3308
3946 3946
3910 3911
2778 2778
3138 3138
3142 3143
3618 3618
3194 3195
4084 4084
3735 3735
3813 3813
3354 3355
3192 3192
3757 3757
3541 3541
3863 3864
3602 3602
3367 3367
3391 3391
3166 3167
3035 3036
2696 2697
3370 3371
3425 3425
3467 3467
3677 3678
3636 3637
3486 3487
3402 3403
3438 3438
3340 3341
3110 3110
3831 3831
2977 2978
3241 3242
3474 3474
4006 4007
3049 3049
3984 3984
3338 3339
3162 3163
3631 3632
4067 4068
3228 3228
3404 3405
3407 3408
3933 3934
3343 3343
3493 3494
4062 4062
3258 3258
3513 3514
3898 3898
3732 3732
3603 3604
3346 3347
3320 3321
3647 3647
3223 3224
3293 3293
3484 3484
2587 2587
3242 3242
2962 2962
3306 3306
3243 3244
2975 2975
3176 3177
3802 3803
2585 2585
3872 3873
3333 3333
4365 4366
3572 3573
3698 3698
3495 3495
3203 3203
4263 4264
3592 3592
3552 3552
3768 3769
3667 3668
3869 3869
3065 3065
3929 3929
3562 3563
3254 3255
3426 3426
3596 3596
3566 3567
3419 3419
2964 2964
3310 3310
3672 3673
3736 3737
3823 3824
2979 2980
2851 2851
4292 4292
3490 3491
3451 3451
3504 3504
3424 3424
3974 3974
3034 3034
3739 3740
3490 3491
3591 3592
3484 3485
2928 2928
3155 3156
3129 3130
3000 3000
3283 3283
3233 3233
2846 2847
3139 3139
3601 3602
3086 3086
3670 3671
3441 3441
3631 3631
3529 3530
3415 3415
3726 3727
3931 3932
3407 3408
4022 4023
3509 3509
3384 3385
3818 3819
3967 3967
3432 3433
3729 3729
2875 2876
3322 3322
3284 3284
3335 3335
3558 3558
3431 3432
3154 3155
3509 3509
3309 3309
3926 3926
3650 3650
3432 3432
3672 3672
3429 3430
3702 3702
