3332 3333
3467 3468
3412 3412
3720 3720
3746 3746
3282 3282
3793 3794
3775 3775
3307 3308
3479 3480
3560 3561
2907 2907
3423 3424
3249 3250
3232 3232
3181 3181
3021 3022
3612 3612
2999 2999
3860 3861
2941 2941
3953 3954
3789 3789
3329 3329
3938 3939
3192 3192
3464 3464
3485 3486
3800 3800
2861 2862
2924 2924
3632 3632
3487 3488
3534 3535
3545 3545
3313 3314
3760 3760
3227 3227
3473 3473
2996 2997
3575 3575
3793 3793
3820 3820
3301 3301
3125 3125
3989 3990
3226 3226
3216 3217
3330 3331
3452 3452
3567 3567
3840 3840
3496 3496
3380 3380
3523 3523
2916 2917
3124 3124
3615 3615
2511 2511
3845 3845
3293 3294
3452 3453
3235 3235
3760 3761
4003 4004
3487 3487
3916 3917
3228 3228
3279 3279
3373 3374
3931 3931
3391 3391
3406 3406
3688 3689
3808 3808
3305 3305
3355 3356
2996 2996
3287 3288
3473 3473
3692 3692
3430 3430
3882 3883
2802 2803
3694 3695
3311 3312
3455 3455
3498 3498
3406 3407
3310 3310
3634 3635
3351 3352
3008 3008
2787 2787
2925 2926
3432 3433
3147 3148
3734 3735
3379 3380
3076 3077
3007 3007
3081 3081
3338 3339
3176 3176
3222 3222
3870 3870
3179 3179
3434 3434
3457 3457
3776 3777
3799 3799
3104 3105
3664 3664
4029 4030
3407 3407
3858 3858
4122 4123
3993 3994
3698 3699
3129 3130
3588 3588
3802 3802
4011 4011
3698 3699
3376 3376
3451 3452
3752 3752
3604 3604
3681 3681
3088 3089
3858 3859
4042 4042
3882 3883
3220 3221
3358 3359
3621 3622
3425 3425
3349 3349
3706 3707
3936 3936
3459 3459
2744 2744
3698 3698
3661 3662
2730 2730
3408 3408
3327 3327
3695 3695
3328 3328
3337 3337
