3926 3926
3874 3875
4200 4201
3647 3648
2990 2990
2714 2715
3787 3788
3309 3309
3065 3066
3394 3395
3422 3422
2977 2977
3262 3262
3305 3306
3907 3908
3517 3517
3340 3340
3411 3411
3668 3669
3765 3766
3753 3754
3646 3647
3978 3979
3570 3570
3358 3359
3194 3195
3902 3902
3811 3811
2829 2830
3569 3569
3614 3614
3676 3677
3444 3444
3353 3354
3137 3138
3756 3757
3558 3559
3939 3939
3817 3818
3888 3888
3531 3531
3392 3392
3412 3412
3671 3672
3856 3857
2777 2777
3238 3238
4047 4048
3684 3684
2983 2984
3117 3117
3861 3862
3331 3332
3170 3170
3851 3852
3372 3372
3234 3234
3538 3538
3226 3226
3229 3229
3473 3474
3112 3112
3086 3086
3214 3215
3783 3784
3448 3449
3521 3521
3298 3298
3243 3243
3813 3814
3887 3888
3336 3337
3535 3535
3281 3281
3735 3736
3182 3183
3590 3590
3530 3531
3155 3155
3080 3080
3650 3650
3697 3697
3728 3728
3839 3840
3752 3753
3302 3302
3563 3564
3667 3667
3850 3850
3909 3909
3528 3529
3143 3143
3820 3820
3236 3237
3846 3846
3854 3854
3671 3671
3269 3269
3278 3279
3196 3196
3085 3086
4060 4060
3820 3821
3264 3264
3079 3080
3566 3566
3688 3689
3677 3678
3094 3094
3152 3152
4054 4054
3938 3938
3432 3433
3437 3437
3302 3303
3256 3257
3515 3515
3846 3846
3929 3929
3518 3519
3590 3590
3384 3385
3705 3706
3556 3556
3583 3584
3769 3770
3119 3119
3012 3012
3526 3527
3335 3335
4235 4236
3668 3669
3557 3558
3326 3327
3457 3457
3132 3133
3462 3462
3950 3951
3522 3523
3675 3676
3412 3412
3708 3709
3726 3727
3298 3299
3635 3635
3221 3221
2976 2976
3791 3791
3667 3667
3591 3591
