3538 3538
3954 3954
3567 3567
3037 3037
3156 3157
3836 3837
3495 3496
3471 3472
3856 3857
3506 3506
3637 3638
3200 3200
3358 3359
3804 3805
3283 3283
4084 4085
3275 3276
2492 2493
3699 3700
3630 3631
3697 3698
3937 3938
3276 3276
3862 3863
3423 3423
2862 2862
3537 3538
3646 3647
3452 3453
3956 3957
3093 3093
3468 3469
3623 3623
3780 3780
3508 3509
3833 3833
3799 3799
3963 3964
3403 3403
3097 3098
3037 3038
3473 3473
3737 3738
3207 3207
4081 4082
3379 3380
2919 2919
3180 3180
3562 3562
3283 3283
3941 3942
3530 3531
3690 3690
3674 3674
4028 4029
3555 3556
3967 3968
3746 3746
3330 3330
3455 3456
3171 3172
3930 3931
3808 3809
3761 3762
3992 3993
3852 3853
3692 3692
2895 2896
3140 3141
3748 3749
3442 3442
3861 3862
3577 3578
3387 3387
3657 3658
3366 3367
3544 3544
3722 3723
4564 4565
3241 3242
3144 3144
3520 3520
3083 3084
3448 3448
3286 3287
3196 3196
4012 4013
3697 3697
4094 4094
3170 3170
4159 4160
3287 3287
3535 3535
3261 3261
3455 3456
3687 3687
3144 3144
3185 3186
3452 3452
3324 3325
3973 3973
4020 4021
3609 3609
3896 3896
4002 4003
3613 3614
3247 3248
3716 3716
3016 3017
3504 3504
3685 3685
3219 3220
3162 3163
3268 3269
3941 3942
3710 3710
3670 3671
3085 3086
3647 3647
3139 3139
3680 3680
3451 3451
3785 3786
3904 3905
3217 3217
3698 3699
3552 3553
3441 3442
3340 3340
3265 3266
3220 3220
3374 3374
4089 4089
3166 3166
3112 3113
3299 3299
3864 3865
3668 3668
3395 3396
3588 3588
3340 3341
3242 3243
3010 3010
3424 3424
3380 3380
3835 3835
3409 3409
3617 3617
3513 3514
4071 4071
