3172 3173
3906 3906
3536 3537
3748 3749
3422 3423
3750 3751
3012 3013
3286 3287
3242 3242
3718 3719
3806 3806
3448 3449
3549 3550
3595 3595
3434 3435
3536 3537
3604 3605
3532 3532
3177 3177
3044 3044
3302 3302
3565 3566
3798 3798
3405 3405
3914 3914
3290 3290
3438 3438
3784 3784
3288 3289
3387 3388
3365 3365
3496 3496
3903 3904
3474 3474
3663 3663
3774 3774
2930 2930
3401 3402
3468 3469
3393 3393
2986 2987
3690 3690
4163 4163
3479 3480
3527 3528
3870 3871
3414 3415
3918 3918
3197 3198
3946 3947
3458 3459
3773 3774
4244 4244
3563 3564
3935 3935
3638 3639
3551 3551
3688 3688
3133 3133
3387 3387
3555 3556
3005 3006
3510 3510
3137 3137
3694 3694
3594 3595
4001 4002
3231 3232
3816 3817
3657 3658
3918 3919
3536 3536
3659 3659
3187 3188
3076 3076
3759 3760
3624 3625
3735 3735
3860 3860
3258 3259
3822 3822
3502 3502
3782 3782
3676 3677
3418 3419
3361 3361
3579 3580
3618 3619
3552 3552
3109 3110
3503 3504
3505 3505
3307 3307
3214 3215
3274 3275
2860 2860
3555 3555
3300 3300
3051 3052
4156 4157
2987 2988
3218 3219
3469 3469
3519 3519
3709 3710
3286 3287
3329 3329
3489 3489
3772 3773
3273 3274
3702 3702
3754 3755
3537 3538
4117 4117
3911 3911
3648 3648
3153 3153
3649 3650
3655 3655
3410 3411
3269 3270
3587 3587
3123 3123
3675 3676
3390 3390
3152 3153
3952 3952
4086 4087
4122 4123
3843 3844
3276 3276
3491 3491
3842 3842
3669 3669
3301 3301
2991 2991
4035 4035
3878 3879
3489 3490
3190 3191
3889 3889
3078 3078
3623 3623
3794 3795
3160 3160
3568 3569
3230 3231
3121 3122
4038 4039
4295 4296
