4123 4123
3436 3437
3346 3347
3263 3264
3876 3876
3335 3335
2971 2971
3590 3591
3377 3378
3876 3877
2953 2954
3620 3621
3647 3647
2888 2888
3251 3251
3316 3317
3711 3712
3219 3220
3263 3263
3499 3499
3225 3226
4112 4113
3495 3495
3753 3754
3726 3727
3043 3044
3637 3638
3265 3265
3387 3387
3591 3592
3512 3512
3467 3468
3637 3637
3562 3563
2740 2740
3266 3267
3273 3274
3363 3364
3037 3037
3584 3584
4096 4097
4013 4013
3154 3154
4198 4199
3977 3978
3682 3682
4016 4016
3592 3593
3168 3169
3457 3458
3313 3313
3058 3059
3772 3773
4137 4137
3339 3339
3076 3077
3830 3830
3595 3596
3361 3361
3857 3858
3576 3576
4071 4071
3838 3838
3579 3580
3354 3355
4064 4064
3269 3270
3334 3334
3367 3368
3271 3271
3433 3434
2955 2955
3722 3723
3044 3045
3459 3460
3669 3670
3069 3070
3085 3086
3128 3129
3417 3418
3466 3466
3918 3918
3578 3578
3389 3389
3457 3457
3175 3176
3131 3132
3642 3643
3342 3342
3019 3019
3325 3326
3890 3890
3485 3485
3224 3224
3423 3424
3503 3503
3344 3344
3569 3569
3195 3195
3351 3351
4053 4053
3129 3130
3595 3596
3629 3630
3626 3627
3577 3578
3146 3147
3480 3480
3105 3106
3077 3077
3221 3221
3677 3677
3581 3581
3142 3142
3656 3657
3116 3117
3827 3828
3605 3606
3408 3408
3752 3753
3797 3797
3694 3694
3582 3583
3249 3249
2950 2950
3353 3353
3730 3731
3320 3321
3562 3563
3909 3910
3489 3489
3564 3565
3004 3004
4577 4578
3896 3897
3767 3768
3277 3277
3060 3060
3591 3592
3701 3701
3905 3905
3899 3899
3392 3392
3523 3523
3640 3641
3492 3493
3321 3322
3436 3436
3504 3505
3465 3466
