3388 3389
3348 3349
3610 3610
3617 3617
3552 3552
3118 3118
3737 3737
3193 3193
3417 3417
3474 3474
3115 3116
2809 2809
3257 3257
3862 3862
3636 3636
3613 3613
3172 3172
3613 3614
3557 3557
3509 3509
4272 4272
3487 3487
3115 3116
3146 3147
4025 4026
3368 3369
3089 3090
3551 3552
3536 3536
3890 3891
3906 3907
3521 3522
3398 3399
2988 2988
3719 3719
2886 2886
3475 3476
3180 3180
3222 3223
3093 3094
3900 3900
3114 3115
2927 2927
3303 3304
3515 3516
2627 2627
3246 3246
3161 3162
3829 3830
3777 3777
3513 3514
3978 3979
3567 3568
3830 3830
3547 3548
3505 3505
3350 3351
3500 3500
3957 3957
3655 3655
3698 3699
3860 3860
3235 3235
3577 3578
3179 3180
3251 3251
3567 3568
3675 3676
3967 3967
3334 3335
3107 3107
2912 2912
3809 3809
3874 3874
3489 3490
3791 3791
3729 3729
3265 3265
3799 3800
3261 3261
3205 3205
3622 3623
3482 3483
3034 3034
3555 3556
3658 3659
3904 3904
3318 3319
3446 3447
2897 2897
3504 3504
3373 3374
3524 3524
3788 3788
3598 3599
3495 3495
3709 3709
3377 3378
3261 3261
3305 3305
3309 3309
3383 3384
3718 3718
3647 3647
3391 3392
3912 3913
4005 4006
3523 3524
4416 4417
4051 4051
3527 3528
3579 3579
3467 3468
3599 3599
3814 3814
3537 3537
3201 3202
3062 3062
3204 3204
3150 3150
3430 3430
3701 3701
3748 3748
4123 4123
3814 3815
3472 3472
3809 3809
3039 3040
3005 3006
3406 3406
3451 3451
3401 3401
3188 3188
3347 3348
3945 3945
3856 3856
3534 3534
3483 3484
3038 3039
2683 2684
3803 3803
2882 2882
4026 4026
3401 3402
3616 3616
3609 3610
2987 2988
3265 3265
3910 3911
3592 3593
