2993 2993
3413 3413
3245 3245
4325 4325
3973 3974
3660 3661
4027 4027
4003 4004
3737 3738
2837 2837
3407 3407
2705 2706
2638 2639
3659 3660
3841 3842
3228 3228
3224 3224
3473 3473
3312 3312
3397 3397
3509 3509
3199 3199
3410 3411
3221 3221
3066 3066
3629 3630
3734 3734
3711 3712
3473 3473
3097 3097
3385 3385
3453 3454
2989 2990
3283 3284
2923 2924
3387 3388
3888 3888
3674 3674
2890 2891
4041 4042
3991 3991
3308 3309
3616 3617
3304 3304
3495 3495
4147 4147
3226 3227
3231 3231
3116 3117
3574 3575
3024 3024
3859 3859
3146 3147
3489 3489
3372 3373
3732 3732
3204 3204
3776 3777
3676 3677
3446 3447
3372 3372
2912 2912
3359 3360
3029 3029
3411 3411
3136 3137
3417 3418
3165 3165
3596 3596
3426 3426
3300 3300
3290 3290
3782 3782
3826 3826
3275 3275
3746 3747
3965 3965
3633 3634
3481 3481
3364 3364
3117 3117
3877 3877
3580 3581
3502 3502
3735 3736
2774 2775
3562 3563
3615 3615
3737 3737
3551 3551
3139 3140
3411 3412
3092 3092
3412 3413
3427 3427
3892 3892
3349 3350
3739 3740
3772 3772
4062 4063
3435 3436
3326 3327
3818 3819
4005 4005
3268 3268
3649 3650
3787 3787
3671 3672
3211 3212
3551 3551
3194 3194
3917 3918
3523 3523
3586 3586
3504 3504
3930 3930
3372 3373
3777 3778
3587 3588
4125 4126
3143 3144
3315 3315
3603 3604
3729 3730
3517 3517
3536 3537
3614 3615
3283 3284
3615 3615
3320 3321
4114 4114
3672 3672
3444 3444
3445 3445
3769 3770
3876 3876
3939 3940
3570 3571
3484 3484
3423 3423
3415 3416
3211 3212
3677 3678
3952 3953
3360 3360
2932 2932
3238 3239
3305 3306
2860 2860
3068 3069
