3710 3710
3383 3383
3342 3342
3365 3365
3016 3016
3500 3501
3212 3213
3126 3127
3769 3770
3004 3005
3344 3344
3279 3280
3509 3509
3537 3538
4146 4147
3142 3143
3799 3800
3767 3768
3702 3702
3321 3322
3107 3108
3876 3877
3810 3810
4059 4060
3191 3192
3770 3770
3349 3349
3373 3374
3573 3574
3547 3547
3080 3080
3739 3740
3643 3644
3259 3259
3462 3463
3739 3740
3589 3589
3728 3728
3332 3333
3313 3314
3730 3730
3389 3389
3503 3504
3806 3807
3432 3433
3764 3764
2573 2574
3430 3431
2577 2578
3335 3336
3473 3474
3960 3960
3104 3105
4034 4035
3723 3724
3149 3150
3581 3582
3139 3139
3776 3777
3250 3250
3263 3264
3872 3872
3569 3569
3079 3079
3482 3483
3912 3913
4283 4284
3203 3204
3722 3723
3608 3609
3316 3316
3143 3143
3892 3893
4063 4064
3009 3010
3891 3891
2992 2992
3426 3427
3186 3187
3178 3178
3167 3167
3029 3030
3559 3560
3905 3905
3474 3475
3620 3620
3689 3689
3986 3987
3316 3316
3464 3465
3341 3342
3458 3459
3641 3642
3829 3829
3774 3775
3777 3778
3213 3214
3123 3123
3697 3698
2672 2673
3657 3658
3290 3291
3050 3050
3494 3495
3174 3175
3715 3715
3573 3574
3162 3163
3439 3439
3862 3862
3404 3405
3928 3929
2930 2931
3321 3322
3397 3397
3750 3751
3451 3452
4071 4072
3665 3665
3218 3218
3078 3079
3502 3503
3840 3841
4104 4104
3484 3484
3312 3313
3356 3356
3922 3923
3526 3526
3146 3146
3803 3803
3253 3253
3519 3520
3378 3379
4087 4088
3489 3490
2573 2574
3346 3347
3185 3185
3220 3221
3920 3921
3557 3558
4155 4156
3804 3804
3685 3686
3538 3539
4145 4145
3291 3291
3870 3871
3522 3523
