3383 3383
3331 3331
3578 3578
3582 3583
3867 3868
3397 3398
3471 3471
3418 3418
3247 3248
3245 3246
3883 3884
3700 3700
3023 3024
3587 3588
3334 3335
2950 2951
3742 3743
3148 3148
3071 3072
3079 3079
2888 2888
3827 3827
4134 4134
3428 3429
3289 3289
3162 3163
3473 3474
3631 3632
3204 3205
3305 3305
3385 3386
3777 3777
3372 3373
3488 3489
3536 3537
2459 2459
3443 3444
3141 3141
3119 3119
3526 3526
3443 3443
3469 3470
3054 3055
3169 3170
3899 3899
3413 3413
3175 3176
3243 3244
3735 3735
3897 3897
3609 3610
3484 3484
2558 2559
3724 3724
3235 3236
3292 3293
2777 2777
3784 3785
3224 3224
3784 3784
3408 3408
3633 3633
3228 3228
3781 3782
3433 3433
3569 3570
3506 3506
3340 3340
3821 3822
2853 2853
3844 3844
3880 3880
3861 3861
3425 3425
3205 3205
3636 3636
3482 3483
3791 3792
3438 3439
3638 3638
2863 2864
3643 3644
3051 3052
3560 3561
3661 3662
3494 3495
3642 3642
3352 3353
3788 3788
3830 3830
3843 3843
3212 3212
3631 3632
3664 3665
2973 2973
4151 4151
3644 3645
3034 3035
3949 3949
3425 3425
4050 4051
3519 3520
3265 3266
2855 2855
3152 3153
3711 3711
3090 3090
3627 3628
3664 3664
3808 3808
3590 3590
3724 3725
3689 3690
3360 3361
3247 3247
3347 3348
2827 2828
2875 2875
3874 3875
3600 3600
3495 3496
3587 3588
4050 4050
3355 3356
3302 3302
3324 3324
3853 3854
4015 4016
3466 3467
4426 4427
3889 3890
3753 3753
3689 3689
3602 3603
3600 3600
3453 3453
3349 3350
3503 3503
2902 2902
3552 3553
3602 3603
3466 3467
3372 3372
4038 4039
3333 3334
3771 3771
4465 4466
3153 3154
3840 3841
3263 3264
